#
# There is insufficient memory for the Java Runtime Environment to continue.
# Native memory allocation (mmap) failed to map 164626432 bytes for Failed to commit area from 0x00000000cef00000 to 0x00000000d8c00000 of length 164626432.
# Possible reasons:
#   The system is out of physical RAM or swap space
#   The process is running with CompressedOops enabled, and the Java Heap may be blocking the growth of the native heap
# Possible solutions:
#   Reduce memory load on the system
#   Increase physical memory or swap space
#   Check if swap backing store is full
#   Decrease Java heap size (-Xmx/-Xms)
#   Decrease number of Java threads
#   Decrease Java thread stack sizes (-Xss)
#   Set larger code cache with -XX:ReservedCodeCacheSize=
#   JVM is running with Unscaled Compressed Oops mode in which the Java heap is
#     placed in the first 4GB address space. The Java Heap base address is the
#     maximum limit for the native heap growth. Please use -XX:HeapBaseMinAddress
#     to set the Java Heap base and to place the Java Heap above 4GB virtual address.
# This output file may be truncated or incomplete.
#
#  Out of Memory Error (./src/hotspot/os/windows/os_windows.cpp:3386), pid=23144, tid=23312
#
# JRE version: OpenJDK Runtime Environment Microsoft-40648 (11.0.16.1+1) (build 11.0.16.1+1-LTS)
# Java VM: OpenJDK 64-Bit Server VM Microsoft-40648 (11.0.16.1+1-LTS, mixed mode, tiered, compressed oops, g1 gc, windows-amd64)
# No core dump will be written. Minidumps are not enabled by default on client versions of Windows
#

---------------  S U M M A R Y ------------

Command Line: -Xmx1G com.android.tools.r8.D8 --debug --min-api 21 --output obj\Debug\130\android\bin\ --lib C:\Program Files (x86)\Android\android-sdk\platforms\android-33\android.jar obj\Debug\130\android\bin\classes.zip D:\Visual Studio IDE\Common7\IDE\ReferenceAssemblies\Microsoft\Framework\MonoAndroid\v13.0\mono.android.jar D:\Visual Studio IDE\MSBuild\Xamarin\Android\java_runtime_fastdev.jar C:\Users\dinco\.nuget\packages\xamarin.androidx.annotation\1.2.0.1\buildTransitive\monoandroid90\..\..\jar\androidx.annotation.annotation.jar C:\Users\dinco\.nuget\packages\xamarin.androidx.collection\1.1.0.8\buildTransitive\monoandroid90\..\..\jar\androidx.collection.collection.jar C:\Users\dinco\.nuget\packages\xamarin.androidx.lifecycle.common\2.3.1.1\buildTransitive\monoandroid90\..\..\jar\androidx.lifecycle.lifecycle-common.jar C:\Users\dinco\.nuget\packages\xamarin.androidx.arch.core.common\2.1.0.9\buildTransitive\monoandroid90\..\..\jar\androidx.arch.core.core-common.jar C:\Users\dinco\.nuget\packages\xamarin.androidx.constraintlayout.core\1.0.0\buildTransitive\monoandroid90\..\..\jar\androidx.constraintlayout.constraintlayout-core.jar C:\Users\dinco\.nuget\packages\xamarin.androidx.concurrent.futures\1.1.0.3\buildTransitive\monoandroid90\..\..\jar\androidx.concurrent.concurrent-futures.jar obj\Debug\130\androidx\jl\b672d36c-4006-48c0-ab82-c507db742aeb.jar obj\Debug\130\lp\0\jl\formsviewgroup.jar obj\Debug\130\lp\100\jl\classes.jar obj\Debug\130\lp\101\jl\classes.jar obj\Debug\130\lp\102\jl\classes.jar obj\Debug\130\lp\103\jl\classes.jar obj\Debug\130\lp\104\jl\classes.jar obj\Debug\130\lp\105\jl\classes.jar obj\Debug\130\lp\106\jl\classes.jar obj\Debug\130\lp\108\jl\classes.jar obj\Debug\130\lp\63\jl\classes.jar obj\Debug\130\lp\64\jl\classes.jar obj\Debug\130\lp\65\jl\classes.jar obj\Debug\130\lp\66\jl\classes.jar obj\Debug\130\lp\67\jl\classes.jar obj\Debug\130\lp\68\jl\classes.jar obj\Debug\130\lp\69\jl\classes.jar obj\Debug\130\lp\70\jl\classes.jar obj\Debug\130\lp\71\jl\classes.jar obj\Debug\130\lp\72\jl\classes.jar obj\Debug\130\lp\73\jl\classes.jar obj\Debug\130\lp\74\jl\classes.jar obj\Debug\130\lp\75\jl\classes.jar obj\Debug\130\lp\76\jl\classes.jar obj\Debug\130\lp\77\jl\classes.jar obj\Debug\130\lp\78\jl\classes.jar obj\Debug\130\lp\79\jl\classes.jar obj\Debug\130\lp\80\jl\classes.jar obj\Debug\130\lp\81\jl\classes.jar obj\Debug\130\lp\82\jl\classes.jar obj\Debug\130\lp\83\jl\classes.jar obj\Debug\130\lp\84\jl\classes.jar obj\Debug\130\lp\85\jl\classes.jar obj\Debug\130\lp\86\jl\classes.jar obj\Debug\130\lp\87\jl\classes.jar obj\Debug\130\lp\88\jl\classes.jar obj\Debug\130\lp\89\jl\classes.jar obj\Debug\130\lp\90\jl\classes.jar obj\Debug\130\lp\91\jl\classes.jar obj\Debug\130\lp\92\jl\classes.jar obj\Debug\130\lp\93\jl\classes.jar obj\Debug\130\lp\94\jl\classes.jar obj\Debug\130\lp\95\jl\classes.jar obj\Debug\130\lp\96\jl\classes.jar obj\Debug\130\lp\97\jl\classes.jar obj\Debug\130\lp\98\jl\classes.jar obj\Debug\130\lp\99\jl\classes.jar

Host: AMD Ryzen 7 3750H with Radeon Vega Mobile Gfx  , 8 cores, 5G,  Windows 10 , 64 bit Build 19041 (10.0.19041.3031)
Time: Sun Jul  2 06:01:09 2023 GTB Daylight Time elapsed time: 3.190001 seconds (0d 0h 0m 3s)

---------------  T H R E A D  ---------------

Current thread (0x0000019873135000):  VMThread "VM Thread" [stack: 0x00000028c8000000,0x00000028c8100000] [id=23312]

Stack: [0x00000028c8000000,0x00000028c8100000]
[error occurred during error reporting (printing stack bounds), id 0xc0000005, EXCEPTION_ACCESS_VIOLATION (0xc0000005) at pc=0x000001985edf112d]

Native frames: (J=compiled Java code, j=interpreted, Vv=VM code, C=native code)
V  [jvm.dll+0x62652a]
V  [jvm.dll+0x7b3249]
V  [jvm.dll+0x7b4938]
V  [jvm.dll+0x7b4f75]
V  [jvm.dll+0x7b4f2b]
V  [jvm.dll+0x6258b7]
V  [jvm.dll+0x625fc8]
C  [ntdll.dll+0xa247f]
C  [ntdll.dll+0x514f4]
C  [ntdll.dll+0xa0f8e]
C  0x000001985edf112d

VM_Operation (0x00000028c90fdb10): G1CollectForAllocation, mode: safepoint, requested by thread 0x0000019873fae800


---------------  P R O C E S S  ---------------

Threads class SMR info:
_java_thread_list=0x00000198748d2b60, length=15, elements={
0x0000019856691800, 0x0000019873146800, 0x000001987313d800, 0x000001987314e000,
0x000001987314f800, 0x0000019873150800, 0x0000019873aa3800, 0x0000019873aa6000,
0x0000019873aa8000, 0x0000019873c3c800, 0x0000019873fac000, 0x0000019873fad000,
0x0000019873fae000, 0x0000019873fae800, 0x0000019874281000
}

Java Threads: ( => current thread )
  0x0000019856691800 JavaThread "main" [_thread_blocked, id=41200, stack(0x00000028c7a00000,0x00000028c7b00000)]
  0x0000019873146800 JavaThread "Reference Handler" daemon [_thread_blocked, id=41788, stack(0x00000028c8100000,0x00000028c8200000)]
  0x000001987313d800 JavaThread "Finalizer" daemon [_thread_blocked, id=15092, stack(0x00000028c8200000,0x00000028c8300000)]
  0x000001987314e000 JavaThread "Signal Dispatcher" daemon [_thread_blocked, id=30212, stack(0x00000028c8300000,0x00000028c8400000)]
  0x000001987314f800 JavaThread "Attach Listener" daemon [_thread_blocked, id=27364, stack(0x00000028c8400000,0x00000028c8500000)]
  0x0000019873150800 JavaThread "Service Thread" daemon [_thread_blocked, id=8228, stack(0x00000028c8500000,0x00000028c8600000)]
  0x0000019873aa3800 JavaThread "C2 CompilerThread0" daemon [_thread_blocked, id=28676, stack(0x00000028c8600000,0x00000028c8700000)]
  0x0000019873aa6000 JavaThread "C1 CompilerThread0" daemon [_thread_blocked, id=28660, stack(0x00000028c8700000,0x00000028c8800000)]
  0x0000019873aa8000 JavaThread "Sweeper thread" daemon [_thread_blocked, id=33876, stack(0x00000028c8800000,0x00000028c8900000)]
  0x0000019873c3c800 JavaThread "Common-Cleaner" daemon [_thread_blocked, id=41640, stack(0x00000028c8a00000,0x00000028c8b00000)]
  0x0000019873fac000 JavaThread "ForkJoinPool-1-worker-3" daemon [_thread_blocked, id=34856, stack(0x00000028c8b00000,0x00000028c8c00000)]
  0x0000019873fad000 JavaThread "ForkJoinPool-1-worker-5" daemon [_thread_blocked, id=7616, stack(0x00000028c8e00000,0x00000028c8f00000)]
  0x0000019873fae000 JavaThread "ForkJoinPool-1-worker-7" daemon [_thread_blocked, id=13880, stack(0x00000028c8f00000,0x00000028c9000000)]
  0x0000019873fae800 JavaThread "ForkJoinPool-1-worker-1" daemon [_thread_blocked, id=32736, stack(0x00000028c9000000,0x00000028c9100000)]
  0x0000019874281000 JavaThread "C2 CompilerThread1" daemon [_thread_in_native, id=39864, stack(0x00000028c9100000,0x00000028c9200000)]

Other Threads:
=>0x0000019873135000 VMThread "VM Thread" [stack: 0x00000028c8000000,0x00000028c8100000] [id=23312]
  0x0000019873c2e000 WatcherThread [stack: 0x00000028c8900000,0x00000028c8a00000] [id=24292]
  0x00000198566aa800 GCTaskThread "GC Thread#0" [stack: 0x00000028c7b00000,0x00000028c7c00000] [id=11656]
  0x00000198744af000 GCTaskThread "GC Thread#1" [stack: 0x00000028c8c00000,0x00000028c8d00000] [id=30876]
  0x0000019875588800 GCTaskThread "GC Thread#2" [stack: 0x00000028c9700000,0x00000028c9800000] [id=18808]
  0x0000019874dbb000 GCTaskThread "GC Thread#3" [stack: 0x00000028c9800000,0x00000028c9900000] [id=21976]
  0x000001987423e000 GCTaskThread "GC Thread#4" [stack: 0x00000028c9900000,0x00000028c9a00000] [id=24736]
  0x00000198566c7000 ConcurrentGCThread "G1 Main Marker" [stack: 0x00000028c7c00000,0x00000028c7d00000] [id=8332]
  0x00000198566c9800 ConcurrentGCThread "G1 Conc#0" [stack: 0x00000028c7d00000,0x00000028c7e00000] [id=1444]
  0x00000198749ba000 ConcurrentGCThread "G1 Conc#1" [stack: 0x00000028c9600000,0x00000028c9700000] [id=24056]
  0x000001985674f000 ConcurrentGCThread "G1 Refine#0" [stack: 0x00000028c7e00000,0x00000028c7f00000] [id=9552]
  0x0000019873d90800 ConcurrentGCThread "G1 Refine#1" [stack: 0x00000028c8d00000,0x00000028c8e00000] [id=7768]
  0x0000019874e8e800 ConcurrentGCThread "G1 Refine#2" [stack: 0x00000028c9200000,0x00000028c9300000] [id=7000]
  0x0000019874914000 ConcurrentGCThread "G1 Refine#3" [stack: 0x00000028c9300000,0x00000028c9400000] [id=39188]
  0x0000019874e8d800 ConcurrentGCThread "G1 Refine#4" [stack: 0x00000028c9400000,0x00000028c9500000] [id=19016]
  0x0000019874b67800 ConcurrentGCThread "G1 Refine#5" [stack: 0x00000028c9500000,0x00000028c9600000] [id=23408]
  0x0000019856750000 ConcurrentGCThread "G1 Young RemSet Sampling" [stack: 0x00000028c7f00000,0x00000028c8000000] [id=2264]

Threads with active compile tasks:
C2 CompilerThread0     3211 2244       4       com.android.tools.r8.internal.eR::a (158 bytes)
C2 CompilerThread1     3211 1843 %     4       com.android.tools.r8.internal.Pa::a @ 2683 (6176 bytes)

VM state:at safepoint (normal execution)

VM Mutex/Monitor currently owned by a thread:  ([mutex/lock_event])
[0x000001985668d7c0] Threads_lock - owner thread: 0x0000019873135000
[0x000001985668ec00] Heap_lock - owner thread: 0x0000019873fae800

Heap address: 0x00000000c0000000, size: 1024 MB, Compressed Oops mode: 32-bit
Narrow klass base: 0x0000000000000000, Narrow klass shift: 3
Compressed class space size: 1073741824 Address: 0x0000000100000000

Heap:
 garbage-first heap   total 405504K, used 117714K [0x00000000c0000000, 0x0000000100000000)
  region size 1024K, 10 young (10240K), 10 survivors (10240K)
 Metaspace       used 16746K, capacity 17091K, committed 17280K, reserved 1064960K
  class space    used 1714K, capacity 1867K, committed 1920K, reserved 1048576K
Heap Regions: E=young(eden), S=young(survivor), O=old, HS=humongous(starts), HC=humongous(continues), CS=collection set, F=free, A=archive, TAMS=top-at-mark-start (previous, next)
|   0|0x00000000c0000000, 0x00000000c0100000, 0x00000000c0100000|100%| O|  |TAMS 0x00000000c0100000, 0x00000000c0000000| Untracked 
|   1|0x00000000c0100000, 0x00000000c0200000, 0x00000000c0200000|100%| O|  |TAMS 0x00000000c0200000, 0x00000000c0100000| Untracked 
|   2|0x00000000c0200000, 0x00000000c0300000, 0x00000000c0300000|100%| O|  |TAMS 0x00000000c0300000, 0x00000000c0200000| Untracked 
|   3|0x00000000c0300000, 0x00000000c0400000, 0x00000000c0400000|100%| O|  |TAMS 0x00000000c0400000, 0x00000000c0300000| Untracked 
|   4|0x00000000c0400000, 0x00000000c0500000, 0x00000000c0500000|100%| O|  |TAMS 0x00000000c0500000, 0x00000000c0400000| Untracked 
|   5|0x00000000c0500000, 0x00000000c0600000, 0x00000000c0600000|100%| O|  |TAMS 0x00000000c0600000, 0x00000000c0500000| Untracked 
|   6|0x00000000c0600000, 0x00000000c0700000, 0x00000000c0700000|100%|HS|  |TAMS 0x00000000c0700000, 0x00000000c0600000| Complete 
|   7|0x00000000c0700000, 0x00000000c0800000, 0x00000000c0800000|100%|HC|  |TAMS 0x00000000c0800000, 0x00000000c0700000| Complete 
|   8|0x00000000c0800000, 0x00000000c0900000, 0x00000000c0900000|100%| O|  |TAMS 0x00000000c0900000, 0x00000000c0800000| Untracked 
|   9|0x00000000c0900000, 0x00000000c0a00000, 0x00000000c0a00000|100%| O|  |TAMS 0x00000000c0a00000, 0x00000000c0900000| Untracked 
|  10|0x00000000c0a00000, 0x00000000c0b00000, 0x00000000c0b00000|100%| O|  |TAMS 0x00000000c0b00000, 0x00000000c0a00000| Untracked 
|  11|0x00000000c0b00000, 0x00000000c0c00000, 0x00000000c0c00000|100%| O|  |TAMS 0x00000000c0c00000, 0x00000000c0b00000| Untracked 
|  12|0x00000000c0c00000, 0x00000000c0d00000, 0x00000000c0d00000|100%| O|  |TAMS 0x00000000c0d00000, 0x00000000c0c00000| Untracked 
|  13|0x00000000c0d00000, 0x00000000c0e00000, 0x00000000c0e00000|100%| O|  |TAMS 0x00000000c0e00000, 0x00000000c0d00000| Untracked 
|  14|0x00000000c0e00000, 0x00000000c0f00000, 0x00000000c0f00000|100%| O|  |TAMS 0x00000000c0f00000, 0x00000000c0e00000| Untracked 
|  15|0x00000000c0f00000, 0x00000000c1000000, 0x00000000c1000000|100%| O|  |TAMS 0x00000000c1000000, 0x00000000c0f00000| Untracked 
|  16|0x00000000c1000000, 0x00000000c1100000, 0x00000000c1100000|100%| O|  |TAMS 0x00000000c1100000, 0x00000000c1000000| Untracked 
|  17|0x00000000c1100000, 0x00000000c1200000, 0x00000000c1200000|100%| O|  |TAMS 0x00000000c1200000, 0x00000000c1100000| Untracked 
|  18|0x00000000c1200000, 0x00000000c1300000, 0x00000000c1300000|100%| O|  |TAMS 0x00000000c1300000, 0x00000000c1200000| Untracked 
|  19|0x00000000c1300000, 0x00000000c1400000, 0x00000000c1400000|100%| O|  |TAMS 0x00000000c1400000, 0x00000000c1300000| Untracked 
|  20|0x00000000c1400000, 0x00000000c1500000, 0x00000000c1500000|100%| O|  |TAMS 0x00000000c1500000, 0x00000000c1400000| Untracked 
|  21|0x00000000c1500000, 0x00000000c1600000, 0x00000000c1600000|100%| O|  |TAMS 0x00000000c1600000, 0x00000000c1500000| Untracked 
|  22|0x00000000c1600000, 0x00000000c1700000, 0x00000000c1700000|100%| O|  |TAMS 0x00000000c1700000, 0x00000000c1600000| Untracked 
|  23|0x00000000c1700000, 0x00000000c1800000, 0x00000000c1800000|100%| O|  |TAMS 0x00000000c1800000, 0x00000000c1700000| Untracked 
|  24|0x00000000c1800000, 0x00000000c1900000, 0x00000000c1900000|100%| O|  |TAMS 0x00000000c1900000, 0x00000000c1800000| Untracked 
|  25|0x00000000c1900000, 0x00000000c1a00000, 0x00000000c1a00000|100%| O|  |TAMS 0x00000000c1a00000, 0x00000000c1900000| Untracked 
|  26|0x00000000c1a00000, 0x00000000c1b00000, 0x00000000c1b00000|100%| O|  |TAMS 0x00000000c1b00000, 0x00000000c1a00000| Untracked 
|  27|0x00000000c1b00000, 0x00000000c1c00000, 0x00000000c1c00000|100%| O|  |TAMS 0x00000000c1c00000, 0x00000000c1b00000| Untracked 
|  28|0x00000000c1c00000, 0x00000000c1d00000, 0x00000000c1d00000|100%| O|  |TAMS 0x00000000c1d00000, 0x00000000c1c00000| Untracked 
|  29|0x00000000c1d00000, 0x00000000c1e00000, 0x00000000c1e00000|100%| O|  |TAMS 0x00000000c1e00000, 0x00000000c1d00000| Untracked 
|  30|0x00000000c1e00000, 0x00000000c1f00000, 0x00000000c1f00000|100%| O|  |TAMS 0x00000000c1f00000, 0x00000000c1e00000| Untracked 
|  31|0x00000000c1f00000, 0x00000000c2000000, 0x00000000c2000000|100%| O|  |TAMS 0x00000000c2000000, 0x00000000c1f00000| Untracked 
|  32|0x00000000c2000000, 0x00000000c2100000, 0x00000000c2100000|100%| O|  |TAMS 0x00000000c2100000, 0x00000000c2000000| Untracked 
|  33|0x00000000c2100000, 0x00000000c2200000, 0x00000000c2200000|100%| O|  |TAMS 0x00000000c2200000, 0x00000000c2100000| Untracked 
|  34|0x00000000c2200000, 0x00000000c2300000, 0x00000000c2300000|100%| O|  |TAMS 0x00000000c2300000, 0x00000000c2200000| Untracked 
|  35|0x00000000c2300000, 0x00000000c2400000, 0x00000000c2400000|100%| O|  |TAMS 0x00000000c2400000, 0x00000000c2300000| Untracked 
|  36|0x00000000c2400000, 0x00000000c2500000, 0x00000000c2500000|100%| O|  |TAMS 0x00000000c2500000, 0x00000000c2400000| Untracked 
|  37|0x00000000c2500000, 0x00000000c2600000, 0x00000000c2600000|100%| O|  |TAMS 0x00000000c2600000, 0x00000000c2500000| Untracked 
|  38|0x00000000c2600000, 0x00000000c2700000, 0x00000000c2700000|100%| O|  |TAMS 0x00000000c2700000, 0x00000000c2600000| Untracked 
|  39|0x00000000c2700000, 0x00000000c2800000, 0x00000000c2800000|100%| O|  |TAMS 0x00000000c2800000, 0x00000000c2700000| Untracked 
|  40|0x00000000c2800000, 0x00000000c2900000, 0x00000000c2900000|100%| O|  |TAMS 0x00000000c2900000, 0x00000000c2800000| Untracked 
|  41|0x00000000c2900000, 0x00000000c2a00000, 0x00000000c2a00000|100%| O|  |TAMS 0x00000000c2a00000, 0x00000000c2900000| Untracked 
|  42|0x00000000c2a00000, 0x00000000c2b00000, 0x00000000c2b00000|100%| O|  |TAMS 0x00000000c2b00000, 0x00000000c2a00000| Untracked 
|  43|0x00000000c2b00000, 0x00000000c2c00000, 0x00000000c2c00000|100%| O|  |TAMS 0x00000000c2c00000, 0x00000000c2b00000| Untracked 
|  44|0x00000000c2c00000, 0x00000000c2d00000, 0x00000000c2d00000|100%| O|  |TAMS 0x00000000c2d00000, 0x00000000c2c00000| Untracked 
|  45|0x00000000c2d00000, 0x00000000c2e00000, 0x00000000c2e00000|100%| O|  |TAMS 0x00000000c2e00000, 0x00000000c2d00000| Untracked 
|  46|0x00000000c2e00000, 0x00000000c2f00000, 0x00000000c2f00000|100%| O|  |TAMS 0x00000000c2f00000, 0x00000000c2e00000| Untracked 
|  47|0x00000000c2f00000, 0x00000000c3000000, 0x00000000c3000000|100%| O|  |TAMS 0x00000000c3000000, 0x00000000c2f00000| Untracked 
|  48|0x00000000c3000000, 0x00000000c3100000, 0x00000000c3100000|100%| O|  |TAMS 0x00000000c3100000, 0x00000000c3000000| Untracked 
|  49|0x00000000c3100000, 0x00000000c3200000, 0x00000000c3200000|100%| O|  |TAMS 0x00000000c3200000, 0x00000000c3100000| Untracked 
|  50|0x00000000c3200000, 0x00000000c3300000, 0x00000000c3300000|100%| O|  |TAMS 0x00000000c3300000, 0x00000000c3200000| Untracked 
|  51|0x00000000c3300000, 0x00000000c3400000, 0x00000000c3400000|100%| O|  |TAMS 0x00000000c3400000, 0x00000000c3300000| Untracked 
|  52|0x00000000c3400000, 0x00000000c3500000, 0x00000000c3500000|100%| O|  |TAMS 0x00000000c3500000, 0x00000000c3400000| Untracked 
|  53|0x00000000c3500000, 0x00000000c3600000, 0x00000000c3600000|100%| O|  |TAMS 0x00000000c3600000, 0x00000000c3500000| Untracked 
|  54|0x00000000c3600000, 0x00000000c3700000, 0x00000000c3700000|100%| O|  |TAMS 0x00000000c3700000, 0x00000000c3600000| Untracked 
|  55|0x00000000c3700000, 0x00000000c3800000, 0x00000000c3800000|100%| O|  |TAMS 0x00000000c3800000, 0x00000000c3700000| Untracked 
|  56|0x00000000c3800000, 0x00000000c3900000, 0x00000000c3900000|100%| O|  |TAMS 0x00000000c3900000, 0x00000000c3800000| Untracked 
|  57|0x00000000c3900000, 0x00000000c3a00000, 0x00000000c3a00000|100%| O|  |TAMS 0x00000000c3a00000, 0x00000000c3900000| Untracked 
|  58|0x00000000c3a00000, 0x00000000c3b00000, 0x00000000c3b00000|100%| O|  |TAMS 0x00000000c3a80000, 0x00000000c3a00000| Untracked 
|  59|0x00000000c3b00000, 0x00000000c3c00000, 0x00000000c3c00000|100%| O|  |TAMS 0x00000000c3b00000, 0x00000000c3b00000| Untracked 
|  60|0x00000000c3c00000, 0x00000000c3d00000, 0x00000000c3d00000|100%| O|  |TAMS 0x00000000c3c00000, 0x00000000c3c00000| Untracked 
|  61|0x00000000c3d00000, 0x00000000c3e00000, 0x00000000c3e00000|100%| O|  |TAMS 0x00000000c3d00000, 0x00000000c3d00000| Untracked 
|  62|0x00000000c3e00000, 0x00000000c3f00000, 0x00000000c3f00000|100%| O|  |TAMS 0x00000000c3e00000, 0x00000000c3e00000| Untracked 
|  63|0x00000000c3f00000, 0x00000000c4000000, 0x00000000c4000000|100%| O|  |TAMS 0x00000000c3f00000, 0x00000000c3f00000| Untracked 
|  64|0x00000000c4000000, 0x00000000c4100000, 0x00000000c4100000|100%| O|  |TAMS 0x00000000c4000000, 0x00000000c4000000| Untracked 
|  65|0x00000000c4100000, 0x00000000c4200000, 0x00000000c4200000|100%| O|  |TAMS 0x00000000c4100000, 0x00000000c4100000| Untracked 
|  66|0x00000000c4200000, 0x00000000c4300000, 0x00000000c4300000|100%| O|  |TAMS 0x00000000c4200000, 0x00000000c4200000| Untracked 
|  67|0x00000000c4300000, 0x00000000c4400000, 0x00000000c4400000|100%| O|  |TAMS 0x00000000c4300000, 0x00000000c4300000| Untracked 
|  68|0x00000000c4400000, 0x00000000c4500000, 0x00000000c4500000|100%| O|  |TAMS 0x00000000c4400000, 0x00000000c4400000| Untracked 
|  69|0x00000000c4500000, 0x00000000c4600000, 0x00000000c4600000|100%| O|  |TAMS 0x00000000c4500000, 0x00000000c4500000| Untracked 
|  70|0x00000000c4600000, 0x00000000c4700000, 0x00000000c4700000|100%| O|  |TAMS 0x00000000c4600000, 0x00000000c4600000| Untracked 
|  71|0x00000000c4700000, 0x00000000c4800000, 0x00000000c4800000|100%| O|  |TAMS 0x00000000c4700000, 0x00000000c4700000| Untracked 
|  72|0x00000000c4800000, 0x00000000c4900000, 0x00000000c4900000|100%| O|  |TAMS 0x00000000c4800000, 0x00000000c4800000| Untracked 
|  73|0x00000000c4900000, 0x00000000c4a00000, 0x00000000c4a00000|100%| O|  |TAMS 0x00000000c4900000, 0x00000000c4900000| Untracked 
|  74|0x00000000c4a00000, 0x00000000c4b00000, 0x00000000c4b00000|100%| O|  |TAMS 0x00000000c4a00000, 0x00000000c4a00000| Untracked 
|  75|0x00000000c4b00000, 0x00000000c4c00000, 0x00000000c4c00000|100%| O|  |TAMS 0x00000000c4b00000, 0x00000000c4b00000| Untracked 
|  76|0x00000000c4c00000, 0x00000000c4d00000, 0x00000000c4d00000|100%| O|  |TAMS 0x00000000c4c00000, 0x00000000c4c00000| Untracked 
|  77|0x00000000c4d00000, 0x00000000c4e00000, 0x00000000c4e00000|100%| O|  |TAMS 0x00000000c4d00000, 0x00000000c4d00000| Untracked 
|  78|0x00000000c4e00000, 0x00000000c4f00000, 0x00000000c4f00000|100%| O|  |TAMS 0x00000000c4e00000, 0x00000000c4e00000| Untracked 
|  79|0x00000000c4f00000, 0x00000000c5000000, 0x00000000c5000000|100%| O|  |TAMS 0x00000000c4f00000, 0x00000000c4f00000| Untracked 
|  80|0x00000000c5000000, 0x00000000c5100000, 0x00000000c5100000|100%| O|  |TAMS 0x00000000c5000000, 0x00000000c5000000| Untracked 
|  81|0x00000000c5100000, 0x00000000c5200000, 0x00000000c5200000|100%| O|  |TAMS 0x00000000c5100000, 0x00000000c5100000| Untracked 
|  82|0x00000000c5200000, 0x00000000c5300000, 0x00000000c5300000|100%| O|  |TAMS 0x00000000c5200000, 0x00000000c5200000| Untracked 
|  83|0x00000000c5300000, 0x00000000c5400000, 0x00000000c5400000|100%| O|  |TAMS 0x00000000c5300000, 0x00000000c5300000| Untracked 
|  84|0x00000000c5400000, 0x00000000c5500000, 0x00000000c5500000|100%| O|  |TAMS 0x00000000c5400000, 0x00000000c5400000| Untracked 
|  85|0x00000000c5500000, 0x00000000c5600000, 0x00000000c5600000|100%| O|  |TAMS 0x00000000c5500000, 0x00000000c5500000| Untracked 
|  86|0x00000000c5600000, 0x00000000c5700000, 0x00000000c5700000|100%| O|  |TAMS 0x00000000c5600000, 0x00000000c5600000| Untracked 
|  87|0x00000000c5700000, 0x00000000c5800000, 0x00000000c5800000|100%| O|  |TAMS 0x00000000c5700000, 0x00000000c5700000| Untracked 
|  88|0x00000000c5800000, 0x00000000c5900000, 0x00000000c5900000|100%| O|  |TAMS 0x00000000c5800000, 0x00000000c5800000| Untracked 
|  89|0x00000000c5900000, 0x00000000c5a00000, 0x00000000c5a00000|100%| O|  |TAMS 0x00000000c5900000, 0x00000000c5900000| Untracked 
|  90|0x00000000c5a00000, 0x00000000c5b00000, 0x00000000c5b00000|100%| O|  |TAMS 0x00000000c5a00000, 0x00000000c5a00000| Untracked 
|  91|0x00000000c5b00000, 0x00000000c5c00000, 0x00000000c5c00000|100%| O|  |TAMS 0x00000000c5b00000, 0x00000000c5b00000| Untracked 
|  92|0x00000000c5c00000, 0x00000000c5d00000, 0x00000000c5d00000|100%| O|  |TAMS 0x00000000c5c00000, 0x00000000c5c00000| Untracked 
|  93|0x00000000c5d00000, 0x00000000c5e00000, 0x00000000c5e00000|100%| O|  |TAMS 0x00000000c5d00000, 0x00000000c5d00000| Untracked 
|  94|0x00000000c5e00000, 0x00000000c5f00000, 0x00000000c5f00000|100%| O|  |TAMS 0x00000000c5e00000, 0x00000000c5e00000| Untracked 
|  95|0x00000000c5f00000, 0x00000000c6000000, 0x00000000c6000000|100%| O|  |TAMS 0x00000000c5f00000, 0x00000000c5f00000| Untracked 
|  96|0x00000000c6000000, 0x00000000c6100000, 0x00000000c6100000|100%| O|  |TAMS 0x00000000c6000000, 0x00000000c6000000| Untracked 
|  97|0x00000000c6100000, 0x00000000c6200000, 0x00000000c6200000|100%| O|  |TAMS 0x00000000c6100000, 0x00000000c6100000| Untracked 
|  98|0x00000000c6200000, 0x00000000c6300000, 0x00000000c6300000|100%| O|  |TAMS 0x00000000c6200000, 0x00000000c6200000| Untracked 
|  99|0x00000000c6300000, 0x00000000c6400000, 0x00000000c6400000|100%| O|  |TAMS 0x00000000c6300000, 0x00000000c6300000| Untracked 
| 100|0x00000000c6400000, 0x00000000c6500000, 0x00000000c6500000|100%| O|  |TAMS 0x00000000c6400000, 0x00000000c6400000| Untracked 
| 101|0x00000000c6500000, 0x00000000c6600000, 0x00000000c6600000|100%| O|  |TAMS 0x00000000c6500000, 0x00000000c6500000| Untracked 
| 102|0x00000000c6600000, 0x00000000c6700000, 0x00000000c6700000|100%| O|  |TAMS 0x00000000c6600000, 0x00000000c6600000| Untracked 
| 103|0x00000000c6700000, 0x00000000c6800000, 0x00000000c6800000|100%| O|  |TAMS 0x00000000c6700000, 0x00000000c6700000| Untracked 
| 104|0x00000000c6800000, 0x00000000c68f4a00, 0x00000000c6900000| 95%| O|  |TAMS 0x00000000c6800000, 0x00000000c6800000| Untracked 
| 105|0x00000000c6900000, 0x00000000c6900000, 0x00000000c6a00000|  0%| F|  |TAMS 0x00000000c6900000, 0x00000000c6900000| Untracked 
| 106|0x00000000c6a00000, 0x00000000c6a00000, 0x00000000c6b00000|  0%| F|  |TAMS 0x00000000c6a00000, 0x00000000c6a00000| Untracked 
| 107|0x00000000c6b00000, 0x00000000c6b00000, 0x00000000c6c00000|  0%| F|  |TAMS 0x00000000c6b00000, 0x00000000c6b00000| Untracked 
| 108|0x00000000c6c00000, 0x00000000c6c00000, 0x00000000c6d00000|  0%| F|  |TAMS 0x00000000c6c00000, 0x00000000c6c00000| Untracked 
| 109|0x00000000c6d00000, 0x00000000c6d00000, 0x00000000c6e00000|  0%| F|  |TAMS 0x00000000c6d00000, 0x00000000c6d00000| Untracked 
| 110|0x00000000c6e00000, 0x00000000c6e00000, 0x00000000c6f00000|  0%| F|  |TAMS 0x00000000c6e00000, 0x00000000c6e00000| Untracked 
| 111|0x00000000c6f00000, 0x00000000c6f00000, 0x00000000c7000000|  0%| F|  |TAMS 0x00000000c6f00000, 0x00000000c6f00000| Untracked 
| 112|0x00000000c7000000, 0x00000000c7000000, 0x00000000c7100000|  0%| F|  |TAMS 0x00000000c7000000, 0x00000000c7000000| Untracked 
| 113|0x00000000c7100000, 0x00000000c7100000, 0x00000000c7200000|  0%| F|  |TAMS 0x00000000c7100000, 0x00000000c7100000| Untracked 
| 114|0x00000000c7200000, 0x00000000c7200000, 0x00000000c7300000|  0%| F|  |TAMS 0x00000000c7200000, 0x00000000c7200000| Untracked 
| 115|0x00000000c7300000, 0x00000000c7300000, 0x00000000c7400000|  0%| F|  |TAMS 0x00000000c7300000, 0x00000000c7300000| Untracked 
| 116|0x00000000c7400000, 0x00000000c7400000, 0x00000000c7500000|  0%| F|  |TAMS 0x00000000c7400000, 0x00000000c7400000| Untracked 
| 117|0x00000000c7500000, 0x00000000c7500000, 0x00000000c7600000|  0%| F|  |TAMS 0x00000000c7500000, 0x00000000c7500000| Untracked 
| 118|0x00000000c7600000, 0x00000000c7600000, 0x00000000c7700000|  0%| F|  |TAMS 0x00000000c7600000, 0x00000000c7600000| Untracked 
| 119|0x00000000c7700000, 0x00000000c7700000, 0x00000000c7800000|  0%| F|  |TAMS 0x00000000c7700000, 0x00000000c7700000| Untracked 
| 120|0x00000000c7800000, 0x00000000c7800000, 0x00000000c7900000|  0%| F|  |TAMS 0x00000000c7800000, 0x00000000c7800000| Untracked 
| 121|0x00000000c7900000, 0x00000000c7900000, 0x00000000c7a00000|  0%| F|  |TAMS 0x00000000c7900000, 0x00000000c7900000| Untracked 
| 122|0x00000000c7a00000, 0x00000000c7a00000, 0x00000000c7b00000|  0%| F|  |TAMS 0x00000000c7a00000, 0x00000000c7a00000| Untracked 
| 123|0x00000000c7b00000, 0x00000000c7b00000, 0x00000000c7c00000|  0%| F|  |TAMS 0x00000000c7b00000, 0x00000000c7b00000| Untracked 
| 124|0x00000000c7c00000, 0x00000000c7c00000, 0x00000000c7d00000|  0%| F|  |TAMS 0x00000000c7c00000, 0x00000000c7c00000| Untracked 
| 125|0x00000000c7d00000, 0x00000000c7d00000, 0x00000000c7e00000|  0%| F|  |TAMS 0x00000000c7d00000, 0x00000000c7d00000| Untracked 
| 126|0x00000000c7e00000, 0x00000000c7e00000, 0x00000000c7f00000|  0%| F|  |TAMS 0x00000000c7e00000, 0x00000000c7e00000| Untracked 
| 127|0x00000000c7f00000, 0x00000000c7f00000, 0x00000000c8000000|  0%| F|  |TAMS 0x00000000c7f00000, 0x00000000c7f00000| Untracked 
| 128|0x00000000c8000000, 0x00000000c8000000, 0x00000000c8100000|  0%| F|  |TAMS 0x00000000c8000000, 0x00000000c8000000| Untracked 
| 129|0x00000000c8100000, 0x00000000c8100000, 0x00000000c8200000|  0%| F|  |TAMS 0x00000000c8100000, 0x00000000c8100000| Untracked 
| 130|0x00000000c8200000, 0x00000000c8200000, 0x00000000c8300000|  0%| F|  |TAMS 0x00000000c8200000, 0x00000000c8200000| Untracked 
| 131|0x00000000c8300000, 0x00000000c8300000, 0x00000000c8400000|  0%| F|  |TAMS 0x00000000c8300000, 0x00000000c8300000| Untracked 
| 132|0x00000000c8400000, 0x00000000c8400000, 0x00000000c8500000|  0%| F|  |TAMS 0x00000000c8400000, 0x00000000c8400000| Untracked 
| 133|0x00000000c8500000, 0x00000000c8500000, 0x00000000c8600000|  0%| F|  |TAMS 0x00000000c8500000, 0x00000000c8500000| Untracked 
| 134|0x00000000c8600000, 0x00000000c8600000, 0x00000000c8700000|  0%| F|  |TAMS 0x00000000c8600000, 0x00000000c8600000| Untracked 
| 135|0x00000000c8700000, 0x00000000c8700000, 0x00000000c8800000|  0%| F|  |TAMS 0x00000000c8700000, 0x00000000c8700000| Untracked 
| 136|0x00000000c8800000, 0x00000000c8800000, 0x00000000c8900000|  0%| F|  |TAMS 0x00000000c8800000, 0x00000000c8800000| Untracked 
| 137|0x00000000c8900000, 0x00000000c8900000, 0x00000000c8a00000|  0%| F|  |TAMS 0x00000000c8900000, 0x00000000c8900000| Untracked 
| 138|0x00000000c8a00000, 0x00000000c8a00000, 0x00000000c8b00000|  0%| F|  |TAMS 0x00000000c8a00000, 0x00000000c8a00000| Untracked 
| 139|0x00000000c8b00000, 0x00000000c8b00000, 0x00000000c8c00000|  0%| F|  |TAMS 0x00000000c8b00000, 0x00000000c8b00000| Untracked 
| 140|0x00000000c8c00000, 0x00000000c8c00000, 0x00000000c8d00000|  0%| F|  |TAMS 0x00000000c8c00000, 0x00000000c8c00000| Untracked 
| 141|0x00000000c8d00000, 0x00000000c8d00000, 0x00000000c8e00000|  0%| F|  |TAMS 0x00000000c8d00000, 0x00000000c8d00000| Untracked 
| 142|0x00000000c8e00000, 0x00000000c8e00000, 0x00000000c8f00000|  0%| F|  |TAMS 0x00000000c8e00000, 0x00000000c8e00000| Untracked 
| 143|0x00000000c8f00000, 0x00000000c8f00000, 0x00000000c9000000|  0%| F|  |TAMS 0x00000000c8f00000, 0x00000000c8f00000| Untracked 
| 144|0x00000000c9000000, 0x00000000c9000000, 0x00000000c9100000|  0%| F|  |TAMS 0x00000000c9000000, 0x00000000c9000000| Untracked 
| 145|0x00000000c9100000, 0x00000000c9100000, 0x00000000c9200000|  0%| F|  |TAMS 0x00000000c9100000, 0x00000000c9100000| Untracked 
| 146|0x00000000c9200000, 0x00000000c9200000, 0x00000000c9300000|  0%| F|  |TAMS 0x00000000c9200000, 0x00000000c9200000| Untracked 
| 147|0x00000000c9300000, 0x00000000c9300000, 0x00000000c9400000|  0%| F|  |TAMS 0x00000000c9300000, 0x00000000c9300000| Untracked 
| 148|0x00000000c9400000, 0x00000000c9400000, 0x00000000c9500000|  0%| F|  |TAMS 0x00000000c9400000, 0x00000000c9400000| Untracked 
| 149|0x00000000c9500000, 0x00000000c9500000, 0x00000000c9600000|  0%| F|  |TAMS 0x00000000c9500000, 0x00000000c9500000| Untracked 
| 150|0x00000000c9600000, 0x00000000c9600000, 0x00000000c9700000|  0%| F|  |TAMS 0x00000000c9600000, 0x00000000c9600000| Untracked 
| 151|0x00000000c9700000, 0x00000000c9700000, 0x00000000c9800000|  0%| F|  |TAMS 0x00000000c9700000, 0x00000000c9700000| Untracked 
| 152|0x00000000c9800000, 0x00000000c9800000, 0x00000000c9900000|  0%| F|  |TAMS 0x00000000c9800000, 0x00000000c9800000| Untracked 
| 153|0x00000000c9900000, 0x00000000c9900000, 0x00000000c9a00000|  0%| F|  |TAMS 0x00000000c9900000, 0x00000000c9900000| Untracked 
| 154|0x00000000c9a00000, 0x00000000c9a00000, 0x00000000c9b00000|  0%| F|  |TAMS 0x00000000c9a00000, 0x00000000c9a00000| Untracked 
| 155|0x00000000c9b00000, 0x00000000c9b00000, 0x00000000c9c00000|  0%| F|  |TAMS 0x00000000c9b00000, 0x00000000c9b00000| Untracked 
| 156|0x00000000c9c00000, 0x00000000c9d00000, 0x00000000c9d00000|100%| S|CS|TAMS 0x00000000c9c00000, 0x00000000c9c00000| Complete 
| 157|0x00000000c9d00000, 0x00000000c9e00000, 0x00000000c9e00000|100%| S|CS|TAMS 0x00000000c9d00000, 0x00000000c9d00000| Complete 
| 158|0x00000000c9e00000, 0x00000000c9f00000, 0x00000000c9f00000|100%| S|CS|TAMS 0x00000000c9e00000, 0x00000000c9e00000| Complete 
| 159|0x00000000c9f00000, 0x00000000ca000000, 0x00000000ca000000|100%| S|CS|TAMS 0x00000000c9f00000, 0x00000000c9f00000| Complete 
| 160|0x00000000ca000000, 0x00000000ca100000, 0x00000000ca100000|100%| S|CS|TAMS 0x00000000ca000000, 0x00000000ca000000| Complete 
| 161|0x00000000ca100000, 0x00000000ca200000, 0x00000000ca200000|100%| S|CS|TAMS 0x00000000ca100000, 0x00000000ca100000| Complete 
| 162|0x00000000ca200000, 0x00000000ca300000, 0x00000000ca300000|100%| S|CS|TAMS 0x00000000ca200000, 0x00000000ca200000| Complete 
| 163|0x00000000ca300000, 0x00000000ca300000, 0x00000000ca400000|  0%| F|  |TAMS 0x00000000ca300000, 0x00000000ca300000| Untracked 
| 164|0x00000000ca400000, 0x00000000ca400000, 0x00000000ca500000|  0%| F|  |TAMS 0x00000000ca400000, 0x00000000ca400000| Untracked 
| 165|0x00000000ca500000, 0x00000000ca500000, 0x00000000ca600000|  0%| F|  |TAMS 0x00000000ca500000, 0x00000000ca500000| Untracked 
| 166|0x00000000ca600000, 0x00000000ca600000, 0x00000000ca700000|  0%| F|  |TAMS 0x00000000ca600000, 0x00000000ca600000| Untracked 
| 167|0x00000000ca700000, 0x00000000ca700000, 0x00000000ca800000|  0%| F|  |TAMS 0x00000000ca700000, 0x00000000ca700000| Untracked 
| 168|0x00000000ca800000, 0x00000000ca800000, 0x00000000ca900000|  0%| F|  |TAMS 0x00000000ca800000, 0x00000000ca800000| Untracked 
| 169|0x00000000ca900000, 0x00000000caa00000, 0x00000000caa00000|100%| S|CS|TAMS 0x00000000ca900000, 0x00000000ca900000| Complete 
| 170|0x00000000caa00000, 0x00000000cab00000, 0x00000000cab00000|100%| S|CS|TAMS 0x00000000caa00000, 0x00000000caa00000| Complete 
| 171|0x00000000cab00000, 0x00000000cac00000, 0x00000000cac00000|100%| S|CS|TAMS 0x00000000cab00000, 0x00000000cab00000| Complete 
| 172|0x00000000cac00000, 0x00000000cac00000, 0x00000000cad00000|  0%| F|  |TAMS 0x00000000cac00000, 0x00000000cac00000| Untracked 
| 173|0x00000000cad00000, 0x00000000cad00000, 0x00000000cae00000|  0%| F|  |TAMS 0x00000000cad00000, 0x00000000cad00000| Untracked 
| 174|0x00000000cae00000, 0x00000000cae00000, 0x00000000caf00000|  0%| F|  |TAMS 0x00000000cae00000, 0x00000000cae00000| Untracked 
| 175|0x00000000caf00000, 0x00000000caf00000, 0x00000000cb000000|  0%| F|  |TAMS 0x00000000caf00000, 0x00000000caf00000| Untracked 
| 176|0x00000000cb000000, 0x00000000cb000000, 0x00000000cb100000|  0%| F|  |TAMS 0x00000000cb000000, 0x00000000cb000000| Untracked 
| 177|0x00000000cb100000, 0x00000000cb100000, 0x00000000cb200000|  0%| F|  |TAMS 0x00000000cb100000, 0x00000000cb100000| Untracked 
| 178|0x00000000cb200000, 0x00000000cb200000, 0x00000000cb300000|  0%| F|  |TAMS 0x00000000cb200000, 0x00000000cb200000| Untracked 
| 179|0x00000000cb300000, 0x00000000cb300000, 0x00000000cb400000|  0%| F|  |TAMS 0x00000000cb300000, 0x00000000cb300000| Untracked 
| 180|0x00000000cb400000, 0x00000000cb400000, 0x00000000cb500000|  0%| F|  |TAMS 0x00000000cb400000, 0x00000000cb400000| Untracked 
| 181|0x00000000cb500000, 0x00000000cb500000, 0x00000000cb600000|  0%| F|  |TAMS 0x00000000cb500000, 0x00000000cb500000| Untracked 
| 182|0x00000000cb600000, 0x00000000cb600000, 0x00000000cb700000|  0%| F|  |TAMS 0x00000000cb600000, 0x00000000cb600000| Untracked 
| 183|0x00000000cb700000, 0x00000000cb700000, 0x00000000cb800000|  0%| F|  |TAMS 0x00000000cb700000, 0x00000000cb700000| Untracked 
| 184|0x00000000cb800000, 0x00000000cb800000, 0x00000000cb900000|  0%| F|  |TAMS 0x00000000cb800000, 0x00000000cb800000| Untracked 
| 185|0x00000000cb900000, 0x00000000cb900000, 0x00000000cba00000|  0%| F|  |TAMS 0x00000000cb900000, 0x00000000cb900000| Untracked 
| 186|0x00000000cba00000, 0x00000000cba00000, 0x00000000cbb00000|  0%| F|  |TAMS 0x00000000cba00000, 0x00000000cba00000| Untracked 
| 187|0x00000000cbb00000, 0x00000000cbb00000, 0x00000000cbc00000|  0%| F|  |TAMS 0x00000000cbb00000, 0x00000000cbb00000| Untracked 
| 188|0x00000000cbc00000, 0x00000000cbc00000, 0x00000000cbd00000|  0%| F|  |TAMS 0x00000000cbc00000, 0x00000000cbc00000| Untracked 
| 189|0x00000000cbd00000, 0x00000000cbd00000, 0x00000000cbe00000|  0%| F|  |TAMS 0x00000000cbd00000, 0x00000000cbd00000| Untracked 
| 190|0x00000000cbe00000, 0x00000000cbe00000, 0x00000000cbf00000|  0%| F|  |TAMS 0x00000000cbe00000, 0x00000000cbe00000| Untracked 
| 191|0x00000000cbf00000, 0x00000000cbf00000, 0x00000000cc000000|  0%| F|  |TAMS 0x00000000cbf00000, 0x00000000cbf00000| Untracked 
| 192|0x00000000cc000000, 0x00000000cc000000, 0x00000000cc100000|  0%| F|  |TAMS 0x00000000cc000000, 0x00000000cc000000| Untracked 
| 193|0x00000000cc100000, 0x00000000cc100000, 0x00000000cc200000|  0%| F|  |TAMS 0x00000000cc100000, 0x00000000cc100000| Untracked 
| 194|0x00000000cc200000, 0x00000000cc200000, 0x00000000cc300000|  0%| F|  |TAMS 0x00000000cc200000, 0x00000000cc200000| Untracked 
| 195|0x00000000cc300000, 0x00000000cc300000, 0x00000000cc400000|  0%| F|  |TAMS 0x00000000cc300000, 0x00000000cc300000| Untracked 
| 196|0x00000000cc400000, 0x00000000cc400000, 0x00000000cc500000|  0%| F|  |TAMS 0x00000000cc400000, 0x00000000cc400000| Untracked 
| 197|0x00000000cc500000, 0x00000000cc500000, 0x00000000cc600000|  0%| F|  |TAMS 0x00000000cc500000, 0x00000000cc500000| Untracked 
| 198|0x00000000cc600000, 0x00000000cc600000, 0x00000000cc700000|  0%| F|  |TAMS 0x00000000cc600000, 0x00000000cc600000| Untracked 
| 199|0x00000000cc700000, 0x00000000cc700000, 0x00000000cc800000|  0%| F|  |TAMS 0x00000000cc700000, 0x00000000cc700000| Untracked 
| 200|0x00000000cc800000, 0x00000000cc800000, 0x00000000cc900000|  0%| F|  |TAMS 0x00000000cc800000, 0x00000000cc800000| Untracked 
| 201|0x00000000cc900000, 0x00000000cc900000, 0x00000000cca00000|  0%| F|  |TAMS 0x00000000cc900000, 0x00000000cc900000| Untracked 
| 202|0x00000000cca00000, 0x00000000cca00000, 0x00000000ccb00000|  0%| F|  |TAMS 0x00000000cca00000, 0x00000000cca00000| Untracked 
| 203|0x00000000ccb00000, 0x00000000ccb00000, 0x00000000ccc00000|  0%| F|  |TAMS 0x00000000ccb00000, 0x00000000ccb00000| Untracked 
| 204|0x00000000ccc00000, 0x00000000ccc00000, 0x00000000ccd00000|  0%| F|  |TAMS 0x00000000ccc00000, 0x00000000ccc00000| Untracked 
| 205|0x00000000ccd00000, 0x00000000ccd00000, 0x00000000cce00000|  0%| F|  |TAMS 0x00000000ccd00000, 0x00000000ccd00000| Untracked 
| 206|0x00000000cce00000, 0x00000000cce00000, 0x00000000ccf00000|  0%| F|  |TAMS 0x00000000cce00000, 0x00000000cce00000| Untracked 
| 207|0x00000000ccf00000, 0x00000000ccf00000, 0x00000000cd000000|  0%| F|  |TAMS 0x00000000ccf00000, 0x00000000ccf00000| Untracked 
| 208|0x00000000cd000000, 0x00000000cd000000, 0x00000000cd100000|  0%| F|  |TAMS 0x00000000cd000000, 0x00000000cd000000| Untracked 
| 209|0x00000000cd100000, 0x00000000cd100000, 0x00000000cd200000|  0%| F|  |TAMS 0x00000000cd100000, 0x00000000cd100000| Untracked 
| 210|0x00000000cd200000, 0x00000000cd200000, 0x00000000cd300000|  0%| F|  |TAMS 0x00000000cd200000, 0x00000000cd200000| Untracked 
| 211|0x00000000cd300000, 0x00000000cd300000, 0x00000000cd400000|  0%| F|  |TAMS 0x00000000cd300000, 0x00000000cd300000| Untracked 
| 212|0x00000000cd400000, 0x00000000cd400000, 0x00000000cd500000|  0%| F|  |TAMS 0x00000000cd400000, 0x00000000cd400000| Untracked 
| 213|0x00000000cd500000, 0x00000000cd500000, 0x00000000cd600000|  0%| F|  |TAMS 0x00000000cd500000, 0x00000000cd500000| Untracked 
| 214|0x00000000cd600000, 0x00000000cd600000, 0x00000000cd700000|  0%| F|  |TAMS 0x00000000cd600000, 0x00000000cd600000| Untracked 
| 215|0x00000000cd700000, 0x00000000cd700000, 0x00000000cd800000|  0%| F|  |TAMS 0x00000000cd700000, 0x00000000cd700000| Untracked 
| 216|0x00000000cd800000, 0x00000000cd800000, 0x00000000cd900000|  0%| F|  |TAMS 0x00000000cd800000, 0x00000000cd800000| Untracked 
| 217|0x00000000cd900000, 0x00000000cd900000, 0x00000000cda00000|  0%| F|  |TAMS 0x00000000cd900000, 0x00000000cd900000| Untracked 
| 218|0x00000000cda00000, 0x00000000cda00000, 0x00000000cdb00000|  0%| F|  |TAMS 0x00000000cda00000, 0x00000000cda00000| Untracked 
| 219|0x00000000cdb00000, 0x00000000cdb00000, 0x00000000cdc00000|  0%| F|  |TAMS 0x00000000cdb00000, 0x00000000cdb00000| Untracked 
| 220|0x00000000cdc00000, 0x00000000cdc00000, 0x00000000cdd00000|  0%| F|  |TAMS 0x00000000cdc00000, 0x00000000cdc00000| Untracked 
| 221|0x00000000cdd00000, 0x00000000cdd00000, 0x00000000cde00000|  0%| F|  |TAMS 0x00000000cdd00000, 0x00000000cdd00000| Untracked 
| 222|0x00000000cde00000, 0x00000000cde00000, 0x00000000cdf00000|  0%| F|  |TAMS 0x00000000cde00000, 0x00000000cde00000| Untracked 
| 223|0x00000000cdf00000, 0x00000000cdf00000, 0x00000000ce000000|  0%| F|  |TAMS 0x00000000cdf00000, 0x00000000cdf00000| Untracked 
| 224|0x00000000ce000000, 0x00000000ce000000, 0x00000000ce100000|  0%| F|  |TAMS 0x00000000ce000000, 0x00000000ce000000| Untracked 
| 225|0x00000000ce100000, 0x00000000ce100000, 0x00000000ce200000|  0%| F|  |TAMS 0x00000000ce100000, 0x00000000ce100000| Untracked 
| 226|0x00000000ce200000, 0x00000000ce200000, 0x00000000ce300000|  0%| F|  |TAMS 0x00000000ce200000, 0x00000000ce200000| Untracked 
| 227|0x00000000ce300000, 0x00000000ce300000, 0x00000000ce400000|  0%| F|  |TAMS 0x00000000ce300000, 0x00000000ce300000| Untracked 
| 228|0x00000000ce400000, 0x00000000ce400000, 0x00000000ce500000|  0%| F|  |TAMS 0x00000000ce400000, 0x00000000ce400000| Untracked 
| 229|0x00000000ce500000, 0x00000000ce500000, 0x00000000ce600000|  0%| F|  |TAMS 0x00000000ce500000, 0x00000000ce500000| Untracked 
| 230|0x00000000ce600000, 0x00000000ce600000, 0x00000000ce700000|  0%| F|  |TAMS 0x00000000ce600000, 0x00000000ce600000| Untracked 
| 231|0x00000000ce700000, 0x00000000ce700000, 0x00000000ce800000|  0%| F|  |TAMS 0x00000000ce700000, 0x00000000ce700000| Untracked 
| 232|0x00000000ce800000, 0x00000000ce800000, 0x00000000ce900000|  0%| F|  |TAMS 0x00000000ce800000, 0x00000000ce800000| Untracked 
| 233|0x00000000ce900000, 0x00000000ce900000, 0x00000000cea00000|  0%| F|  |TAMS 0x00000000ce900000, 0x00000000ce900000| Untracked 
| 234|0x00000000cea00000, 0x00000000cea00000, 0x00000000ceb00000|  0%| F|  |TAMS 0x00000000cea00000, 0x00000000cea00000| Untracked 
| 235|0x00000000ceb00000, 0x00000000ceb00000, 0x00000000cec00000|  0%| F|  |TAMS 0x00000000ceb00000, 0x00000000ceb00000| Untracked 
| 236|0x00000000cec00000, 0x00000000cec00000, 0x00000000ced00000|  0%| F|  |TAMS 0x00000000cec00000, 0x00000000cec00000| Untracked 
| 237|0x00000000ced00000, 0x00000000ced00000, 0x00000000cee00000|  0%| F|  |TAMS 0x00000000ced00000, 0x00000000ced00000| Untracked 
| 238|0x00000000cee00000, 0x00000000cee00000, 0x00000000cef00000|  0%| F|  |TAMS 0x00000000cee00000, 0x00000000cee00000| Untracked 

Card table byte_map: [0x000001986e320000,0x000001986e520000] _byte_map_base: 0x000001986dd20000

Marking Bits (Prev, Next): (CMBitMap*) 0x00000198566c11c0, (CMBitMap*) 0x00000198566c1188
 Prev Bits: [0x000001986f720000, 0x0000019870720000)
 Next Bits: [0x000001986e720000, 0x000001986f720000)

Polling page: 0x0000019854520000

Metaspace:

Usage:
  Non-class:     14.87 MB capacity,    14.68 MB ( 99%) used,   154.44 KB (  1%) free+waste,    36.88 KB ( <1%) overhead. 
      Class:      1.82 MB capacity,     1.67 MB ( 92%) used,   134.30 KB (  7%) free+waste,    18.63 KB ( <1%) overhead. 
       Both:     16.69 MB capacity,    16.35 MB ( 98%) used,   288.74 KB (  2%) free+waste,    55.50 KB ( <1%) overhead. 

Virtual space:
  Non-class space:       16.00 MB reserved,      15.00 MB ( 94%) committed 
      Class space:        1.00 GB reserved,       1.88 MB ( <1%) committed 
             Both:        1.02 GB reserved,      16.88 MB (  2%) committed 

Chunk freelists:
   Non-Class:  8.00 KB
       Class:  0 bytes
        Both:  8.00 KB

MaxMetaspaceSize: 17179869184.00 GB
CompressedClassSpaceSize: 1.00 GB
Initial GC threshold: 20.80 MB
Current GC threshold: 25.42 MB
CDS: off

CodeHeap 'non-profiled nmethods': size=120000Kb used=1182Kb max_used=1182Kb free=118818Kb
 bounds [0x00000198668c0000, 0x0000019866b30000, 0x000001986ddf0000]
CodeHeap 'profiled nmethods': size=120000Kb used=5514Kb max_used=5514Kb free=114485Kb
 bounds [0x000001985f390000, 0x000001985f900000, 0x00000198668c0000]
CodeHeap 'non-nmethods': size=5760Kb used=1141Kb max_used=1176Kb free=4618Kb
 bounds [0x000001985edf0000, 0x000001985f060000, 0x000001985f390000]
 total_blobs=2558 nmethods=2164 adapters=306
 compilation: enabled
              stopped_count=0, restarted_count=0
 full_count=0

Compilation events (20 events):
Event: 3.094 Thread 0x0000019873aa6000 2237       3       com.android.tools.r8.internal.eR::a (158 bytes)
Event: 3.096 Thread 0x0000019873aa6000 nmethod 2237 0x000001985f8ef290 code [0x000001985f8ef600, 0x000001985f8f0c88]
Event: 3.096 Thread 0x0000019873aa6000 2238       2       com.android.tools.r8.internal.cb::a (17 bytes)
Event: 3.096 Thread 0x0000019873aa6000 nmethod 2238 0x000001985f8f1310 code [0x000001985f8f14c0, 0x000001985f8f15e8]
Event: 3.100 Thread 0x0000019873aa3800 nmethod 2177 0x00000198669e3110 code [0x00000198669e3340, 0x00000198669e4168]
Event: 3.101 Thread 0x0000019873aa6000 2239       2       com.android.tools.r8.graph.y2::a (112 bytes)
Event: 3.101 Thread 0x0000019873aa3800 2202       4       com.android.tools.r8.internal.g7::f (2 bytes)
Event: 3.101 Thread 0x0000019873aa3800 nmethod 2202 0x00000198669e4890 code [0x00000198669e4a20, 0x00000198669e4a78]
Event: 3.101 Thread 0x0000019873aa3800 2178       4       com.android.tools.r8.internal.Pa::a (37 bytes)
Event: 3.102 Thread 0x0000019873aa3800 nmethod 2178 0x00000198669e4b90 code [0x00000198669e4d20, 0x00000198669e4d98]
Event: 3.102 Thread 0x0000019873aa3800 2204       4       com.android.tools.r8.position.TextPosition::<init> (61 bytes)
Event: 3.102 Thread 0x0000019873aa6000 nmethod 2239 0x000001985f8f1690 code [0x000001985f8f1900, 0x000001985f8f2158]
Event: 3.102 Thread 0x0000019873aa3800 nmethod 2204 0x00000198669e4e90 code [0x00000198669e5020, 0x00000198669e5098]
Event: 3.102 Thread 0x0000019873aa3800 2134       4       com.android.tools.r8.internal.o7::<init> (92 bytes)
Event: 3.105 Thread 0x0000019873aa3800 nmethod 2134 0x00000198669e5190 code [0x00000198669e5320, 0x00000198669e5518]
Event: 3.105 Thread 0x0000019873aa3800 2163       4       com.android.tools.r8.graph.v2::a (122 bytes)
Event: 3.115 Thread 0x0000019873aa6000 2243       2       com.android.tools.r8.internal.cb::a (18 bytes)
Event: 3.115 Thread 0x0000019873aa6000 nmethod 2243 0x000001985f8f2710 code [0x000001985f8f28c0, 0x000001985f8f2a08]
Event: 3.146 Thread 0x0000019873aa3800 nmethod 2163 0x00000198669e5590 code [0x00000198669e57e0, 0x00000198669e6d90]
Event: 3.146 Thread 0x0000019873aa3800 2244       4       com.android.tools.r8.internal.eR::a (158 bytes)

GC Heap History (20 events):
Event: 1.014 GC heap after
{Heap after GC invocations=3 (full 0):
 garbage-first heap   total 98304K, used 18432K [0x00000000c0000000, 0x0000000100000000)
  region size 1024K, 4 young (4096K), 4 survivors (4096K)
 Metaspace       used 11682K, capacity 11867K, committed 11904K, reserved 1060864K
  class space    used 1104K, capacity 1146K, committed 1152K, reserved 1048576K
}
Event: 1.181 GC heap before
{Heap before GC invocations=3 (full 0):
 garbage-first heap   total 98304K, used 51200K [0x00000000c0000000, 0x0000000100000000)
  region size 1024K, 36 young (36864K), 4 survivors (4096K)
 Metaspace       used 11688K, capacity 11867K, committed 11904K, reserved 1060864K
  class space    used 1104K, capacity 1146K, committed 1152K, reserved 1048576K
}
Event: 1.187 GC heap after
{Heap after GC invocations=4 (full 0):
 garbage-first heap   total 98304K, used 25600K [0x00000000c0000000, 0x0000000100000000)
  region size 1024K, 5 young (5120K), 5 survivors (5120K)
 Metaspace       used 11688K, capacity 11867K, committed 11904K, reserved 1060864K
  class space    used 1104K, capacity 1146K, committed 1152K, reserved 1048576K
}
Event: 1.488 GC heap before
{Heap before GC invocations=4 (full 0):
 garbage-first heap   total 98304K, used 59392K [0x00000000c0000000, 0x0000000100000000)
  region size 1024K, 38 young (38912K), 5 survivors (5120K)
 Metaspace       used 13275K, capacity 13491K, committed 13696K, reserved 1060864K
  class space    used 1294K, capacity 1381K, committed 1408K, reserved 1048576K
}
Event: 1.508 GC heap after
{Heap after GC invocations=5 (full 0):
 garbage-first heap   total 118784K, used 33792K [0x00000000c0000000, 0x0000000100000000)
  region size 1024K, 5 young (5120K), 5 survivors (5120K)
 Metaspace       used 13275K, capacity 13491K, committed 13696K, reserved 1060864K
  class space    used 1294K, capacity 1381K, committed 1408K, reserved 1048576K
}
Event: 1.623 GC heap before
{Heap before GC invocations=5 (full 0):
 garbage-first heap   total 118784K, used 64512K [0x00000000c0000000, 0x0000000100000000)
  region size 1024K, 35 young (35840K), 5 survivors (5120K)
 Metaspace       used 13442K, capacity 13701K, committed 13824K, reserved 1060864K
  class space    used 1320K, capacity 1432K, committed 1536K, reserved 1048576K
}
Event: 1.663 GC heap after
{Heap after GC invocations=6 (full 0):
 garbage-first heap   total 118784K, used 42496K [0x00000000c0000000, 0x0000000100000000)
  region size 1024K, 5 young (5120K), 5 survivors (5120K)
 Metaspace       used 13442K, capacity 13701K, committed 13824K, reserved 1060864K
  class space    used 1320K, capacity 1432K, committed 1536K, reserved 1048576K
}
Event: 1.790 GC heap before
{Heap before GC invocations=6 (full 0):
 garbage-first heap   total 118784K, used 76288K [0x00000000c0000000, 0x0000000100000000)
  region size 1024K, 38 young (38912K), 5 survivors (5120K)
 Metaspace       used 13555K, capacity 13772K, committed 14080K, reserved 1062912K
  class space    used 1320K, capacity 1432K, committed 1536K, reserved 1048576K
}
Event: 1.823 GC heap after
{Heap after GC invocations=7 (full 0):
 garbage-first heap   total 118784K, used 51200K [0x00000000c0000000, 0x0000000100000000)
  region size 1024K, 5 young (5120K), 5 survivors (5120K)
 Metaspace       used 13555K, capacity 13772K, committed 14080K, reserved 1062912K
  class space    used 1320K, capacity 1432K, committed 1536K, reserved 1048576K
}
Event: 1.919 GC heap before
{Heap before GC invocations=7 (full 0):
 garbage-first heap   total 118784K, used 81920K [0x00000000c0000000, 0x0000000100000000)
  region size 1024K, 36 young (36864K), 5 survivors (5120K)
 Metaspace       used 13555K, capacity 13772K, committed 14080K, reserved 1062912K
  class space    used 1320K, capacity 1432K, committed 1536K, reserved 1048576K
}
Event: 1.956 GC heap after
{Heap after GC invocations=8 (full 0):
 garbage-first heap   total 118784K, used 59392K [0x00000000c0000000, 0x0000000100000000)
  region size 1024K, 5 young (5120K), 5 survivors (5120K)
 Metaspace       used 13555K, capacity 13772K, committed 14080K, reserved 1062912K
  class space    used 1320K, capacity 1432K, committed 1536K, reserved 1048576K
}
Event: 2.182 GC heap before
{Heap before GC invocations=8 (full 0):
 garbage-first heap   total 118784K, used 88064K [0x00000000c0000000, 0x0000000100000000)
  region size 1024K, 33 young (33792K), 5 survivors (5120K)
 Metaspace       used 14991K, capacity 15233K, committed 15488K, reserved 1062912K
  class space    used 1528K, capacity 1642K, committed 1664K, reserved 1048576K
}
Event: 2.214 GC heap after
{Heap after GC invocations=9 (full 0):
 garbage-first heap   total 244736K, used 65024K [0x00000000c0000000, 0x0000000100000000)
  region size 1024K, 5 young (5120K), 5 survivors (5120K)
 Metaspace       used 14991K, capacity 15233K, committed 15488K, reserved 1062912K
  class space    used 1528K, capacity 1642K, committed 1664K, reserved 1048576K
}
Event: 2.399 GC heap before
{Heap before GC invocations=10 (full 0):
 garbage-first heap   total 244736K, used 122368K [0x00000000c0000000, 0x0000000100000000)
  region size 1024K, 61 young (62464K), 5 survivors (5120K)
 Metaspace       used 14984K, capacity 15196K, committed 15616K, reserved 1062912K
  class space    used 1505K, capacity 1617K, committed 1792K, reserved 1048576K
}
Event: 2.423 GC heap after
{Heap after GC invocations=11 (full 0):
 garbage-first heap   total 244736K, used 76641K [0x00000000c0000000, 0x0000000100000000)
  region size 1024K, 8 young (8192K), 8 survivors (8192K)
 Metaspace       used 14984K, capacity 15196K, committed 15616K, reserved 1062912K
  class space    used 1505K, capacity 1617K, committed 1792K, reserved 1048576K
}
Event: 2.521 GC heap before
{Heap before GC invocations=11 (full 0):
 garbage-first heap   total 244736K, used 146273K [0x00000000c0000000, 0x0000000100000000)
  region size 1024K, 76 young (77824K), 8 survivors (8192K)
 Metaspace       used 14998K, capacity 15198K, committed 15616K, reserved 1062912K
  class space    used 1505K, capacity 1617K, committed 1792K, reserved 1048576K
}
Event: 2.546 GC heap after
{Heap after GC invocations=12 (full 0):
 garbage-first heap   total 244736K, used 90399K [0x00000000c0000000, 0x0000000100000000)
  region size 1024K, 10 young (10240K), 10 survivors (10240K)
 Metaspace       used 14998K, capacity 15198K, committed 15616K, reserved 1062912K
  class space    used 1505K, capacity 1617K, committed 1792K, reserved 1048576K
}
Event: 3.020 GC heap before
{Heap before GC invocations=12 (full 0):
 garbage-first heap   total 244736K, used 162079K [0x00000000c0000000, 0x0000000100000000)
  region size 1024K, 80 young (81920K), 10 survivors (10240K)
 Metaspace       used 16740K, capacity 17091K, committed 17280K, reserved 1064960K
  class space    used 1713K, capacity 1867K, committed 1920K, reserved 1048576K
}
Event: 3.049 GC heap after
{Heap after GC invocations=13 (full 0):
 garbage-first heap   total 244736K, used 104231K [0x00000000c0000000, 0x0000000100000000)
  region size 1024K, 10 young (10240K), 10 survivors (10240K)
 Metaspace       used 16740K, capacity 17091K, committed 17280K, reserved 1064960K
  class space    used 1713K, capacity 1867K, committed 1920K, reserved 1048576K
}
Event: 3.158 GC heap before
{Heap before GC invocations=13 (full 0):
 garbage-first heap   total 244736K, used 172839K [0x00000000c0000000, 0x0000000100000000)
  region size 1024K, 77 young (78848K), 10 survivors (10240K)
 Metaspace       used 16746K, capacity 17091K, committed 17280K, reserved 1064960K
  class space    used 1714K, capacity 1867K, committed 1920K, reserved 1048576K
}

Deoptimization events (20 events):
Event: 2.999 Thread 0x0000019873fac000 Uncommon trap: reason=profile_predicate action=maybe_recompile pc=0x00000198669df890 method=java.util.ArrayList.forEach(Ljava/util/function/Consumer;)V @ 29 c2
Event: 2.999 Thread 0x0000019873fae800 Uncommon trap: reason=profile_predicate action=maybe_recompile pc=0x00000198669df890 method=java.util.ArrayList.forEach(Ljava/util/function/Consumer;)V @ 29 c2
Event: 2.999 Thread 0x0000019873fac000 DEOPT PACKING pc=0x00000198669df890 sp=0x00000028c8bfea30
Event: 2.999 Thread 0x0000019873fac000 DEOPT UNPACKING pc=0x000001985ee3a1af sp=0x00000028c8bfe9d8 mode 2
Event: 2.999 Thread 0x0000019873fae800 DEOPT PACKING pc=0x00000198669df890 sp=0x00000028c90fead0
Event: 2.999 Thread 0x0000019873fae800 DEOPT UNPACKING pc=0x000001985ee3a1af sp=0x00000028c90fea78 mode 2
Event: 2.999 Thread 0x0000019873fae800 Uncommon trap: trap_request=0xffffffbe fr.pc=0x00000198669df890 relative=0x0000000000000610
Event: 2.999 Thread 0x0000019873fae800 Uncommon trap: reason=profile_predicate action=maybe_recompile pc=0x00000198669df890 method=java.util.ArrayList.forEach(Ljava/util/function/Consumer;)V @ 29 c2
Event: 2.999 Thread 0x0000019873fae800 DEOPT PACKING pc=0x00000198669df890 sp=0x00000028c90fead0
Event: 2.999 Thread 0x0000019873fae800 DEOPT UNPACKING pc=0x000001985ee3a1af sp=0x00000028c90fea78 mode 2
Event: 2.999 Thread 0x0000019873fae800 Uncommon trap: trap_request=0xffffffbe fr.pc=0x00000198669df890 relative=0x0000000000000610
Event: 2.999 Thread 0x0000019873fae800 Uncommon trap: reason=profile_predicate action=maybe_recompile pc=0x00000198669df890 method=java.util.ArrayList.forEach(Ljava/util/function/Consumer;)V @ 29 c2
Event: 2.999 Thread 0x0000019873fae800 DEOPT PACKING pc=0x00000198669df890 sp=0x00000028c90fead0
Event: 2.999 Thread 0x0000019873fae800 DEOPT UNPACKING pc=0x000001985ee3a1af sp=0x00000028c90fea78 mode 2
Event: 3.084 Thread 0x0000019873fad000 Uncommon trap: trap_request=0xffffff4d fr.pc=0x00000198669e09e0 relative=0x0000000000000520
Event: 3.084 Thread 0x0000019873fad000 Uncommon trap: reason=unstable_if action=reinterpret pc=0x00000198669e09e0 method=com.android.tools.r8.internal.eR.a(Lcom/android/tools/r8/internal/GN;Lcom/android/tools/r8/graph/d3;)V @ 51 c2
Event: 3.084 Thread 0x0000019873fad000 DEOPT PACKING pc=0x00000198669e09e0 sp=0x00000028c8efea50
Event: 3.084 Thread 0x0000019873fad000 DEOPT UNPACKING pc=0x000001985ee3a1af sp=0x00000028c8efea18 mode 2
Event: 3.094 Thread 0x0000019873fac000 DEOPT PACKING pc=0x000001985f8ec8e8 sp=0x00000028c8bfeb00
Event: 3.094 Thread 0x0000019873fac000 DEOPT UNPACKING pc=0x000001985ee3a95e sp=0x00000028c8bfe038 mode 0

Classes redefined (0 events):
No events

Internal exceptions (20 events):
Event: 1.381 Thread 0x0000019873fac000 Exception <a 'java/lang/NoSuchMethodError'{0x00000000c4e21668}: 'long java.lang.invoke.DirectMethodHandle$Holder.invokeStatic(java.lang.Object, java.lang.Object)'> (0x00000000c4e21668) thrown at [./src/hotspot/share/interpreter/linkResolver.cpp, line 773]
Event: 1.381 Thread 0x0000019873fae800 Exception <a 'java/lang/NoSuchMethodError'{0x00000000c4f99d88}: 'long java.lang.invoke.DirectMethodHandle$Holder.invokeStatic(java.lang.Object, java.lang.Object)'> (0x00000000c4f99d88) thrown at [./src/hotspot/share/interpreter/linkResolver.cpp, line 773]
Event: 1.381 Thread 0x0000019873fad000 Exception <a 'java/lang/NoSuchMethodError'{0x00000000c4dacac8}: 'long java.lang.invoke.DirectMethodHandle$Holder.invokeStaticInit(java.lang.Object, java.lang.Object)'> (0x00000000c4dacac8) thrown at [./src/hotspot/share/interpreter/linkResolver.cpp, line 773]
Event: 1.381 Thread 0x0000019873fae800 Exception <a 'java/lang/NoSuchMethodError'{0x00000000c4f9ca50}: 'long java.lang.invoke.DirectMethodHandle$Holder.invokeStaticInit(java.lang.Object, java.lang.Object)'> (0x00000000c4f9ca50) thrown at [./src/hotspot/share/interpreter/linkResolver.cpp, line 773]
Event: 1.381 Thread 0x0000019873fae000 Exception <a 'java/lang/NoSuchMethodError'{0x00000000c4d89698}: 'long java.lang.invoke.DirectMethodHandle$Holder.invokeStaticInit(java.lang.Object, java.lang.Object)'> (0x00000000c4d89698) thrown at [./src/hotspot/share/interpreter/linkResolver.cpp, line 773]
Event: 1.381 Thread 0x0000019873fac000 Exception <a 'java/lang/NoSuchMethodError'{0x00000000c4e24330}: 'long java.lang.invoke.DirectMethodHandle$Holder.invokeStaticInit(java.lang.Object, java.lang.Object)'> (0x00000000c4e24330) thrown at [./src/hotspot/share/interpreter/linkResolver.cpp, line 773]
Event: 1.580 Thread 0x0000019873fae000 Exception <a 'java/lang/NoSuchMethodError'{0x00000000c618e5c8}: 'void java.lang.invoke.DirectMethodHandle$Holder.invokeSpecial(java.lang.Object, java.lang.Object, java.lang.Object, java.lang.Object, java.lang.Object)'> (0x00000000c618e5c8) thrown at [./src/hotspot/share/interpreter/linkResolver.cpp, line 773]
Event: 1.580 Thread 0x0000019873fae800 Exception <a 'java/lang/NoSuchMethodError'{0x00000000c61dd800}: 'void java.lang.invoke.DirectMethodHandle$Holder.invokeSpecial(java.lang.Object, java.lang.Object, java.lang.Object, java.lang.Object, java.lang.Object)'> (0x00000000c61dd800) thrown at [./src/hotspot/share/interpreter/linkResolver.cpp, line 773]
Event: 1.580 Thread 0x0000019873fac000 Exception <a 'java/lang/NoSuchMethodError'{0x00000000c616c630}: 'void java.lang.invoke.DirectMethodHandle$Holder.invokeSpecial(java.lang.Object, java.lang.Object, java.lang.Object, java.lang.Object, java.lang.Object)'> (0x00000000c616c630) thrown at [./src/hotspot/share/interpreter/linkResolver.cpp, line 773]
Event: 1.580 Thread 0x0000019873fad000 Exception <a 'java/lang/NoSuchMethodError'{0x00000000c61eeb10}: 'void java.lang.invoke.DirectMethodHandle$Holder.invokeSpecial(java.lang.Object, java.lang.Object, java.lang.Object, java.lang.Object, java.lang.Object)'> (0x00000000c61eeb10) thrown at [./src/hotspot/share/interpreter/linkResolver.cpp, line 773]
Event: 2.082 Thread 0x0000019856691800 Exception <a 'java/lang/NoSuchMethodError'{0x00000000c5fefa10}: 'int java.lang.invoke.DirectMethodHandle$Holder.invokeSpecial(java.lang.Object, java.lang.Object, java.lang.Object, java.lang.Object)'> (0x00000000c5fefa10) thrown at [./src/hotspot/share/interpreter/linkResolver.cpp, line 773]
Event: 2.096 Thread 0x0000019856691800 Exception <a 'java/lang/NoSuchMethodError'{0x00000000c5e580e8}: 'void java.lang.invoke.DirectMethodHandle$Holder.invokeSpecial(java.lang.Object, java.lang.Object)'> (0x00000000c5e580e8) thrown at [./src/hotspot/share/interpreter/linkResolver.cpp, line 773]
Event: 2.124 Thread 0x0000019856691800 Exception <a 'java/lang/IncompatibleClassChangeError'{0x00000000c5d39118}: Found class java.lang.Object, but interface was expected> (0x00000000c5d39118) thrown at [./src/hotspot/share/interpreter/linkResolver.cpp, line 839]
Event: 2.126 Thread 0x0000019856691800 Exception <a 'java/lang/NoSuchMethodError'{0x00000000c5d3dca0}: 'java.lang.Object java.lang.invoke.DirectMethodHandle$Holder.invokeStatic(java.lang.Object, java.lang.Object, java.lang.Object, int)'> (0x00000000c5d3dca0) thrown at [./src/hotspot/share/interpreter/linkResolver.cpp, line 773]
Event: 2.127 Thread 0x0000019856691800 Exception <a 'java/lang/NoSuchMethodError'{0x00000000c5d47a30}: 'void java.lang.invoke.DirectMethodHandle$Holder.invokeStatic(java.lang.Object, java.lang.Object, java.lang.Object, java.lang.Object, java.lang.Object, java.lang.Object)'> (0x00000000c5d47a30) thrown at [./src/hotspot/share/interpreter/linkResolver.cpp, line 773]
Event: 2.129 Thread 0x0000019856691800 Exception <a 'java/lang/NoSuchMethodError'{0x00000000c5d55d08}: 'java.lang.Object java.lang.invoke.Invokers$Holder.linkToTargetMethod(java.lang.Object, java.lang.Object, int, java.lang.Object)'> (0x00000000c5d55d08) thrown at [./src/hotspot/share/interpreter/linkResolver.cpp, line 773]
Event: 2.306 Thread 0x0000019873fae800 Implicit null exception at 0x0000019866984fec to 0x0000019866985094
Event: 2.306 Thread 0x0000019873fae800 Implicit null exception at 0x000001986696ed6c to 0x000001986696ee14
Event: 2.855 Thread 0x0000019856691800 Exception <a 'java/lang/NoSuchMethodError'{0x00000000cc86c9e0}: 'java.lang.Object java.lang.invoke.DirectMethodHandle$Holder.invokeStaticInit(java.lang.Object, java.lang.Object, java.lang.Object)'> (0x00000000cc86c9e0) thrown at [./src/hotspot/share/interpreter/linkResolver.cpp, line 773]
Event: 2.889 Thread 0x0000019856691800 Exception <a 'java/lang/NoSuchMethodError'{0x00000000cc70d978}: 'java.lang.Object java.lang.invoke.DirectMethodHandle$Holder.invokeStatic(java.lang.Object, int, java.lang.Object, java.lang.Object)'> (0x00000000cc70d978) thrown at [./src/hotspot/share/interpreter/linkResolver.cpp, line 773]

Events (20 events):
Event: 2.960 loading class com/android/tools/r8/graph/d3 done
Event: 2.960 loading class com/android/tools/r8/internal/B7
Event: 2.960 loading class com/android/tools/r8/internal/B7 done
Event: 2.960 loading class com/android/tools/r8/graph/d3
Event: 2.960 loading class com/android/tools/r8/graph/d3 done
Event: 2.960 loading class com/android/tools/r8/graph/d3
Event: 2.960 loading class com/android/tools/r8/graph/d3 done
Event: 2.960 loading class com/android/tools/r8/graph/d3
Event: 2.960 loading class com/android/tools/r8/graph/d3 done
Event: 2.961 loading class com/android/tools/r8/graph/d3
Event: 2.961 loading class com/android/tools/r8/graph/d3 done
Event: 2.961 loading class com/android/tools/r8/internal/A7
Event: 2.961 loading class com/android/tools/r8/internal/A7 done
Event: 2.961 loading class com/android/tools/r8/internal/mH
Event: 2.961 loading class com/android/tools/r8/internal/mH done
Event: 3.004 loading class com/android/tools/r8/internal/mR
Event: 3.004 loading class com/android/tools/r8/internal/mR done
Event: 3.020 Executing VM operation: G1CollectForAllocation
Event: 3.049 Executing VM operation: G1CollectForAllocation done
Event: 3.158 Executing VM operation: G1CollectForAllocation


Dynamic libraries:
0x00007ff792f90000 - 0x00007ff792f9d000 	C:\Program Files\Microsoft\jdk-11.0.16.101-hotspot\bin\java.exe
0x00007ffb08750000 - 0x00007ffb08948000 	C:\WINDOWS\SYSTEM32\ntdll.dll
0x00007ffb07800000 - 0x00007ffb078bf000 	C:\WINDOWS\System32\KERNEL32.DLL
0x00007ffb05f60000 - 0x00007ffb06256000 	C:\WINDOWS\System32\KERNELBASE.dll
0x00007ffb06530000 - 0x00007ffb06630000 	C:\WINDOWS\System32\ucrtbase.dll
0x00007ffafda20000 - 0x00007ffafda37000 	C:\Program Files\Microsoft\jdk-11.0.16.101-hotspot\bin\jli.dll
0x00007ffafcfd0000 - 0x00007ffafcfe5000 	C:\Program Files\Microsoft\jdk-11.0.16.101-hotspot\bin\VCRUNTIME140.dll
0x00007ffb07660000 - 0x00007ffb077fd000 	C:\WINDOWS\System32\USER32.dll
0x00007ffaf0250000 - 0x00007ffaf04ea000 	C:\WINDOWS\WinSxS\amd64_microsoft.windows.common-controls_6595b64144ccf1df_6.0.19041.1110_none_60b5254171f9507e\COMCTL32.dll
0x00007ffb06780000 - 0x00007ffb067a2000 	C:\WINDOWS\System32\win32u.dll
0x00007ffb06b20000 - 0x00007ffb06bbe000 	C:\WINDOWS\System32\msvcrt.dll
0x00007ffb07b30000 - 0x00007ffb07b5c000 	C:\WINDOWS\System32\GDI32.dll
0x00007ffb06260000 - 0x00007ffb06375000 	C:\WINDOWS\System32\gdi32full.dll
0x00007ffb05e30000 - 0x00007ffb05ecd000 	C:\WINDOWS\System32\msvcp_win.dll
0x00007ffb068c0000 - 0x00007ffb068f0000 	C:\WINDOWS\System32\IMM32.DLL
0x00007ffae18c0000 - 0x00007ffae195b000 	C:\Program Files\Microsoft\jdk-11.0.16.101-hotspot\bin\msvcp140.dll
0x00007ffabf5c0000 - 0x00007ffac014a000 	C:\Program Files\Microsoft\jdk-11.0.16.101-hotspot\bin\server\jvm.dll
0x00007ffb06fc0000 - 0x00007ffb0706f000 	C:\WINDOWS\System32\ADVAPI32.dll
0x00007ffb08390000 - 0x00007ffb0842c000 	C:\WINDOWS\System32\sechost.dll
0x00007ffb06950000 - 0x00007ffb06a76000 	C:\WINDOWS\System32\RPCRT4.dll
0x00007ffb07b20000 - 0x00007ffb07b28000 	C:\WINDOWS\System32\PSAPI.DLL
0x00007ffafc180000 - 0x00007ffafc1a7000 	C:\WINDOWS\SYSTEM32\WINMM.dll
0x00007ffafc1b0000 - 0x00007ffafc1ba000 	C:\WINDOWS\SYSTEM32\VERSION.dll
0x00007ffb01900000 - 0x00007ffb01909000 	C:\WINDOWS\SYSTEM32\WSOCK32.dll
0x00007ffb07180000 - 0x00007ffb071eb000 	C:\WINDOWS\System32\WS2_32.dll
0x00007ffb03ca0000 - 0x00007ffb03cb2000 	C:\WINDOWS\SYSTEM32\kernel.appcore.dll
0x00007ffb03580000 - 0x00007ffb03590000 	C:\Program Files\Microsoft\jdk-11.0.16.101-hotspot\bin\verify.dll
0x00007ffaf7e50000 - 0x00007ffaf8034000 	C:\WINDOWS\SYSTEM32\DBGHELP.DLL
0x00007ffaea4b0000 - 0x00007ffaea4e4000 	C:\WINDOWS\SYSTEM32\dbgcore.DLL
0x00007ffb05ed0000 - 0x00007ffb05f52000 	C:\WINDOWS\System32\bcryptPrimitives.dll
0x00007ffafcdd0000 - 0x00007ffafcdf8000 	C:\Program Files\Microsoft\jdk-11.0.16.101-hotspot\bin\java.dll
0x00007ffafff00000 - 0x00007ffafff0a000 	C:\Program Files\Microsoft\jdk-11.0.16.101-hotspot\bin\jimage.dll
0x00007ffafcba0000 - 0x00007ffafcbb8000 	C:\Program Files\Microsoft\jdk-11.0.16.101-hotspot\bin\zip.dll
0x00007ffb07b60000 - 0x00007ffb082a4000 	C:\WINDOWS\System32\SHELL32.dll
0x00007ffb03ea0000 - 0x00007ffb04633000 	C:\WINDOWS\SYSTEM32\windows.storage.dll
0x00007ffb06c60000 - 0x00007ffb06fb4000 	C:\WINDOWS\System32\combase.dll
0x00007ffb057a0000 - 0x00007ffb057ce000 	C:\WINDOWS\SYSTEM32\Wldp.dll
0x00007ffb07070000 - 0x00007ffb0711d000 	C:\WINDOWS\System32\SHCORE.dll
0x00007ffb068f0000 - 0x00007ffb06945000 	C:\WINDOWS\System32\shlwapi.dll
0x00007ffb05d70000 - 0x00007ffb05d8f000 	C:\WINDOWS\SYSTEM32\profapi.dll
0x00007ffaf4be0000 - 0x00007ffaf4bf9000 	C:\Program Files\Microsoft\jdk-11.0.16.101-hotspot\bin\net.dll
0x00007ffafe440000 - 0x00007ffafe54a000 	C:\WINDOWS\SYSTEM32\WINHTTP.dll
0x00007ffb05580000 - 0x00007ffb055ea000 	C:\WINDOWS\system32\mswsock.dll
0x00007ffaee050000 - 0x00007ffaee063000 	C:\Program Files\Microsoft\jdk-11.0.16.101-hotspot\bin\nio.dll

dbghelp: loaded successfully - version: 4.0.5 - missing functions: none
symbol engine: initialized successfully - sym options: 0x614 - pdb path: .;C:\Program Files\Microsoft\jdk-11.0.16.101-hotspot\bin;C:\WINDOWS\SYSTEM32;C:\WINDOWS\WinSxS\amd64_microsoft.windows.common-controls_6595b64144ccf1df_6.0.19041.1110_none_60b5254171f9507e;C:\Program Files\Microsoft\jdk-11.0.16.101-hotspot\bin\server

VM Arguments:
jvm_args: -Xmx1G 
java_command: com.android.tools.r8.D8 --debug --min-api 21 --output obj\Debug\130\android\bin\ --lib C:\Program Files (x86)\Android\android-sdk\platforms\android-33\android.jar obj\Debug\130\android\bin\classes.zip D:\Visual Studio IDE\Common7\IDE\ReferenceAssemblies\Microsoft\Framework\MonoAndroid\v13.0\mono.android.jar D:\Visual Studio IDE\MSBuild\Xamarin\Android\java_runtime_fastdev.jar C:\Users\dinco\.nuget\packages\xamarin.androidx.annotation\1.2.0.1\buildTransitive\monoandroid90\..\..\jar\androidx.annotation.annotation.jar C:\Users\dinco\.nuget\packages\xamarin.androidx.collection\1.1.0.8\buildTransitive\monoandroid90\..\..\jar\androidx.collection.collection.jar C:\Users\dinco\.nuget\packages\xamarin.androidx.lifecycle.common\2.3.1.1\buildTransitive\monoandroid90\..\..\jar\androidx.lifecycle.lifecycle-common.jar C:\Users\dinco\.nuget\packages\xamarin.androidx.arch.core.common\2.1.0.9\buildTransitive\monoandroid90\..\..\jar\androidx.arch.core.core-common.jar C:\Users\dinco\.nuget\packages\xamarin.androidx.constraintlayout.core\1.0.0\buildTransitive\monoandroid90\..\..\jar\androidx.constraintlayout.constraintlayout-core.jar C:\Users\dinco\.nuget\packages\xamarin.androidx.concurrent.futures\1.1.0.3\buildTransitive\monoandroid90\..\..\jar\androidx.concurrent.concurrent-futures.jar obj\Debug\130\androidx\jl\b672d36c-4006-48c0-ab82-c507db742aeb.jar obj\Debug\130\lp\0\jl\formsviewgroup.jar obj\Debug\130\lp\100\jl\classes.jar obj\Debug\130\lp\101\jl\classes.jar obj\Debug\130\lp\102\jl\classes.jar obj\Debug\130\lp\103\jl\classes.jar obj\Debug\130\lp\104\jl\classes.jar obj\Debug\130\lp\105\jl\classes.jar obj\Debug\130\lp\106\jl\classes.jar obj\Debug\130\lp\108\jl\classes.jar obj\Debug\130\lp\63\jl\classes.jar obj\Debug\130\lp\64\jl\classes.jar obj\Debug\130\lp\65\jl\classes.jar obj\Debug\130\lp\66\jl\classes.jar obj\Debug\130\lp\67\jl\classes.jar obj\Debug\130\lp\68\jl\classes.jar obj\Debug\130\lp\69\jl\classes.jar obj\Debug\130\lp\70\jl\classes.jar obj\Debug\130\lp\7
java_class_path (initial): D:\Visual Studio IDE\MSBuild\Xamarin\Android\r8.jar
Launcher Type: SUN_STANDARD

[Global flags]
     intx CICompilerCount                          = 4                                         {product} {ergonomic}
     uint ConcGCThreads                            = 2                                         {product} {ergonomic}
     uint G1ConcRefinementThreads                  = 8                                         {product} {ergonomic}
   size_t G1HeapRegionSize                         = 1048576                                   {product} {ergonomic}
    uintx GCDrainStackTargetSize                   = 64                                        {product} {ergonomic}
   size_t InitialHeapSize                          = 100663296                                 {product} {ergonomic}
   size_t MarkStackSize                            = 4194304                                   {product} {ergonomic}
   size_t MaxHeapSize                              = 1073741824                                {product} {command line}
   size_t MaxNewSize                               = 643825664                                 {product} {ergonomic}
   size_t MinHeapDeltaBytes                        = 1048576                                   {product} {ergonomic}
    uintx NonNMethodCodeHeapSize                   = 5836300                                {pd product} {ergonomic}
    uintx NonProfiledCodeHeapSize                  = 122910970                              {pd product} {ergonomic}
    uintx ProfiledCodeHeapSize                     = 122910970                              {pd product} {ergonomic}
    uintx ReservedCodeCacheSize                    = 251658240                              {pd product} {ergonomic}
     bool SegmentedCodeCache                       = true                                      {product} {ergonomic}
     bool UseCompressedClassPointers               = true                                 {lp64_product} {ergonomic}
     bool UseCompressedOops                        = true                                 {lp64_product} {ergonomic}
     bool UseG1GC                                  = true                                      {product} {ergonomic}
     bool UseLargePagesIndividualAllocation        = false                                  {pd product} {ergonomic}

Logging:
Log output configuration:
 #0: stdout all=warning uptime,level,tags
 #1: stderr all=off uptime,level,tags

Environment Variables:
PATH=D:\VMWare17Pro\bin\;C:\Program Files\Microsoft\jdk-11.0.16.101-hotspot\bin;C:\Program Files (x86)\Microsoft SDKs\Azure\CLI2\wbin;C:\Program Files\Common Files\Oracle\Java\javapath;C:\Program Files (x86)\Common Files\Oracle\Java\javapath;D:\01_Anul IV\Sem I\SI\JDK 11\bin;D:\Oracle\product\11.2.0\client_1;D:\Oracle\product\11.2.0\client_1\bin;C:\Windows\system32;C:\Windows;C:\Windows\System32\Wbem;C:\Windows\System32\WindowsPowerShell\v1.0\;C:\Windows\System32\OpenSSH\;C:\Program Files\NVIDIA Corporation\NVIDIA NvDLISR;C:\Program Files (x86)\NVIDIA Corporation\PhysX\Common;C:\WINDOWS\system32;C:\WINDOWS;C:\WINDOWS\System32\Wbem;C:\WINDOWS\System32\WindowsPowerShell\v1.0\;C:\WINDOWS\System32\OpenSSH\;C:\Program Files\Microsoft SQL Server\130\Tools\Binn\;D:\Git\cmd;D:\NodeJS\;C:\Program Files (x86)\Microsoft SQL Server\160\DTS\Binn\;C:\Program Files\Microsoft SQL Server\150\Tools\Binn\;C:\Program Files\Microsoft SQL Server\Client SDK\ODBC\170\Tools\Binn\;C:\Program Files\dotnet\;D:\Putty\;C:\Program Files\MySQL\MySQL Shell 8.0\bin\;D:\Tizen SDK\tools\ide\bin;C:\Users\dinco\AppData\Local\Programs\Python\Python310\Scripts\;C:\Users\dinco\AppData\Local\Programs\Python\Python310\;C:\Users\dinco\AppData\Local\Microsoft\WindowsApps;C:\Users\dinco\AppData\Local\GitHubDesktop\bin;D:\Microsoft VS Code\bin;C:\Users\dinco\.dotnet\tools;C:\Users\dinco\AppData\Roaming\npm;C:\Program Files\Azure Data Studio\bin;C:\Users\dinco\.dotnet\tools;D:\ModelSim\modelsim_ase\win32aloem
USERNAME=dinco
OS=Windows_NT
PROCESSOR_IDENTIFIER=AMD64 Family 23 Model 24 Stepping 1, AuthenticAMD
TMP=C:\Users\dinco\AppData\Local\Temp
TEMP=C:\Users\dinco\AppData\Local\Temp



---------------  S Y S T E M  ---------------

OS: Windows 10 , 64 bit Build 19041 (10.0.19041.3031)
OS uptime: 14 days 7:29 hours
Hyper-V role detected

CPU:total 8 (initial active 8) (8 cores per cpu, 2 threads per core) family 23 model 24 stepping 1 microcode 0x0, cmov, cx8, fxsr, mmx, sse, sse2, sse3, ssse3, sse4.1, sse4.2, popcnt, avx, avx2, aes, clmul, mmxext, 3dnowpref, lzcnt, sse4a, ht, tsc, tscinvbit, tscinv, bmi1, bmi2, adx, sha, fma

Memory: 4k page, system-wide physical 6076M (245M free)
TotalPageFile size 24508M (AvailPageFile size 102M)
current process WorkingSet (physical memory assigned to process): 290M, peak: 290M
current process commit charge ("private bytes"): 367M, peak: 524M

vm_info: OpenJDK 64-Bit Server VM (11.0.16.1+1-LTS) for windows-amd64 JRE (11.0.16.1+1-LTS), built on Aug 20 2022 20:09:04 by "" with MS VC++ 15.9 (VS2017)

END.
