#
# There is insufficient memory for the Java Runtime Environment to continue.
# Native memory allocation (mmap) failed to map 105906176 bytes for Failed to commit area from 0x00000000a9f00000 to 0x00000000b0400000 of length 105906176.
# Possible reasons:
#   The system is out of physical RAM or swap space
#   The process is running with CompressedOops enabled, and the Java Heap may be blocking the growth of the native heap
# Possible solutions:
#   Reduce memory load on the system
#   Increase physical memory or swap space
#   Check if swap backing store is full
#   Decrease Java heap size (-Xmx/-Xms)
#   Decrease number of Java threads
#   Decrease Java thread stack sizes (-Xss)
#   Set larger code cache with -XX:ReservedCodeCacheSize=
#   JVM is running with Unscaled Compressed Oops mode in which the Java heap is
#     placed in the first 4GB address space. The Java Heap base address is the
#     maximum limit for the native heap growth. Please use -XX:HeapBaseMinAddress
#     to set the Java Heap base and to place the Java Heap above 4GB virtual address.
# This output file may be truncated or incomplete.
#
#  Out of Memory Error (./src/hotspot/os/windows/os_windows.cpp:3386), pid=30424, tid=39692
#
# JRE version: OpenJDK Runtime Environment Microsoft-40648 (11.0.16.1+1) (build 11.0.16.1+1-LTS)
# Java VM: OpenJDK 64-Bit Server VM Microsoft-40648 (11.0.16.1+1-LTS, mixed mode, tiered, compressed oops, g1 gc, windows-amd64)
# No core dump will be written. Minidumps are not enabled by default on client versions of Windows
#

---------------  S U M M A R Y ------------

Command Line: com.xamarin.androidx.jetifierWrapper.Main -intermediate obj\Release\130\androidx\_AndroidXJetifyEmbeddedFiles.jetify -parallel

Host: AMD Ryzen 7 3750H with Radeon Vega Mobile Gfx  , 8 cores, 5G,  Windows 10 , 64 bit Build 19041 (10.0.19041.3031)
Time: Sun Jul  2 05:49:46 2023 GTB Daylight Time elapsed time: 2.884411 seconds (0d 0h 0m 2s)

---------------  T H R E A D  ---------------

Current thread (0x000001e671eef000):  VMThread "VM Thread" [stack: 0x0000002abc200000,0x0000002abc300000] [id=39692]

Stack: [0x0000002abc200000,0x0000002abc300000]
[error occurred during error reporting (printing stack bounds), id 0xc0000005, EXCEPTION_ACCESS_VIOLATION (0xc0000005) at pc=0x000001e65c17112d]

Native frames: (J=compiled Java code, j=interpreted, Vv=VM code, C=native code)
V  [jvm.dll+0x62652a]
V  [jvm.dll+0x7b3249]
V  [jvm.dll+0x7b4938]
V  [jvm.dll+0x7b4f75]
V  [jvm.dll+0x7b4f2b]
V  [jvm.dll+0x6258b7]
V  [jvm.dll+0x625fc8]
C  [ntdll.dll+0xa247f]
C  [ntdll.dll+0x514f4]
C  [ntdll.dll+0xa0f8e]
C  0x000001e65c17112d

VM_Operation (0x0000002abd6fd5c0): G1CollectForAllocation, mode: safepoint, requested by thread 0x000001e67312c000


---------------  P R O C E S S  ---------------

Threads class SMR info:
_java_thread_list=0x000001e672f61a90, length=20, elements={
0x000001e653a0d000, 0x000001e671ef1000, 0x000001e671efa000, 0x000001e671f0d800,
0x000001e671f0f000, 0x000001e671f10800, 0x000001e671f16800, 0x000001e671f20800,
0x000001e671f27000, 0x000001e672a0e800, 0x000001e672d9e000, 0x000001e672f4d800,
0x000001e672f50000, 0x000001e672f4b800, 0x000001e672f4c800, 0x000001e672f89800,
0x000001e672f3a000, 0x000001e67306e800, 0x000001e673105000, 0x000001e67312c000
}

Java Threads: ( => current thread )
  0x000001e653a0d000 JavaThread "main" [_thread_blocked, id=27488, stack(0x0000002abbc00000,0x0000002abbd00000)]
  0x000001e671ef1000 JavaThread "Reference Handler" daemon [_thread_blocked, id=22728, stack(0x0000002abc300000,0x0000002abc400000)]
  0x000001e671efa000 JavaThread "Finalizer" daemon [_thread_blocked, id=7580, stack(0x0000002abc400000,0x0000002abc500000)]
  0x000001e671f0d800 JavaThread "Signal Dispatcher" daemon [_thread_blocked, id=17192, stack(0x0000002abc500000,0x0000002abc600000)]
  0x000001e671f0f000 JavaThread "Attach Listener" daemon [_thread_blocked, id=33640, stack(0x0000002abc600000,0x0000002abc700000)]
  0x000001e671f10800 JavaThread "Service Thread" daemon [_thread_blocked, id=30556, stack(0x0000002abc700000,0x0000002abc800000)]
  0x000001e671f16800 JavaThread "C2 CompilerThread0" daemon [_thread_blocked, id=37476, stack(0x0000002abc800000,0x0000002abc900000)]
  0x000001e671f20800 JavaThread "C1 CompilerThread0" daemon [_thread_blocked, id=41400, stack(0x0000002abc900000,0x0000002abca00000)]
  0x000001e671f27000 JavaThread "Sweeper thread" daemon [_thread_blocked, id=31540, stack(0x0000002abca00000,0x0000002abcb00000)]
  0x000001e672a0e800 JavaThread "Common-Cleaner" daemon [_thread_blocked, id=14272, stack(0x0000002abcc00000,0x0000002abcd00000)]
  0x000001e672d9e000 JavaThread "pool-1-thread-1" [_thread_blocked, id=24696, stack(0x0000002abcd00000,0x0000002abce00000)]
  0x000001e672f4d800 JavaThread "pool-1-thread-2" [_thread_blocked, id=29352, stack(0x0000002abce00000,0x0000002abcf00000)]
  0x000001e672f50000 JavaThread "pool-1-thread-3" [_thread_blocked, id=13180, stack(0x0000002abcf00000,0x0000002abd000000)]
  0x000001e672f4b800 JavaThread "pool-1-thread-4" [_thread_blocked, id=18276, stack(0x0000002abd000000,0x0000002abd100000)]
  0x000001e672f4c800 JavaThread "pool-1-thread-5" [_thread_blocked, id=25328, stack(0x0000002abd100000,0x0000002abd200000)]
  0x000001e672f89800 JavaThread "pool-1-thread-6" [_thread_blocked, id=5712, stack(0x0000002abd200000,0x0000002abd300000)]
  0x000001e672f3a000 JavaThread "pool-1-thread-7" [_thread_blocked, id=26436, stack(0x0000002abd300000,0x0000002abd400000)]
  0x000001e67306e800 JavaThread "pool-1-thread-8" [_thread_blocked, id=14092, stack(0x0000002abd400000,0x0000002abd500000)]
  0x000001e673105000 JavaThread "pool-1-thread-9" [_thread_blocked, id=39284, stack(0x0000002abd500000,0x0000002abd600000)]
  0x000001e67312c000 JavaThread "pool-1-thread-10" [_thread_blocked, id=24256, stack(0x0000002abd600000,0x0000002abd700000)]

Other Threads:
=>0x000001e671eef000 VMThread "VM Thread" [stack: 0x0000002abc200000,0x0000002abc300000] [id=39692]
  0x000001e672a04000 WatcherThread [stack: 0x0000002abcb00000,0x0000002abcc00000] [id=19340]
  0x000001e653a24800 GCTaskThread "GC Thread#0" [stack: 0x0000002abbd00000,0x0000002abbe00000] [id=9796]
  0x000001e67334c000 GCTaskThread "GC Thread#1" [stack: 0x0000002abd700000,0x0000002abd800000] [id=14260]
  0x000001e67334c800 GCTaskThread "GC Thread#2" [stack: 0x0000002abd800000,0x0000002abd900000] [id=14112]
  0x000001e67334d800 GCTaskThread "GC Thread#3" [stack: 0x0000002abd900000,0x0000002abda00000] [id=17584]
  0x000001e67304a000 GCTaskThread "GC Thread#4" [stack: 0x0000002abda00000,0x0000002abdb00000] [id=34036]
  0x000001e67304a800 GCTaskThread "GC Thread#5" [stack: 0x0000002abdb00000,0x0000002abdc00000] [id=24464]
  0x000001e67304b800 GCTaskThread "GC Thread#6" [stack: 0x0000002abdc00000,0x0000002abdd00000] [id=276]
  0x000001e6731ce000 GCTaskThread "GC Thread#7" [stack: 0x0000002abdd00000,0x0000002abde00000] [id=38604]
  0x000001e653a4d000 ConcurrentGCThread "G1 Main Marker" [stack: 0x0000002abbe00000,0x0000002abbf00000] [id=24836]
  0x000001e653a50800 ConcurrentGCThread "G1 Conc#0" [stack: 0x0000002abbf00000,0x0000002abc000000] [id=29008]
  0x000001e653ad6800 ConcurrentGCThread "G1 Refine#0" [stack: 0x0000002abc000000,0x0000002abc100000] [id=34976]
  0x000001e653ad7800 ConcurrentGCThread "G1 Young RemSet Sampling" [stack: 0x0000002abc100000,0x0000002abc200000] [id=4836]

Threads with active compile tasks:
C2 CompilerThread0     2899 2387       4       org.objectweb.asm.ClassReader::readCode (3575 bytes)

VM state:at safepoint (normal execution)

VM Mutex/Monitor currently owned by a thread:  ([mutex/lock_event])
[0x000001e653a085c0] Threads_lock - owner thread: 0x000001e671eef000
[0x000001e653a09bb0] Heap_lock - owner thread: 0x000001e67312c000

Heap address: 0x00000000a1000000, size: 1520 MB, Compressed Oops mode: 32-bit
Narrow klass base: 0x0000000000000000, Narrow klass shift: 3
Compressed class space size: 1073741824 Address: 0x0000000100000000

Heap:
 garbage-first heap   total 249856K, used 61749K [0x00000000a1000000, 0x0000000100000000)
  region size 1024K, 4 young (4096K), 4 survivors (4096K)
 Metaspace       used 13827K, capacity 14066K, committed 14336K, reserved 1062912K
  class space    used 1108K, capacity 1173K, committed 1280K, reserved 1048576K
Heap Regions: E=young(eden), S=young(survivor), O=old, HS=humongous(starts), HC=humongous(continues), CS=collection set, F=free, A=archive, TAMS=top-at-mark-start (previous, next)
|   0|0x00000000a1000000, 0x00000000a1100000, 0x00000000a1100000|100%| O|  |TAMS 0x00000000a1000000, 0x00000000a1000000| Untracked 
|   1|0x00000000a1100000, 0x00000000a1200000, 0x00000000a1200000|100%| O|  |TAMS 0x00000000a1100000, 0x00000000a1100000| Untracked 
|   2|0x00000000a1200000, 0x00000000a1300000, 0x00000000a1300000|100%|HS|  |TAMS 0x00000000a1200000, 0x00000000a1200000| Complete 
|   3|0x00000000a1300000, 0x00000000a1400000, 0x00000000a1400000|100%| O|  |TAMS 0x00000000a1300000, 0x00000000a1300000| Untracked 
|   4|0x00000000a1400000, 0x00000000a1500000, 0x00000000a1500000|100%| O|  |TAMS 0x00000000a1400000, 0x00000000a1400000| Untracked 
|   5|0x00000000a1500000, 0x00000000a1600000, 0x00000000a1600000|100%| O|  |TAMS 0x00000000a1500000, 0x00000000a1500000| Untracked 
|   6|0x00000000a1600000, 0x00000000a1700000, 0x00000000a1700000|100%| O|  |TAMS 0x00000000a1600000, 0x00000000a1600000| Untracked 
|   7|0x00000000a1700000, 0x00000000a1800000, 0x00000000a1800000|100%| O|  |TAMS 0x00000000a1700000, 0x00000000a1700000| Untracked 
|   8|0x00000000a1800000, 0x00000000a1900000, 0x00000000a1900000|100%| O|  |TAMS 0x00000000a1800000, 0x00000000a1800000| Untracked 
|   9|0x00000000a1900000, 0x00000000a1a00000, 0x00000000a1a00000|100%| O|  |TAMS 0x00000000a1900000, 0x00000000a1900000| Untracked 
|  10|0x00000000a1a00000, 0x00000000a1b00000, 0x00000000a1b00000|100%| O|  |TAMS 0x00000000a1a00000, 0x00000000a1a00000| Untracked 
|  11|0x00000000a1b00000, 0x00000000a1c00000, 0x00000000a1c00000|100%| O|  |TAMS 0x00000000a1b00000, 0x00000000a1b00000| Untracked 
|  12|0x00000000a1c00000, 0x00000000a1d00000, 0x00000000a1d00000|100%| O|  |TAMS 0x00000000a1c00000, 0x00000000a1c00000| Untracked 
|  13|0x00000000a1d00000, 0x00000000a1e00000, 0x00000000a1e00000|100%| O|  |TAMS 0x00000000a1d00000, 0x00000000a1d00000| Untracked 
|  14|0x00000000a1e00000, 0x00000000a1f00000, 0x00000000a1f00000|100%| O|  |TAMS 0x00000000a1e00000, 0x00000000a1e00000| Untracked 
|  15|0x00000000a1f00000, 0x00000000a2000000, 0x00000000a2000000|100%| O|  |TAMS 0x00000000a1f00000, 0x00000000a1f00000| Untracked 
|  16|0x00000000a2000000, 0x00000000a2100000, 0x00000000a2100000|100%| O|  |TAMS 0x00000000a2000000, 0x00000000a2000000| Untracked 
|  17|0x00000000a2100000, 0x00000000a2200000, 0x00000000a2200000|100%| O|  |TAMS 0x00000000a2100000, 0x00000000a2100000| Untracked 
|  18|0x00000000a2200000, 0x00000000a2300000, 0x00000000a2300000|100%| O|  |TAMS 0x00000000a2200000, 0x00000000a2200000| Untracked 
|  19|0x00000000a2300000, 0x00000000a2400000, 0x00000000a2400000|100%| O|  |TAMS 0x00000000a2300000, 0x00000000a2300000| Untracked 
|  20|0x00000000a2400000, 0x00000000a2500000, 0x00000000a2500000|100%| O|  |TAMS 0x00000000a2400000, 0x00000000a2400000| Untracked 
|  21|0x00000000a2500000, 0x00000000a2600000, 0x00000000a2600000|100%| O|  |TAMS 0x00000000a2500000, 0x00000000a2500000| Untracked 
|  22|0x00000000a2600000, 0x00000000a2700000, 0x00000000a2700000|100%| O|  |TAMS 0x00000000a2600000, 0x00000000a2600000| Untracked 
|  23|0x00000000a2700000, 0x00000000a2800000, 0x00000000a2800000|100%| O|  |TAMS 0x00000000a2700000, 0x00000000a2700000| Untracked 
|  24|0x00000000a2800000, 0x00000000a2900000, 0x00000000a2900000|100%| O|  |TAMS 0x00000000a2800000, 0x00000000a2800000| Untracked 
|  25|0x00000000a2900000, 0x00000000a2a00000, 0x00000000a2a00000|100%| O|  |TAMS 0x00000000a2900000, 0x00000000a2900000| Untracked 
|  26|0x00000000a2a00000, 0x00000000a2b00000, 0x00000000a2b00000|100%| O|  |TAMS 0x00000000a2a00000, 0x00000000a2a00000| Untracked 
|  27|0x00000000a2b00000, 0x00000000a2c00000, 0x00000000a2c00000|100%| O|  |TAMS 0x00000000a2b00000, 0x00000000a2b00000| Untracked 
|  28|0x00000000a2c00000, 0x00000000a2d00000, 0x00000000a2d00000|100%| O|  |TAMS 0x00000000a2c00000, 0x00000000a2c00000| Untracked 
|  29|0x00000000a2d00000, 0x00000000a2e00000, 0x00000000a2e00000|100%| O|  |TAMS 0x00000000a2d00000, 0x00000000a2d00000| Untracked 
|  30|0x00000000a2e00000, 0x00000000a2f00000, 0x00000000a2f00000|100%| O|  |TAMS 0x00000000a2e00000, 0x00000000a2e00000| Untracked 
|  31|0x00000000a2f00000, 0x00000000a3000000, 0x00000000a3000000|100%| O|  |TAMS 0x00000000a2f00000, 0x00000000a2f00000| Untracked 
|  32|0x00000000a3000000, 0x00000000a3100000, 0x00000000a3100000|100%| O|  |TAMS 0x00000000a3000000, 0x00000000a3000000| Untracked 
|  33|0x00000000a3100000, 0x00000000a3200000, 0x00000000a3200000|100%| O|  |TAMS 0x00000000a3100000, 0x00000000a3100000| Untracked 
|  34|0x00000000a3200000, 0x00000000a3300000, 0x00000000a3300000|100%| O|  |TAMS 0x00000000a3200000, 0x00000000a3200000| Untracked 
|  35|0x00000000a3300000, 0x00000000a3400000, 0x00000000a3400000|100%| O|  |TAMS 0x00000000a3300000, 0x00000000a3300000| Untracked 
|  36|0x00000000a3400000, 0x00000000a3500000, 0x00000000a3500000|100%| O|  |TAMS 0x00000000a3400000, 0x00000000a3400000| Untracked 
|  37|0x00000000a3500000, 0x00000000a3600000, 0x00000000a3600000|100%| O|  |TAMS 0x00000000a3500000, 0x00000000a3500000| Untracked 
|  38|0x00000000a3600000, 0x00000000a3700000, 0x00000000a3700000|100%| O|  |TAMS 0x00000000a3600000, 0x00000000a3600000| Untracked 
|  39|0x00000000a3700000, 0x00000000a3800000, 0x00000000a3800000|100%| O|  |TAMS 0x00000000a3700000, 0x00000000a3700000| Untracked 
|  40|0x00000000a3800000, 0x00000000a3900000, 0x00000000a3900000|100%| O|  |TAMS 0x00000000a3800000, 0x00000000a3800000| Untracked 
|  41|0x00000000a3900000, 0x00000000a3a00000, 0x00000000a3a00000|100%| O|  |TAMS 0x00000000a3900000, 0x00000000a3900000| Untracked 
|  42|0x00000000a3a00000, 0x00000000a3b00000, 0x00000000a3b00000|100%| O|  |TAMS 0x00000000a3a00000, 0x00000000a3a00000| Untracked 
|  43|0x00000000a3b00000, 0x00000000a3c00000, 0x00000000a3c00000|100%| O|  |TAMS 0x00000000a3b00000, 0x00000000a3b00000| Untracked 
|  44|0x00000000a3c00000, 0x00000000a3d00000, 0x00000000a3d00000|100%| O|  |TAMS 0x00000000a3c00000, 0x00000000a3c00000| Untracked 
|  45|0x00000000a3d00000, 0x00000000a3e00000, 0x00000000a3e00000|100%| O|  |TAMS 0x00000000a3d00000, 0x00000000a3d00000| Untracked 
|  46|0x00000000a3e00000, 0x00000000a3f00000, 0x00000000a3f00000|100%| O|  |TAMS 0x00000000a3e00000, 0x00000000a3e00000| Untracked 
|  47|0x00000000a3f00000, 0x00000000a4000000, 0x00000000a4000000|100%| O|  |TAMS 0x00000000a3f00000, 0x00000000a3f00000| Untracked 
|  48|0x00000000a4000000, 0x00000000a4100000, 0x00000000a4100000|100%| O|  |TAMS 0x00000000a4000000, 0x00000000a4000000| Untracked 
|  49|0x00000000a4100000, 0x00000000a4200000, 0x00000000a4200000|100%| O|  |TAMS 0x00000000a4100000, 0x00000000a4100000| Untracked 
|  50|0x00000000a4200000, 0x00000000a4300000, 0x00000000a4300000|100%| O|  |TAMS 0x00000000a4200000, 0x00000000a4200000| Untracked 
|  51|0x00000000a4300000, 0x00000000a4400000, 0x00000000a4400000|100%| O|  |TAMS 0x00000000a4300000, 0x00000000a4300000| Untracked 
|  52|0x00000000a4400000, 0x00000000a4500000, 0x00000000a4500000|100%| O|  |TAMS 0x00000000a4400000, 0x00000000a4400000| Untracked 
|  53|0x00000000a4500000, 0x00000000a4600000, 0x00000000a4600000|100%| O|  |TAMS 0x00000000a4500000, 0x00000000a4500000| Untracked 
|  54|0x00000000a4600000, 0x00000000a4700000, 0x00000000a4700000|100%| O|  |TAMS 0x00000000a4600000, 0x00000000a4600000| Untracked 
|  55|0x00000000a4700000, 0x00000000a4800000, 0x00000000a4800000|100%| O|  |TAMS 0x00000000a4700000, 0x00000000a4700000| Untracked 
|  56|0x00000000a4800000, 0x00000000a484d400, 0x00000000a4900000| 30%| O|  |TAMS 0x00000000a4800000, 0x00000000a4800000| Untracked 
|  57|0x00000000a4900000, 0x00000000a4900000, 0x00000000a4a00000|  0%| F|  |TAMS 0x00000000a4900000, 0x00000000a4900000| Untracked 
|  58|0x00000000a4a00000, 0x00000000a4a00000, 0x00000000a4b00000|  0%| F|  |TAMS 0x00000000a4a00000, 0x00000000a4a00000| Untracked 
|  59|0x00000000a4b00000, 0x00000000a4b00000, 0x00000000a4c00000|  0%| F|  |TAMS 0x00000000a4b00000, 0x00000000a4b00000| Untracked 
|  60|0x00000000a4c00000, 0x00000000a4c00000, 0x00000000a4d00000|  0%| F|  |TAMS 0x00000000a4c00000, 0x00000000a4c00000| Untracked 
|  61|0x00000000a4d00000, 0x00000000a4d00000, 0x00000000a4e00000|  0%| F|  |TAMS 0x00000000a4d00000, 0x00000000a4d00000| Untracked 
|  62|0x00000000a4e00000, 0x00000000a4e00000, 0x00000000a4f00000|  0%| F|  |TAMS 0x00000000a4e00000, 0x00000000a4e00000| Untracked 
|  63|0x00000000a4f00000, 0x00000000a4f00000, 0x00000000a5000000|  0%| F|  |TAMS 0x00000000a4f00000, 0x00000000a4f00000| Untracked 
|  64|0x00000000a5000000, 0x00000000a5000000, 0x00000000a5100000|  0%| F|  |TAMS 0x00000000a5000000, 0x00000000a5000000| Untracked 
|  65|0x00000000a5100000, 0x00000000a5100000, 0x00000000a5200000|  0%| F|  |TAMS 0x00000000a5100000, 0x00000000a5100000| Untracked 
|  66|0x00000000a5200000, 0x00000000a5200000, 0x00000000a5300000|  0%| F|  |TAMS 0x00000000a5200000, 0x00000000a5200000| Untracked 
|  67|0x00000000a5300000, 0x00000000a5300000, 0x00000000a5400000|  0%| F|  |TAMS 0x00000000a5300000, 0x00000000a5300000| Untracked 
|  68|0x00000000a5400000, 0x00000000a5400000, 0x00000000a5500000|  0%| F|  |TAMS 0x00000000a5400000, 0x00000000a5400000| Untracked 
|  69|0x00000000a5500000, 0x00000000a5500000, 0x00000000a5600000|  0%| F|  |TAMS 0x00000000a5500000, 0x00000000a5500000| Untracked 
|  70|0x00000000a5600000, 0x00000000a5600000, 0x00000000a5700000|  0%| F|  |TAMS 0x00000000a5600000, 0x00000000a5600000| Untracked 
|  71|0x00000000a5700000, 0x00000000a5700000, 0x00000000a5800000|  0%| F|  |TAMS 0x00000000a5700000, 0x00000000a5700000| Untracked 
|  72|0x00000000a5800000, 0x00000000a5800000, 0x00000000a5900000|  0%| F|  |TAMS 0x00000000a5800000, 0x00000000a5800000| Untracked 
|  73|0x00000000a5900000, 0x00000000a5900000, 0x00000000a5a00000|  0%| F|  |TAMS 0x00000000a5900000, 0x00000000a5900000| Untracked 
|  74|0x00000000a5a00000, 0x00000000a5a00000, 0x00000000a5b00000|  0%| F|  |TAMS 0x00000000a5a00000, 0x00000000a5a00000| Untracked 
|  75|0x00000000a5b00000, 0x00000000a5b00000, 0x00000000a5c00000|  0%| F|  |TAMS 0x00000000a5b00000, 0x00000000a5b00000| Untracked 
|  76|0x00000000a5c00000, 0x00000000a5c00000, 0x00000000a5d00000|  0%| F|  |TAMS 0x00000000a5c00000, 0x00000000a5c00000| Untracked 
|  77|0x00000000a5d00000, 0x00000000a5d00000, 0x00000000a5e00000|  0%| F|  |TAMS 0x00000000a5d00000, 0x00000000a5d00000| Untracked 
|  78|0x00000000a5e00000, 0x00000000a5e00000, 0x00000000a5f00000|  0%| F|  |TAMS 0x00000000a5e00000, 0x00000000a5e00000| Untracked 
|  79|0x00000000a5f00000, 0x00000000a5f00000, 0x00000000a6000000|  0%| F|  |TAMS 0x00000000a5f00000, 0x00000000a5f00000| Untracked 
|  80|0x00000000a6000000, 0x00000000a6000000, 0x00000000a6100000|  0%| F|  |TAMS 0x00000000a6000000, 0x00000000a6000000| Untracked 
|  81|0x00000000a6100000, 0x00000000a6100000, 0x00000000a6200000|  0%| F|  |TAMS 0x00000000a6100000, 0x00000000a6100000| Untracked 
|  82|0x00000000a6200000, 0x00000000a6200000, 0x00000000a6300000|  0%| F|  |TAMS 0x00000000a6200000, 0x00000000a6200000| Untracked 
|  83|0x00000000a6300000, 0x00000000a6300000, 0x00000000a6400000|  0%| F|  |TAMS 0x00000000a6300000, 0x00000000a6300000| Untracked 
|  84|0x00000000a6400000, 0x00000000a6500000, 0x00000000a6500000|100%| S|CS|TAMS 0x00000000a6400000, 0x00000000a6400000| Complete 
|  85|0x00000000a6500000, 0x00000000a6600000, 0x00000000a6600000|100%| S|CS|TAMS 0x00000000a6500000, 0x00000000a6500000| Complete 
|  86|0x00000000a6600000, 0x00000000a6700000, 0x00000000a6700000|100%| S|CS|TAMS 0x00000000a6600000, 0x00000000a6600000| Complete 
|  87|0x00000000a6700000, 0x00000000a6800000, 0x00000000a6800000|100%| S|CS|TAMS 0x00000000a6700000, 0x00000000a6700000| Complete 
|  88|0x00000000a6800000, 0x00000000a6800000, 0x00000000a6900000|  0%| F|  |TAMS 0x00000000a6800000, 0x00000000a6800000| Untracked 
|  89|0x00000000a6900000, 0x00000000a6900000, 0x00000000a6a00000|  0%| F|  |TAMS 0x00000000a6900000, 0x00000000a6900000| Untracked 
|  90|0x00000000a6a00000, 0x00000000a6a00000, 0x00000000a6b00000|  0%| F|  |TAMS 0x00000000a6a00000, 0x00000000a6a00000| Untracked 
|  91|0x00000000a6b00000, 0x00000000a6b00000, 0x00000000a6c00000|  0%| F|  |TAMS 0x00000000a6b00000, 0x00000000a6b00000| Untracked 
|  92|0x00000000a6c00000, 0x00000000a6c00000, 0x00000000a6d00000|  0%| F|  |TAMS 0x00000000a6c00000, 0x00000000a6c00000| Untracked 
|  93|0x00000000a6d00000, 0x00000000a6d00000, 0x00000000a6e00000|  0%| F|  |TAMS 0x00000000a6d00000, 0x00000000a6d00000| Untracked 
|  94|0x00000000a6e00000, 0x00000000a6e00000, 0x00000000a6f00000|  0%| F|  |TAMS 0x00000000a6e00000, 0x00000000a6e00000| Untracked 
|  95|0x00000000a6f00000, 0x00000000a6f00000, 0x00000000a7000000|  0%| F|  |TAMS 0x00000000a6f00000, 0x00000000a6f00000| Untracked 
|  96|0x00000000a7000000, 0x00000000a7000000, 0x00000000a7100000|  0%| F|  |TAMS 0x00000000a7000000, 0x00000000a7000000| Untracked 
|  97|0x00000000a7100000, 0x00000000a7100000, 0x00000000a7200000|  0%| F|  |TAMS 0x00000000a7100000, 0x00000000a7100000| Untracked 
|  98|0x00000000a7200000, 0x00000000a7200000, 0x00000000a7300000|  0%| F|  |TAMS 0x00000000a7200000, 0x00000000a7200000| Untracked 
|  99|0x00000000a7300000, 0x00000000a7300000, 0x00000000a7400000|  0%| F|  |TAMS 0x00000000a7300000, 0x00000000a7300000| Untracked 
| 100|0x00000000a7400000, 0x00000000a7400000, 0x00000000a7500000|  0%| F|  |TAMS 0x00000000a7400000, 0x00000000a7400000| Untracked 
| 101|0x00000000a7500000, 0x00000000a7500000, 0x00000000a7600000|  0%| F|  |TAMS 0x00000000a7500000, 0x00000000a7500000| Untracked 
| 102|0x00000000a7600000, 0x00000000a7600000, 0x00000000a7700000|  0%| F|  |TAMS 0x00000000a7600000, 0x00000000a7600000| Untracked 
| 103|0x00000000a7700000, 0x00000000a7700000, 0x00000000a7800000|  0%| F|  |TAMS 0x00000000a7700000, 0x00000000a7700000| Untracked 
| 104|0x00000000a7800000, 0x00000000a7800000, 0x00000000a7900000|  0%| F|  |TAMS 0x00000000a7800000, 0x00000000a7800000| Untracked 
| 105|0x00000000a7900000, 0x00000000a7900000, 0x00000000a7a00000|  0%| F|  |TAMS 0x00000000a7900000, 0x00000000a7900000| Untracked 
| 106|0x00000000a7a00000, 0x00000000a7a00000, 0x00000000a7b00000|  0%| F|  |TAMS 0x00000000a7a00000, 0x00000000a7a00000| Untracked 
| 107|0x00000000a7b00000, 0x00000000a7b00000, 0x00000000a7c00000|  0%| F|  |TAMS 0x00000000a7b00000, 0x00000000a7b00000| Untracked 
| 108|0x00000000a7c00000, 0x00000000a7c00000, 0x00000000a7d00000|  0%| F|  |TAMS 0x00000000a7c00000, 0x00000000a7c00000| Untracked 
| 109|0x00000000a7d00000, 0x00000000a7d00000, 0x00000000a7e00000|  0%| F|  |TAMS 0x00000000a7d00000, 0x00000000a7d00000| Untracked 
| 110|0x00000000a7e00000, 0x00000000a7e00000, 0x00000000a7f00000|  0%| F|  |TAMS 0x00000000a7e00000, 0x00000000a7e00000| Untracked 
| 111|0x00000000a7f00000, 0x00000000a7f00000, 0x00000000a8000000|  0%| F|  |TAMS 0x00000000a7f00000, 0x00000000a7f00000| Untracked 
| 112|0x00000000a8000000, 0x00000000a8000000, 0x00000000a8100000|  0%| F|  |TAMS 0x00000000a8000000, 0x00000000a8000000| Untracked 
| 113|0x00000000a8100000, 0x00000000a8100000, 0x00000000a8200000|  0%| F|  |TAMS 0x00000000a8100000, 0x00000000a8100000| Untracked 
| 114|0x00000000a8200000, 0x00000000a8200000, 0x00000000a8300000|  0%| F|  |TAMS 0x00000000a8200000, 0x00000000a8200000| Untracked 
| 115|0x00000000a8300000, 0x00000000a8300000, 0x00000000a8400000|  0%| F|  |TAMS 0x00000000a8300000, 0x00000000a8300000| Untracked 
| 116|0x00000000a8400000, 0x00000000a8400000, 0x00000000a8500000|  0%| F|  |TAMS 0x00000000a8400000, 0x00000000a8400000| Untracked 
| 117|0x00000000a8500000, 0x00000000a8500000, 0x00000000a8600000|  0%| F|  |TAMS 0x00000000a8500000, 0x00000000a8500000| Untracked 
| 118|0x00000000a8600000, 0x00000000a8600000, 0x00000000a8700000|  0%| F|  |TAMS 0x00000000a8600000, 0x00000000a8600000| Untracked 
| 119|0x00000000a8700000, 0x00000000a8700000, 0x00000000a8800000|  0%| F|  |TAMS 0x00000000a8700000, 0x00000000a8700000| Untracked 
| 120|0x00000000a8800000, 0x00000000a8800000, 0x00000000a8900000|  0%| F|  |TAMS 0x00000000a8800000, 0x00000000a8800000| Untracked 
| 121|0x00000000a8900000, 0x00000000a8900000, 0x00000000a8a00000|  0%| F|  |TAMS 0x00000000a8900000, 0x00000000a8900000| Untracked 
| 122|0x00000000a8a00000, 0x00000000a8a00000, 0x00000000a8b00000|  0%| F|  |TAMS 0x00000000a8a00000, 0x00000000a8a00000| Untracked 
| 123|0x00000000a8b00000, 0x00000000a8b00000, 0x00000000a8c00000|  0%| F|  |TAMS 0x00000000a8b00000, 0x00000000a8b00000| Untracked 
| 124|0x00000000a8c00000, 0x00000000a8c00000, 0x00000000a8d00000|  0%| F|  |TAMS 0x00000000a8c00000, 0x00000000a8c00000| Untracked 
| 125|0x00000000a8d00000, 0x00000000a8d00000, 0x00000000a8e00000|  0%| F|  |TAMS 0x00000000a8d00000, 0x00000000a8d00000| Untracked 
| 126|0x00000000a8e00000, 0x00000000a8e00000, 0x00000000a8f00000|  0%| F|  |TAMS 0x00000000a8e00000, 0x00000000a8e00000| Untracked 
| 127|0x00000000a8f00000, 0x00000000a8f00000, 0x00000000a9000000|  0%| F|  |TAMS 0x00000000a8f00000, 0x00000000a8f00000| Untracked 
| 128|0x00000000a9000000, 0x00000000a9000000, 0x00000000a9100000|  0%| F|  |TAMS 0x00000000a9000000, 0x00000000a9000000| Untracked 
| 129|0x00000000a9100000, 0x00000000a9100000, 0x00000000a9200000|  0%| F|  |TAMS 0x00000000a9100000, 0x00000000a9100000| Untracked 
| 130|0x00000000a9200000, 0x00000000a9200000, 0x00000000a9300000|  0%| F|  |TAMS 0x00000000a9200000, 0x00000000a9200000| Untracked 
| 131|0x00000000a9300000, 0x00000000a9300000, 0x00000000a9400000|  0%| F|  |TAMS 0x00000000a9300000, 0x00000000a9300000| Untracked 
| 132|0x00000000a9400000, 0x00000000a9400000, 0x00000000a9500000|  0%| F|  |TAMS 0x00000000a9400000, 0x00000000a9400000| Untracked 
| 133|0x00000000a9500000, 0x00000000a9500000, 0x00000000a9600000|  0%| F|  |TAMS 0x00000000a9500000, 0x00000000a9500000| Untracked 
| 134|0x00000000a9600000, 0x00000000a9600000, 0x00000000a9700000|  0%| F|  |TAMS 0x00000000a9600000, 0x00000000a9600000| Untracked 
| 135|0x00000000a9700000, 0x00000000a9700000, 0x00000000a9800000|  0%| F|  |TAMS 0x00000000a9700000, 0x00000000a9700000| Untracked 
| 136|0x00000000a9800000, 0x00000000a9800000, 0x00000000a9900000|  0%| F|  |TAMS 0x00000000a9800000, 0x00000000a9800000| Untracked 
| 137|0x00000000a9900000, 0x00000000a9900000, 0x00000000a9a00000|  0%| F|  |TAMS 0x00000000a9900000, 0x00000000a9900000| Untracked 
| 138|0x00000000a9a00000, 0x00000000a9a00000, 0x00000000a9b00000|  0%| F|  |TAMS 0x00000000a9a00000, 0x00000000a9a00000| Untracked 
| 139|0x00000000a9b00000, 0x00000000a9b00000, 0x00000000a9c00000|  0%| F|  |TAMS 0x00000000a9b00000, 0x00000000a9b00000| Untracked 
| 140|0x00000000a9c00000, 0x00000000a9c00000, 0x00000000a9d00000|  0%| F|  |TAMS 0x00000000a9c00000, 0x00000000a9c00000| Untracked 
| 141|0x00000000a9d00000, 0x00000000a9d00000, 0x00000000a9e00000|  0%| F|  |TAMS 0x00000000a9d00000, 0x00000000a9d00000| Untracked 
| 142|0x00000000a9e00000, 0x00000000a9e00000, 0x00000000a9f00000|  0%| F|  |TAMS 0x00000000a9e00000, 0x00000000a9e00000| Untracked 

Card table byte_map: [0x000001e66bee0000,0x000001e66c1e0000] _byte_map_base: 0x000001e66b9d8000

Marking Bits (Prev, Next): (CMBitMap*) 0x000001e653a46298, (CMBitMap*) 0x000001e653a462d0
 Prev Bits: [0x000001e66c4e0000, 0x000001e66dca0000)
 Next Bits: [0x000001e66dca0000, 0x000001e66f460000)

Polling page: 0x000001e652220000

Metaspace:

Usage:
  Non-class:     12.59 MB capacity,    12.42 MB ( 99%) used,   153.19 KB (  1%) free+waste,    20.19 KB ( <1%) overhead. 
      Class:      1.15 MB capacity,     1.08 MB ( 94%) used,    56.80 KB (  5%) free+waste,     8.00 KB ( <1%) overhead. 
       Both:     13.74 MB capacity,    13.50 MB ( 98%) used,   209.99 KB (  1%) free+waste,    28.19 KB ( <1%) overhead. 

Virtual space:
  Non-class space:       14.00 MB reserved,      12.75 MB ( 91%) committed 
      Class space:        1.00 GB reserved,       1.25 MB ( <1%) committed 
             Both:        1.01 GB reserved,      14.00 MB (  1%) committed 

Chunk freelists:
   Non-Class:  35.00 KB
       Class:  11.00 KB
        Both:  46.00 KB

MaxMetaspaceSize: 17179869184.00 GB
CompressedClassSpaceSize: 1.00 GB
Initial GC threshold: 20.80 MB
Current GC threshold: 20.80 MB
CDS: off

CodeHeap 'non-profiled nmethods': size=120000Kb used=781Kb max_used=781Kb free=119218Kb
 bounds [0x000001e663c40000, 0x000001e663eb0000, 0x000001e66b170000]
CodeHeap 'profiled nmethods': size=120000Kb used=5460Kb max_used=5460Kb free=114539Kb
 bounds [0x000001e65c710000, 0x000001e65cc70000, 0x000001e663c40000]
CodeHeap 'non-nmethods': size=5760Kb used=1145Kb max_used=1167Kb free=4614Kb
 bounds [0x000001e65c170000, 0x000001e65c3e0000, 0x000001e65c710000]
 total_blobs=2791 nmethods=2389 adapters=315
 compilation: enabled
              stopped_count=0, restarted_count=0
 full_count=0

Compilation events (20 events):
Event: 2.855 Thread 0x000001e671f20800 2509       2       org.objectweb.asm.ClassWriter::visitAnnotation (76 bytes)
Event: 2.855 Thread 0x000001e671f20800 nmethod 2509 0x000001e65cc53290 code [0x000001e65cc534a0, 0x000001e65cc53af8]
Event: 2.855 Thread 0x000001e671f20800 2510       2       org.objectweb.asm.commons.ClassRemapper::createAnnotationRemapper (13 bytes)
Event: 2.855 Thread 0x000001e671f20800 nmethod 2510 0x000001e65cc53d10 code [0x000001e65cc53ec0, 0x000001e65cc540a8]
Event: 2.857 Thread 0x000001e671f20800 2511 %     3       java.lang.StringUTF16::hashCode @ 9 (33 bytes)
Event: 2.857 Thread 0x000001e671f20800 nmethod 2511% 0x000001e65cc54190 code [0x000001e65cc54340, 0x000001e65cc54558]
Event: 2.857 Thread 0x000001e671f20800 2512       3       org.objectweb.asm.ClassReader::accept (1273 bytes)
Event: 2.864 Thread 0x000001e671f20800 nmethod 2512 0x000001e65cc54690 code [0x000001e65cc54ee0, 0x000001e65cc5a918]
Event: 2.864 Thread 0x000001e671f20800 2518       3       java.lang.String::hashCode (49 bytes)
Event: 2.865 Thread 0x000001e671f20800 nmethod 2518 0x000001e65cc5d810 code [0x000001e65cc5da00, 0x000001e65cc5de08]
Event: 2.865 Thread 0x000001e671f20800 2514       2       java.lang.String::replace (42 bytes)
Event: 2.865 Thread 0x000001e671f20800 nmethod 2514 0x000001e65cc5df90 code [0x000001e65cc5e160, 0x000001e65cc5e2f8]
Event: 2.865 Thread 0x000001e671f20800 2513       3       org.objectweb.asm.ClassWriter::toByteArray (1456 bytes)
Event: 2.871 Thread 0x000001e671f20800 nmethod 2513 0x000001e65cc5e390 code [0x000001e65cc5ec20, 0x000001e65cc62908]
Event: 2.871 Thread 0x000001e671f20800 2515       2       org.objectweb.asm.commons.ClassRemapper::visitOuterClass (47 bytes)
Event: 2.872 Thread 0x000001e671f20800 nmethod 2515 0x000001e65cc64110 code [0x000001e65cc64320, 0x000001e65cc646b8]
Event: 2.872 Thread 0x000001e671f20800 2516       2       org.objectweb.asm.ClassVisitor::visitOuterClass (18 bytes)
Event: 2.872 Thread 0x000001e671f20800 nmethod 2516 0x000001e65cc64990 code [0x000001e65cc64b40, 0x000001e65cc64c68]
Event: 2.872 Thread 0x000001e671f20800 2517       2       org.objectweb.asm.ClassWriter::visitOuterClass (28 bytes)
Event: 2.872 Thread 0x000001e671f20800 nmethod 2517 0x000001e65cc64d10 code [0x000001e65cc64ee0, 0x000001e65cc65078]

GC Heap History (20 events):
Event: 2.351 GC heap after
{Heap after GC invocations=6 (full 0):
 garbage-first heap   total 98304K, used 29112K [0x00000000a1000000, 0x0000000100000000)
  region size 1024K, 7 young (7168K), 7 survivors (7168K)
 Metaspace       used 13550K, capacity 13746K, committed 14080K, reserved 1062912K
  class space    used 1107K, capacity 1173K, committed 1280K, reserved 1048576K
}
Event: 2.406 GC heap before
{Heap before GC invocations=6 (full 0):
 garbage-first heap   total 98304K, used 73144K [0x00000000a1000000, 0x0000000100000000)
  region size 1024K, 47 young (48128K), 7 survivors (7168K)
 Metaspace       used 13573K, capacity 13746K, committed 14080K, reserved 1062912K
  class space    used 1107K, capacity 1173K, committed 1280K, reserved 1048576K
}
Event: 2.411 GC heap after
{Heap after GC invocations=7 (full 0):
 garbage-first heap   total 121856K, used 31948K [0x00000000a1000000, 0x0000000100000000)
  region size 1024K, 6 young (6144K), 6 survivors (6144K)
 Metaspace       used 13573K, capacity 13746K, committed 14080K, reserved 1062912K
  class space    used 1107K, capacity 1173K, committed 1280K, reserved 1048576K
}
Event: 2.471 GC heap before
{Heap before GC invocations=7 (full 0):
 garbage-first heap   total 121856K, used 88268K [0x00000000a1000000, 0x0000000100000000)
  region size 1024K, 58 young (59392K), 6 survivors (6144K)
 Metaspace       used 13589K, capacity 13810K, committed 14080K, reserved 1062912K
  class space    used 1107K, capacity 1173K, committed 1280K, reserved 1048576K
}
Event: 2.477 GC heap after
{Heap after GC invocations=8 (full 0):
 garbage-first heap   total 121856K, used 38106K [0x00000000a1000000, 0x0000000100000000)
  region size 1024K, 8 young (8192K), 8 survivors (8192K)
 Metaspace       used 13589K, capacity 13810K, committed 14080K, reserved 1062912K
  class space    used 1107K, capacity 1173K, committed 1280K, reserved 1048576K
}
Event: 2.533 GC heap before
{Heap before GC invocations=8 (full 0):
 garbage-first heap   total 121856K, used 87258K [0x00000000a1000000, 0x0000000100000000)
  region size 1024K, 56 young (57344K), 8 survivors (8192K)
 Metaspace       used 13668K, capacity 13938K, committed 14080K, reserved 1062912K
  class space    used 1107K, capacity 1173K, committed 1280K, reserved 1048576K
}
Event: 2.537 GC heap after
{Heap after GC invocations=9 (full 0):
 garbage-first heap   total 121856K, used 41979K [0x00000000a1000000, 0x0000000100000000)
  region size 1024K, 5 young (5120K), 5 survivors (5120K)
 Metaspace       used 13668K, capacity 13938K, committed 14080K, reserved 1062912K
  class space    used 1107K, capacity 1173K, committed 1280K, reserved 1048576K
}
Event: 2.590 GC heap before
{Heap before GC invocations=9 (full 0):
 garbage-first heap   total 121856K, used 91131K [0x00000000a1000000, 0x0000000100000000)
  region size 1024K, 52 young (53248K), 5 survivors (5120K)
 Metaspace       used 13734K, capacity 14002K, committed 14336K, reserved 1062912K
  class space    used 1107K, capacity 1173K, committed 1280K, reserved 1048576K
}
Event: 2.594 GC heap after
{Heap after GC invocations=10 (full 0):
 garbage-first heap   total 121856K, used 43194K [0x00000000a1000000, 0x0000000100000000)
  region size 1024K, 6 young (6144K), 6 survivors (6144K)
 Metaspace       used 13734K, capacity 14002K, committed 14336K, reserved 1062912K
  class space    used 1107K, capacity 1173K, committed 1280K, reserved 1048576K
}
Event: 2.624 GC heap before
{Heap before GC invocations=10 (full 0):
 garbage-first heap   total 121856K, used 95418K [0x00000000a1000000, 0x0000000100000000)
  region size 1024K, 54 young (55296K), 6 survivors (6144K)
 Metaspace       used 13745K, capacity 14002K, committed 14336K, reserved 1062912K
  class space    used 1107K, capacity 1173K, committed 1280K, reserved 1048576K
}
Event: 2.628 GC heap after
{Heap after GC invocations=11 (full 0):
 garbage-first heap   total 121856K, used 46708K [0x00000000a1000000, 0x0000000100000000)
  region size 1024K, 7 young (7168K), 7 survivors (7168K)
 Metaspace       used 13745K, capacity 14002K, committed 14336K, reserved 1062912K
  class space    used 1107K, capacity 1173K, committed 1280K, reserved 1048576K
}
Event: 2.659 GC heap before
{Heap before GC invocations=11 (full 0):
 garbage-first heap   total 121856K, used 94836K [0x00000000a1000000, 0x0000000100000000)
  region size 1024K, 52 young (53248K), 7 survivors (7168K)
 Metaspace       used 13767K, capacity 14002K, committed 14336K, reserved 1062912K
  class space    used 1108K, capacity 1173K, committed 1280K, reserved 1048576K
}
Event: 2.662 GC heap after
{Heap after GC invocations=12 (full 0):
 garbage-first heap   total 146432K, used 46068K [0x00000000a1000000, 0x0000000100000000)
  region size 1024K, 5 young (5120K), 5 survivors (5120K)
 Metaspace       used 13767K, capacity 14002K, committed 14336K, reserved 1062912K
  class space    used 1108K, capacity 1173K, committed 1280K, reserved 1048576K
}
Event: 2.703 GC heap before
{Heap before GC invocations=12 (full 0):
 garbage-first heap   total 146432K, used 112628K [0x00000000a1000000, 0x0000000100000000)
  region size 1024K, 64 young (65536K), 5 survivors (5120K)
 Metaspace       used 13791K, capacity 14002K, committed 14336K, reserved 1062912K
  class space    used 1108K, capacity 1173K, committed 1280K, reserved 1048576K
}
Event: 2.710 GC heap after
{Heap after GC invocations=13 (full 0):
 garbage-first heap   total 146432K, used 53028K [0x00000000a1000000, 0x0000000100000000)
  region size 1024K, 8 young (8192K), 8 survivors (8192K)
 Metaspace       used 13791K, capacity 14002K, committed 14336K, reserved 1062912K
  class space    used 1108K, capacity 1173K, committed 1280K, reserved 1048576K
}
Event: 2.753 GC heap before
{Heap before GC invocations=13 (full 0):
 garbage-first heap   total 146432K, used 110372K [0x00000000a1000000, 0x0000000100000000)
  region size 1024K, 63 young (64512K), 8 survivors (8192K)
 Metaspace       used 13809K, capacity 14066K, committed 14336K, reserved 1062912K
  class space    used 1108K, capacity 1173K, committed 1280K, reserved 1048576K
}
Event: 2.760 GC heap after
{Heap after GC invocations=14 (full 0):
 garbage-first heap   total 146432K, used 60010K [0x00000000a1000000, 0x0000000100000000)
  region size 1024K, 8 young (8192K), 8 survivors (8192K)
 Metaspace       used 13809K, capacity 14066K, committed 14336K, reserved 1062912K
  class space    used 1108K, capacity 1173K, committed 1280K, reserved 1048576K
}
Event: 2.813 GC heap before
{Heap before GC invocations=14 (full 0):
 garbage-first heap   total 146432K, used 111210K [0x00000000a1000000, 0x0000000100000000)
  region size 1024K, 59 young (60416K), 8 survivors (8192K)
 Metaspace       used 13819K, capacity 14066K, committed 14336K, reserved 1062912K
  class space    used 1108K, capacity 1173K, committed 1280K, reserved 1048576K
}
Event: 2.816 GC heap after
{Heap after GC invocations=15 (full 0):
 garbage-first heap   total 146432K, used 61227K [0x00000000a1000000, 0x0000000100000000)
  region size 1024K, 4 young (4096K), 4 survivors (4096K)
 Metaspace       used 13819K, capacity 14066K, committed 14336K, reserved 1062912K
  class space    used 1108K, capacity 1173K, committed 1280K, reserved 1048576K
}
Event: 2.878 GC heap before
{Heap before GC invocations=15 (full 0):
 garbage-first heap   total 146432K, used 113451K [0x00000000a1000000, 0x0000000100000000)
  region size 1024K, 55 young (56320K), 4 survivors (4096K)
 Metaspace       used 13827K, capacity 14066K, committed 14336K, reserved 1062912K
  class space    used 1108K, capacity 1173K, committed 1280K, reserved 1048576K
}

Deoptimization events (20 events):
Event: 2.856 Thread 0x000001e67306e800 DEOPT PACKING pc=0x000001e65cc1ca1b sp=0x0000002abd4fe310
Event: 2.856 Thread 0x000001e67306e800 DEOPT UNPACKING pc=0x000001e65c1ba95e sp=0x0000002abd4fd780 mode 0
Event: 2.856 Thread 0x000001e672f4b800 DEOPT PACKING pc=0x000001e65cc1ca1b sp=0x0000002abd0fe260
Event: 2.856 Thread 0x000001e672f4b800 DEOPT UNPACKING pc=0x000001e65c1ba95e sp=0x0000002abd0fd6d0 mode 0
Event: 2.856 Thread 0x000001e67312c000 DEOPT PACKING pc=0x000001e65cc1ca1b sp=0x0000002abd6fdec0
Event: 2.856 Thread 0x000001e67312c000 DEOPT UNPACKING pc=0x000001e65c1ba95e sp=0x0000002abd6fd330 mode 0
Event: 2.856 Thread 0x000001e672f4b800 DEOPT PACKING pc=0x000001e65cc1ca1b sp=0x0000002abd0fe110
Event: 2.856 Thread 0x000001e67312c000 DEOPT PACKING pc=0x000001e65cc1ca1b sp=0x0000002abd6fde10
Event: 2.856 Thread 0x000001e672f4b800 DEOPT UNPACKING pc=0x000001e65c1ba95e sp=0x0000002abd0fd580 mode 0
Event: 2.856 Thread 0x000001e67312c000 DEOPT UNPACKING pc=0x000001e65c1ba95e sp=0x0000002abd6fd280 mode 0
Event: 2.856 Thread 0x000001e672f4d800 DEOPT PACKING pc=0x000001e65cc1ca1b sp=0x0000002abcefe010
Event: 2.856 Thread 0x000001e672f4d800 DEOPT UNPACKING pc=0x000001e65c1ba95e sp=0x0000002abcefd480 mode 0
Event: 2.856 Thread 0x000001e672f4d800 Uncommon trap: trap_request=0xffffff4d fr.pc=0x000001e663c50c50 relative=0x0000000000000310
Event: 2.856 Thread 0x000001e672f4d800 Uncommon trap: reason=unstable_if action=reinterpret pc=0x000001e663c50c50 method=java.lang.StringUTF16.compress([CI[BII)I @ 20 c2
Event: 2.856 Thread 0x000001e672f4d800 DEOPT PACKING pc=0x000001e663c50c50 sp=0x0000002abcefdfe0
Event: 2.856 Thread 0x000001e672f4d800 DEOPT UNPACKING pc=0x000001e65c1ba1af sp=0x0000002abcefdf80 mode 2
Event: 2.862 Thread 0x000001e672f4d800 DEOPT PACKING pc=0x000001e65cc1da1f sp=0x0000002abcefdba0
Event: 2.862 Thread 0x000001e672f4d800 DEOPT UNPACKING pc=0x000001e65c1ba95e sp=0x0000002abcefcfd8 mode 0
Event: 2.875 Thread 0x000001e672f4b800 DEOPT PACKING pc=0x000001e65ca935e8 sp=0x0000002abd0fea30
Event: 2.875 Thread 0x000001e672f4b800 DEOPT UNPACKING pc=0x000001e65c1ba95e sp=0x0000002abd0fdf38 mode 0

Classes redefined (0 events):
No events

Internal exceptions (6 events):
Event: 0.191 Thread 0x000001e653a0d000 Exception <a 'java/lang/NoSuchMethodError'{0x00000000a6eea6a0}: 'int java.lang.invoke.DirectMethodHandle$Holder.invokeSpecialIFC(java.lang.Object, java.lang.Object, int)'> (0x00000000a6eea6a0) thrown at [./src/hotspot/share/interpreter/linkResolver.cpp, line 773]
Event: 0.713 Thread 0x000001e672f50000 Exception <a 'java/lang/NoSuchMethodError'{0x00000000a5d78850}: 'java.lang.Object java.lang.invoke.DirectMethodHandle$Holder.invokeStatic(java.lang.Object, java.lang.Object, java.lang.Object, java.lang.Object, java.lang.Object, java.lang.Object, java.lang.Object, java.lang.Object, java.lang.Object, java.lang.Object, java.lang.Object, java.lang.Object, java.lang.Object, java.lang.Object, java.lang.Object)'> (0x00000000a5d78850) thrown at [./src/hotspot/share/interpreter/linkResolver.cpp, line 773]
Event: 0.716 Thread 0x000001e672f50000 Exception <a 'java/lang/NoSuchMethodError'{0x00000000a5b0bae0}: 'java.lang.Object java.lang.invoke.DirectMethodHandle$Holder.invokeStatic(java.lang.Object, java.lang.Object, java.lang.Object, java.lang.Object, java.lang.Object, java.lang.Object, java.lang.Object, java.lang.Object, java.lang.Object, java.lang.Object, java.lang.Object, java.lang.Object, java.lang.Object, java.lang.Object, java.lang.Object, java.lang.Object)'> (0x00000000a5b0bae0) thrown at [./src/hotspot/share/interpreter/linkResolver.cpp, l
Event: 0.719 Thread 0x000001e672f50000 Exception <a 'java/lang/NoSuchMethodError'{0x00000000a5b1ac90}: 'java.lang.Object java.lang.invoke.DirectMethodHandle$Holder.invokeSpecial(java.lang.Object, java.lang.Object, int, int, java.lang.Object, java.lang.Object, java.lang.Object)'> (0x00000000a5b1ac90) thrown at [./src/hotspot/share/interpreter/linkResolver.cpp, line 773]
Event: 0.719 Thread 0x000001e672f50000 Exception <a 'java/lang/NoSuchMethodError'{0x00000000a5b1e220}: 'java.lang.Object java.lang.invoke.DelegatingMethodHandle$Holder.reinvoke_L(java.lang.Object, int, int, java.lang.Object, java.lang.Object, java.lang.Object)'> (0x00000000a5b1e220) thrown at [./src/hotspot/share/interpreter/linkResolver.cpp, line 773]
Event: 0.721 Thread 0x000001e672f50000 Exception <a 'java/lang/NoSuchMethodError'{0x00000000a5b226a0}: 'java.lang.Object java.lang.invoke.DirectMethodHandle$Holder.invokeStatic(java.lang.Object, java.lang.Object, java.lang.Object, java.lang.Object, int)'> (0x00000000a5b226a0) thrown at [./src/hotspot/share/interpreter/linkResolver.cpp, line 773]

Events (20 events):
Event: 2.595 Executing VM operation: RevokeBias done
Event: 2.595 Executing VM operation: RevokeBias
Event: 2.595 Executing VM operation: RevokeBias done
Event: 2.595 Executing VM operation: RevokeBias
Event: 2.595 Executing VM operation: RevokeBias done
Event: 2.623 Executing VM operation: G1CollectForAllocation
Event: 2.628 Executing VM operation: G1CollectForAllocation done
Event: 2.628 Executing VM operation: RevokeBias
Event: 2.628 Executing VM operation: RevokeBias done
Event: 2.653 Executing VM operation: BulkRevokeBias
Event: 2.655 Executing VM operation: BulkRevokeBias done
Event: 2.659 Executing VM operation: G1CollectForAllocation
Event: 2.662 Executing VM operation: G1CollectForAllocation done
Event: 2.702 Executing VM operation: G1CollectForAllocation
Event: 2.710 Executing VM operation: G1CollectForAllocation done
Event: 2.753 Executing VM operation: G1CollectForAllocation
Event: 2.760 Executing VM operation: G1CollectForAllocation done
Event: 2.813 Executing VM operation: G1CollectForAllocation
Event: 2.816 Executing VM operation: G1CollectForAllocation done
Event: 2.878 Executing VM operation: G1CollectForAllocation


Dynamic libraries:
0x00007ff705470000 - 0x00007ff70547d000 	C:\Program Files\Microsoft\jdk-11.0.16.101-hotspot\bin\java.exe
0x00007ffb08750000 - 0x00007ffb08948000 	C:\WINDOWS\SYSTEM32\ntdll.dll
0x00007ffb07800000 - 0x00007ffb078bf000 	C:\WINDOWS\System32\KERNEL32.DLL
0x00007ffb05f60000 - 0x00007ffb06256000 	C:\WINDOWS\System32\KERNELBASE.dll
0x00007ffb06530000 - 0x00007ffb06630000 	C:\WINDOWS\System32\ucrtbase.dll
0x00007ffb03590000 - 0x00007ffb035a7000 	C:\Program Files\Microsoft\jdk-11.0.16.101-hotspot\bin\jli.dll
0x00007ffafdb90000 - 0x00007ffafdba5000 	C:\Program Files\Microsoft\jdk-11.0.16.101-hotspot\bin\VCRUNTIME140.dll
0x00007ffb07660000 - 0x00007ffb077fd000 	C:\WINDOWS\System32\USER32.dll
0x00007ffb06780000 - 0x00007ffb067a2000 	C:\WINDOWS\System32\win32u.dll
0x00007ffaf0250000 - 0x00007ffaf04ea000 	C:\WINDOWS\WinSxS\amd64_microsoft.windows.common-controls_6595b64144ccf1df_6.0.19041.1110_none_60b5254171f9507e\COMCTL32.dll
0x00007ffb07b30000 - 0x00007ffb07b5c000 	C:\WINDOWS\System32\GDI32.dll
0x00007ffb06b20000 - 0x00007ffb06bbe000 	C:\WINDOWS\System32\msvcrt.dll
0x00007ffb06260000 - 0x00007ffb06375000 	C:\WINDOWS\System32\gdi32full.dll
0x00007ffb05e30000 - 0x00007ffb05ecd000 	C:\WINDOWS\System32\msvcp_win.dll
0x00007ffb068c0000 - 0x00007ffb068f0000 	C:\WINDOWS\System32\IMM32.DLL
0x00007ffae9b90000 - 0x00007ffae9c2b000 	C:\Program Files\Microsoft\jdk-11.0.16.101-hotspot\bin\msvcp140.dll
0x00007ffabf5c0000 - 0x00007ffac014a000 	C:\Program Files\Microsoft\jdk-11.0.16.101-hotspot\bin\server\jvm.dll
0x00007ffb06fc0000 - 0x00007ffb0706f000 	C:\WINDOWS\System32\ADVAPI32.dll
0x00007ffb08390000 - 0x00007ffb0842c000 	C:\WINDOWS\System32\sechost.dll
0x00007ffb06950000 - 0x00007ffb06a76000 	C:\WINDOWS\System32\RPCRT4.dll
0x00007ffb07b20000 - 0x00007ffb07b28000 	C:\WINDOWS\System32\PSAPI.DLL
0x00007ffb01900000 - 0x00007ffb01909000 	C:\WINDOWS\SYSTEM32\WSOCK32.dll
0x00007ffafc180000 - 0x00007ffafc1a7000 	C:\WINDOWS\SYSTEM32\WINMM.dll
0x00007ffafc1b0000 - 0x00007ffafc1ba000 	C:\WINDOWS\SYSTEM32\VERSION.dll
0x00007ffb07180000 - 0x00007ffb071eb000 	C:\WINDOWS\System32\WS2_32.dll
0x00007ffb03ca0000 - 0x00007ffb03cb2000 	C:\WINDOWS\SYSTEM32\kernel.appcore.dll
0x00007ffb03580000 - 0x00007ffb03590000 	C:\Program Files\Microsoft\jdk-11.0.16.101-hotspot\bin\verify.dll
0x00007ffaf7e50000 - 0x00007ffaf8034000 	C:\WINDOWS\SYSTEM32\DBGHELP.DLL
0x00007ffaea4b0000 - 0x00007ffaea4e4000 	C:\WINDOWS\SYSTEM32\dbgcore.DLL
0x00007ffb05ed0000 - 0x00007ffb05f52000 	C:\WINDOWS\System32\bcryptPrimitives.dll
0x00007ffaed2e0000 - 0x00007ffaed308000 	C:\Program Files\Microsoft\jdk-11.0.16.101-hotspot\bin\java.dll
0x00007ffafff90000 - 0x00007ffafff9a000 	C:\Program Files\Microsoft\jdk-11.0.16.101-hotspot\bin\jimage.dll
0x00007ffafcfd0000 - 0x00007ffafcfe8000 	C:\Program Files\Microsoft\jdk-11.0.16.101-hotspot\bin\zip.dll
0x00007ffb07b60000 - 0x00007ffb082a4000 	C:\WINDOWS\System32\SHELL32.dll
0x00007ffb03ea0000 - 0x00007ffb04633000 	C:\WINDOWS\SYSTEM32\windows.storage.dll
0x00007ffb06c60000 - 0x00007ffb06fb4000 	C:\WINDOWS\System32\combase.dll
0x00007ffb057a0000 - 0x00007ffb057ce000 	C:\WINDOWS\SYSTEM32\Wldp.dll
0x00007ffb07070000 - 0x00007ffb0711d000 	C:\WINDOWS\System32\SHCORE.dll
0x00007ffb068f0000 - 0x00007ffb06945000 	C:\WINDOWS\System32\shlwapi.dll
0x00007ffb05d70000 - 0x00007ffb05d8f000 	C:\WINDOWS\SYSTEM32\profapi.dll
0x00007ffaee050000 - 0x00007ffaee069000 	C:\Program Files\Microsoft\jdk-11.0.16.101-hotspot\bin\net.dll
0x00007ffafe440000 - 0x00007ffafe54a000 	C:\WINDOWS\SYSTEM32\WINHTTP.dll
0x00007ffb05580000 - 0x00007ffb055ea000 	C:\WINDOWS\system32\mswsock.dll
0x00007ffaed0d0000 - 0x00007ffaed0e3000 	C:\Program Files\Microsoft\jdk-11.0.16.101-hotspot\bin\nio.dll

dbghelp: loaded successfully - version: 4.0.5 - missing functions: none
symbol engine: initialized successfully - sym options: 0x614 - pdb path: .;C:\Program Files\Microsoft\jdk-11.0.16.101-hotspot\bin;C:\WINDOWS\SYSTEM32;C:\WINDOWS\WinSxS\amd64_microsoft.windows.common-controls_6595b64144ccf1df_6.0.19041.1110_none_60b5254171f9507e;C:\Program Files\Microsoft\jdk-11.0.16.101-hotspot\bin\server

VM Arguments:
java_command: com.xamarin.androidx.jetifierWrapper.Main -intermediate obj\Release\130\androidx\_AndroidXJetifyEmbeddedFiles.jetify -parallel
java_class_path (initial): C:\Users\dinco\.nuget\packages\xamarin.androidx.migration\1.0.8\buildTransitive\monoandroid90\Tools/JetifierWrapper/jetifierWrapper-1.0.jar
Launcher Type: SUN_STANDARD

[Global flags]
     intx CICompilerCount                          = 4                                         {product} {ergonomic}
     uint ConcGCThreads                            = 2                                         {product} {ergonomic}
     uint G1ConcRefinementThreads                  = 8                                         {product} {ergonomic}
   size_t G1HeapRegionSize                         = 1048576                                   {product} {ergonomic}
    uintx GCDrainStackTargetSize                   = 64                                        {product} {ergonomic}
   size_t InitialHeapSize                          = 100663296                                 {product} {ergonomic}
   size_t MarkStackSize                            = 4194304                                   {product} {ergonomic}
   size_t MaxHeapSize                              = 1593835520                                {product} {ergonomic}
   size_t MaxNewSize                               = 956301312                                 {product} {ergonomic}
   size_t MinHeapDeltaBytes                        = 1048576                                   {product} {ergonomic}
    uintx NonNMethodCodeHeapSize                   = 5836300                                {pd product} {ergonomic}
    uintx NonProfiledCodeHeapSize                  = 122910970                              {pd product} {ergonomic}
    uintx ProfiledCodeHeapSize                     = 122910970                              {pd product} {ergonomic}
    uintx ReservedCodeCacheSize                    = 251658240                              {pd product} {ergonomic}
     bool SegmentedCodeCache                       = true                                      {product} {ergonomic}
     bool UseCompressedClassPointers               = true                                 {lp64_product} {ergonomic}
     bool UseCompressedOops                        = true                                 {lp64_product} {ergonomic}
     bool UseG1GC                                  = true                                      {product} {ergonomic}
     bool UseLargePagesIndividualAllocation        = false                                  {pd product} {ergonomic}

Logging:
Log output configuration:
 #0: stdout all=warning uptime,level,tags
 #1: stderr all=off uptime,level,tags

Environment Variables:
PATH=D:\VMWare17Pro\bin\;C:\Program Files\Microsoft\jdk-11.0.16.101-hotspot\bin;C:\Program Files (x86)\Microsoft SDKs\Azure\CLI2\wbin;C:\Program Files\Common Files\Oracle\Java\javapath;C:\Program Files (x86)\Common Files\Oracle\Java\javapath;D:\01_Anul IV\Sem I\SI\JDK 11\bin;D:\Oracle\product\11.2.0\client_1;D:\Oracle\product\11.2.0\client_1\bin;C:\Windows\system32;C:\Windows;C:\Windows\System32\Wbem;C:\Windows\System32\WindowsPowerShell\v1.0\;C:\Windows\System32\OpenSSH\;C:\Program Files\NVIDIA Corporation\NVIDIA NvDLISR;C:\Program Files (x86)\NVIDIA Corporation\PhysX\Common;C:\WINDOWS\system32;C:\WINDOWS;C:\WINDOWS\System32\Wbem;C:\WINDOWS\System32\WindowsPowerShell\v1.0\;C:\WINDOWS\System32\OpenSSH\;C:\Program Files\Microsoft SQL Server\130\Tools\Binn\;D:\Git\cmd;D:\NodeJS\;C:\Program Files (x86)\Microsoft SQL Server\160\DTS\Binn\;C:\Program Files\Microsoft SQL Server\150\Tools\Binn\;C:\Program Files\Microsoft SQL Server\Client SDK\ODBC\170\Tools\Binn\;C:\Program Files\dotnet\;D:\Putty\;C:\Program Files\MySQL\MySQL Shell 8.0\bin\;D:\Tizen SDK\tools\ide\bin;C:\Users\dinco\AppData\Local\Programs\Python\Python310\Scripts\;C:\Users\dinco\AppData\Local\Programs\Python\Python310\;C:\Users\dinco\AppData\Local\Microsoft\WindowsApps;C:\Users\dinco\AppData\Local\GitHubDesktop\bin;D:\Microsoft VS Code\bin;C:\Users\dinco\.dotnet\tools;C:\Users\dinco\AppData\Roaming\npm;C:\Program Files\Azure Data Studio\bin;C:\Users\dinco\.dotnet\tools;D:\ModelSim\modelsim_ase\win32aloem
USERNAME=dinco
OS=Windows_NT
PROCESSOR_IDENTIFIER=AMD64 Family 23 Model 24 Stepping 1, AuthenticAMD
TMP=C:\Users\dinco\AppData\Local\Temp
TEMP=C:\Users\dinco\AppData\Local\Temp



---------------  S Y S T E M  ---------------

OS: Windows 10 , 64 bit Build 19041 (10.0.19041.3031)
OS uptime: 14 days 7:18 hours
Hyper-V role detected

CPU:total 8 (initial active 8) (8 cores per cpu, 2 threads per core) family 23 model 24 stepping 1 microcode 0x0, cmov, cx8, fxsr, mmx, sse, sse2, sse3, ssse3, sse4.1, sse4.2, popcnt, avx, avx2, aes, clmul, mmxext, 3dnowpref, lzcnt, sse4a, ht, tsc, tscinvbit, tscinv, bmi1, bmi2, adx, sha, fma

Memory: 4k page, system-wide physical 6076M (243M free)
TotalPageFile size 24508M (AvailPageFile size 98M)
current process WorkingSet (physical memory assigned to process): 211M, peak: 212M
current process commit charge ("private bytes"): 253M, peak: 353M

vm_info: OpenJDK 64-Bit Server VM (11.0.16.1+1-LTS) for windows-amd64 JRE (11.0.16.1+1-LTS), built on Aug 20 2022 20:09:04 by "" with MS VC++ 15.9 (VS2017)

END.
