#
# There is insufficient memory for the Java Runtime Environment to continue.
# Native memory allocation (malloc) failed to allocate 1292656 bytes for Chunk::new
# Possible reasons:
#   The system is out of physical RAM or swap space
#   The process is running with CompressedOops enabled, and the Java Heap may be blocking the growth of the native heap
# Possible solutions:
#   Reduce memory load on the system
#   Increase physical memory or swap space
#   Check if swap backing store is full
#   Decrease Java heap size (-Xmx/-Xms)
#   Decrease number of Java threads
#   Decrease Java thread stack sizes (-Xss)
#   Set larger code cache with -XX:ReservedCodeCacheSize=
#   JVM is running with Unscaled Compressed Oops mode in which the Java heap is
#     placed in the first 4GB address space. The Java Heap base address is the
#     maximum limit for the native heap growth. Please use -XX:HeapBaseMinAddress
#     to set the Java Heap base and to place the Java Heap above 4GB virtual address.
# This output file may be truncated or incomplete.
#
#  Out of Memory Error (./src/hotspot/share/memory/arena.cpp:197), pid=39060, tid=32096
#
# JRE version: OpenJDK Runtime Environment Microsoft-40648 (11.0.16.1+1) (build 11.0.16.1+1-LTS)
# Java VM: OpenJDK 64-Bit Server VM Microsoft-40648 (11.0.16.1+1-LTS, mixed mode, tiered, compressed oops, g1 gc, windows-amd64)
# No core dump will be written. Minidumps are not enabled by default on client versions of Windows
#

---------------  S U M M A R Y ------------

Command Line: com.xamarin.androidx.jetifierWrapper.Main -intermediate obj\Release\130\androidx\_AndroidXJetifyEmbeddedFiles.jetify -parallel

Host: AMD Ryzen 7 3750H with Radeon Vega Mobile Gfx  , 8 cores, 5G,  Windows 10 , 64 bit Build 19041 (10.0.19041.3031)
Time: Sun Jul  2 05:49:08 2023 GTB Daylight Time elapsed time: 6.492891 seconds (0d 0h 0m 6s)

---------------  T H R E A D  ---------------

Current thread (0x000001e75f11b000):  JavaThread "C2 CompilerThread0" daemon [_thread_in_native, id=32096, stack(0x0000006597700000,0x0000006597800000)]


Current CompileTask:
C2:   6492 2594       4       org.objectweb.asm.signature.SignatureReader::parseType (415 bytes)

Stack: [0x0000006597700000,0x0000006597800000]
Native frames: (J=compiled Java code, j=interpreted, Vv=VM code, C=native code)
V  [jvm.dll+0x62652a]
V  [jvm.dll+0x7b3249]
V  [jvm.dll+0x7b4938]
V  [jvm.dll+0x7b5013]
V  [jvm.dll+0x24fca8]
V  [jvm.dll+0xc262c]
V  [jvm.dll+0xc2bec]
V  [jvm.dll+0x2c1b24]
V  [jvm.dll+0x52e84c]
V  [jvm.dll+0x2111fb]
V  [jvm.dll+0x20ae44]
V  [jvm.dll+0x207fdb]
V  [jvm.dll+0x18a411]
V  [jvm.dll+0x217954]
V  [jvm.dll+0x215b9b]
V  [jvm.dll+0x775d50]
V  [jvm.dll+0x76ec84]
V  [jvm.dll+0x625395]
C  [ucrtbase.dll+0x21bb2]
C  [KERNEL32.DLL+0x17614]
C  [ntdll.dll+0x526f1]


---------------  P R O C E S S  ---------------

Threads class SMR info:
_java_thread_list=0x000001e760e9a960, length=10, elements={
0x000001e75f108000, 0x000001e75f0fe000, 0x000001e75f113800, 0x000001e75f115800,
0x000001e75f116800, 0x000001e75f11b000, 0x000001e75f11f000, 0x000001e75f137000,
0x000001e75fbeb000, 0x000001e75fbea000
}

Java Threads: ( => current thread )
  0x000001e75f108000 JavaThread "Reference Handler" daemon [_thread_blocked, id=39444, stack(0x0000006597200000,0x0000006597300000)]
  0x000001e75f0fe000 JavaThread "Finalizer" daemon [_thread_blocked, id=33188, stack(0x0000006597300000,0x0000006597400000)]
  0x000001e75f113800 JavaThread "Signal Dispatcher" daemon [_thread_blocked, id=35384, stack(0x0000006597400000,0x0000006597500000)]
  0x000001e75f115800 JavaThread "Attach Listener" daemon [_thread_blocked, id=17796, stack(0x0000006597500000,0x0000006597600000)]
  0x000001e75f116800 JavaThread "Service Thread" daemon [_thread_blocked, id=10880, stack(0x0000006597600000,0x0000006597700000)]
=>0x000001e75f11b000 JavaThread "C2 CompilerThread0" daemon [_thread_in_native, id=32096, stack(0x0000006597700000,0x0000006597800000)]
  0x000001e75f11f000 JavaThread "C1 CompilerThread0" daemon [_thread_blocked, id=29712, stack(0x0000006597800000,0x0000006597900000)]
  0x000001e75f137000 JavaThread "Sweeper thread" daemon [_thread_blocked, id=10636, stack(0x0000006597900000,0x0000006597a00000)]
  0x000001e75fbeb000 JavaThread "Common-Cleaner" daemon [_thread_blocked, id=25516, stack(0x0000006597b00000,0x0000006597c00000)]
  0x000001e75fbea000 JavaThread "DestroyJavaVM" [_thread_blocked, id=27524, stack(0x0000006596b00000,0x0000006596c00000)]

Other Threads:
  0x000001e75f0ce800 VMThread "VM Thread" [stack: 0x0000006597100000,0x0000006597200000] [id=34308]
  0x000001e75fbdd800 WatcherThread [stack: 0x0000006597a00000,0x0000006597b00000] [id=24960]
  0x000001e73f405800 GCTaskThread "GC Thread#0" [stack: 0x0000006596c00000,0x0000006596d00000] [id=41200]
  0x000001e760296800 GCTaskThread "GC Thread#1" [stack: 0x0000006598600000,0x0000006598700000] [id=39964]
  0x000001e760293800 GCTaskThread "GC Thread#2" [stack: 0x0000006598700000,0x0000006598800000] [id=21132]
  0x000001e760294800 GCTaskThread "GC Thread#3" [stack: 0x0000006598800000,0x0000006598900000] [id=35428]
  0x000001e760290800 GCTaskThread "GC Thread#4" [stack: 0x0000006598900000,0x0000006598a00000] [id=25620]
  0x000001e760291800 GCTaskThread "GC Thread#5" [stack: 0x0000006598a00000,0x0000006598b00000] [id=34272]
  0x000001e7602c0800 GCTaskThread "GC Thread#6" [stack: 0x0000006598b00000,0x0000006598c00000] [id=23760]
  0x000001e7602c1000 GCTaskThread "GC Thread#7" [stack: 0x0000006598c00000,0x0000006598d00000] [id=39396]
  0x000001e73f42d000 ConcurrentGCThread "G1 Main Marker" [stack: 0x0000006596d00000,0x0000006596e00000] [id=25980]
  0x000001e73f430800 ConcurrentGCThread "G1 Conc#0" [stack: 0x0000006596e00000,0x0000006596f00000] [id=11848]
  0x000001e76137b000 ConcurrentGCThread "G1 Conc#1" [stack: 0x0000006598d00000,0x0000006598e00000] [id=38128]
  0x000001e73f4b4800 ConcurrentGCThread "G1 Refine#0" [stack: 0x0000006596f00000,0x0000006597000000] [id=25448]
  0x000001e73f4b6000 ConcurrentGCThread "G1 Young RemSet Sampling" [stack: 0x0000006597000000,0x0000006597100000] [id=39228]

Threads with active compile tasks:
C2 CompilerThread0     6525 2594       4       org.objectweb.asm.signature.SignatureReader::parseType (415 bytes)

VM state:not at safepoint (normal execution)

VM Mutex/Monitor currently owned by a thread: None

Heap address: 0x00000000a1000000, size: 1520 MB, Compressed Oops mode: 32-bit
Narrow klass base: 0x0000000000000000, Narrow klass shift: 3
Compressed class space size: 1073741824 Address: 0x0000000100000000

Heap:
 garbage-first heap   total 172032K, used 48656K [0x00000000a1000000, 0x0000000100000000)
  region size 1024K, 11 young (11264K), 5 survivors (5120K)
 Metaspace       used 14603K, capacity 14819K, committed 15104K, reserved 1062912K
  class space    used 1155K, capacity 1250K, committed 1280K, reserved 1048576K
Heap Regions: E=young(eden), S=young(survivor), O=old, HS=humongous(starts), HC=humongous(continues), CS=collection set, F=free, A=archive, TAMS=top-at-mark-start (previous, next)
|   0|0x00000000a1000000, 0x00000000a1100000, 0x00000000a1100000|100%| O|  |TAMS 0x00000000a1100000, 0x00000000a1000000| Untracked 
|   1|0x00000000a1100000, 0x00000000a1200000, 0x00000000a1200000|100%| O|  |TAMS 0x00000000a1200000, 0x00000000a1100000| Untracked 
|   2|0x00000000a1200000, 0x00000000a1300000, 0x00000000a1300000|100%|HS|  |TAMS 0x00000000a1300000, 0x00000000a1200000| Complete 
|   3|0x00000000a1300000, 0x00000000a1400000, 0x00000000a1400000|100%| O|  |TAMS 0x00000000a1400000, 0x00000000a1300000| Untracked 
|   4|0x00000000a1400000, 0x00000000a1500000, 0x00000000a1500000|100%| O|  |TAMS 0x00000000a1400000, 0x00000000a1400000| Untracked 
|   5|0x00000000a1500000, 0x00000000a1600000, 0x00000000a1600000|100%| O|  |TAMS 0x00000000a1500000, 0x00000000a1500000| Untracked 
|   6|0x00000000a1600000, 0x00000000a1700000, 0x00000000a1700000|100%| O|  |TAMS 0x00000000a1700000, 0x00000000a1600000| Untracked 
|   7|0x00000000a1700000, 0x00000000a1800000, 0x00000000a1800000|100%| O|  |TAMS 0x00000000a1800000, 0x00000000a1700000| Untracked 
|   8|0x00000000a1800000, 0x00000000a1900000, 0x00000000a1900000|100%| O|  |TAMS 0x00000000a1900000, 0x00000000a1800000| Untracked 
|   9|0x00000000a1900000, 0x00000000a1a00000, 0x00000000a1a00000|100%|HS|  |TAMS 0x00000000a1900000, 0x00000000a1900000| Complete 
|  10|0x00000000a1a00000, 0x00000000a1b00000, 0x00000000a1b00000|100%| O|  |TAMS 0x00000000a1a00000, 0x00000000a1a00000| Untracked 
|  11|0x00000000a1b00000, 0x00000000a1c00000, 0x00000000a1c00000|100%| O|  |TAMS 0x00000000a1b00000, 0x00000000a1b00000| Untracked 
|  12|0x00000000a1c00000, 0x00000000a1d00000, 0x00000000a1d00000|100%| O|  |TAMS 0x00000000a1c00000, 0x00000000a1c00000| Untracked 
|  13|0x00000000a1d00000, 0x00000000a1e00000, 0x00000000a1e00000|100%| O|  |TAMS 0x00000000a1d00000, 0x00000000a1d00000| Untracked 
|  14|0x00000000a1e00000, 0x00000000a1f00000, 0x00000000a1f00000|100%| O|  |TAMS 0x00000000a1e00000, 0x00000000a1e00000| Untracked 
|  15|0x00000000a1f00000, 0x00000000a2000000, 0x00000000a2000000|100%| O|  |TAMS 0x00000000a1f00000, 0x00000000a1f00000| Untracked 
|  16|0x00000000a2000000, 0x00000000a2100000, 0x00000000a2100000|100%| O|  |TAMS 0x00000000a2000000, 0x00000000a2000000| Untracked 
|  17|0x00000000a2100000, 0x00000000a2200000, 0x00000000a2200000|100%| O|  |TAMS 0x00000000a2100000, 0x00000000a2100000| Untracked 
|  18|0x00000000a2200000, 0x00000000a2263400, 0x00000000a2300000| 38%| O|  |TAMS 0x00000000a2200000, 0x00000000a2200000| Untracked 
|  19|0x00000000a2300000, 0x00000000a2300000, 0x00000000a2400000|  0%| F|  |TAMS 0x00000000a2300000, 0x00000000a2300000| Untracked 
|  20|0x00000000a2400000, 0x00000000a2500000, 0x00000000a2500000|100%| O|  |TAMS 0x00000000a2500000, 0x00000000a2400000| Untracked 
|  21|0x00000000a2500000, 0x00000000a2500000, 0x00000000a2600000|  0%| F|  |TAMS 0x00000000a2500000, 0x00000000a2500000| Untracked 
|  22|0x00000000a2600000, 0x00000000a2600000, 0x00000000a2700000|  0%| F|  |TAMS 0x00000000a2600000, 0x00000000a2600000| Untracked 
|  23|0x00000000a2700000, 0x00000000a2700000, 0x00000000a2800000|  0%| F|  |TAMS 0x00000000a2700000, 0x00000000a2700000| Untracked 
|  24|0x00000000a2800000, 0x00000000a2800000, 0x00000000a2900000|  0%| F|  |TAMS 0x00000000a2800000, 0x00000000a2800000| Untracked 
|  25|0x00000000a2900000, 0x00000000a2a00000, 0x00000000a2a00000|100%| O|  |TAMS 0x00000000a2a00000, 0x00000000a2900000| Untracked 
|  26|0x00000000a2a00000, 0x00000000a2a00000, 0x00000000a2b00000|  0%| F|  |TAMS 0x00000000a2a00000, 0x00000000a2a00000| Untracked 
|  27|0x00000000a2b00000, 0x00000000a2b00000, 0x00000000a2c00000|  0%| F|  |TAMS 0x00000000a2b00000, 0x00000000a2b00000| Untracked 
|  28|0x00000000a2c00000, 0x00000000a2d00000, 0x00000000a2d00000|100%| O|  |TAMS 0x00000000a2c00000, 0x00000000a2c00000| Untracked 
|  29|0x00000000a2d00000, 0x00000000a2e00000, 0x00000000a2e00000|100%| O|  |TAMS 0x00000000a2d00000, 0x00000000a2d00000| Untracked 
|  30|0x00000000a2e00000, 0x00000000a2e00000, 0x00000000a2f00000|  0%| F|  |TAMS 0x00000000a2e00000, 0x00000000a2e00000| Untracked 
|  31|0x00000000a2f00000, 0x00000000a3000000, 0x00000000a3000000|100%| O|  |TAMS 0x00000000a2f00000, 0x00000000a2f00000| Untracked 
|  32|0x00000000a3000000, 0x00000000a3000000, 0x00000000a3100000|  0%| F|  |TAMS 0x00000000a3000000, 0x00000000a3000000| Untracked 
|  33|0x00000000a3100000, 0x00000000a3100000, 0x00000000a3200000|  0%| F|  |TAMS 0x00000000a3100000, 0x00000000a3100000| Untracked 
|  34|0x00000000a3200000, 0x00000000a3300000, 0x00000000a3300000|100%| O|  |TAMS 0x00000000a3300000, 0x00000000a3200000| Untracked 
|  35|0x00000000a3300000, 0x00000000a3400000, 0x00000000a3400000|100%| O|  |TAMS 0x00000000a3400000, 0x00000000a3300000| Untracked 
|  36|0x00000000a3400000, 0x00000000a3500000, 0x00000000a3500000|100%| O|  |TAMS 0x00000000a3400000, 0x00000000a3400000| Untracked 
|  37|0x00000000a3500000, 0x00000000a3600000, 0x00000000a3600000|100%| O|  |TAMS 0x00000000a3500000, 0x00000000a3500000| Untracked 
|  38|0x00000000a3600000, 0x00000000a3700000, 0x00000000a3700000|100%| O|  |TAMS 0x00000000a3700000, 0x00000000a3600000| Untracked 
|  39|0x00000000a3700000, 0x00000000a3800000, 0x00000000a3800000|100%| O|  |TAMS 0x00000000a3700000, 0x00000000a3700000| Untracked 
|  40|0x00000000a3800000, 0x00000000a3900000, 0x00000000a3900000|100%| O|  |TAMS 0x00000000a3800000, 0x00000000a3800000| Untracked 
|  41|0x00000000a3900000, 0x00000000a3900000, 0x00000000a3a00000|  0%| F|  |TAMS 0x00000000a3900000, 0x00000000a3900000| Untracked 
|  42|0x00000000a3a00000, 0x00000000a3a00000, 0x00000000a3b00000|  0%| F|  |TAMS 0x00000000a3a00000, 0x00000000a3a00000| Untracked 
|  43|0x00000000a3b00000, 0x00000000a3c00000, 0x00000000a3c00000|100%| O|  |TAMS 0x00000000a3b00000, 0x00000000a3b00000| Untracked 
|  44|0x00000000a3c00000, 0x00000000a3c00000, 0x00000000a3d00000|  0%| F|  |TAMS 0x00000000a3c00000, 0x00000000a3c00000| Untracked 
|  45|0x00000000a3d00000, 0x00000000a3d00000, 0x00000000a3e00000|  0%| F|  |TAMS 0x00000000a3d00000, 0x00000000a3d00000| Untracked 
|  46|0x00000000a3e00000, 0x00000000a3e00000, 0x00000000a3f00000|  0%| F|  |TAMS 0x00000000a3e00000, 0x00000000a3e00000| Untracked 
|  47|0x00000000a3f00000, 0x00000000a3f00000, 0x00000000a4000000|  0%| F|  |TAMS 0x00000000a3f00000, 0x00000000a3f00000| Untracked 
|  48|0x00000000a4000000, 0x00000000a4000000, 0x00000000a4100000|  0%| F|  |TAMS 0x00000000a4000000, 0x00000000a4000000| Untracked 
|  49|0x00000000a4100000, 0x00000000a4200000, 0x00000000a4200000|100%| O|  |TAMS 0x00000000a4200000, 0x00000000a4100000| Untracked 
|  50|0x00000000a4200000, 0x00000000a4300000, 0x00000000a4300000|100%| O|  |TAMS 0x00000000a4300000, 0x00000000a4200000| Untracked 
|  51|0x00000000a4300000, 0x00000000a4400000, 0x00000000a4400000|100%| O|  |TAMS 0x00000000a4400000, 0x00000000a4300000| Untracked 
|  52|0x00000000a4400000, 0x00000000a4500000, 0x00000000a4500000|100%| O|  |TAMS 0x00000000a4500000, 0x00000000a4400000| Untracked 
|  53|0x00000000a4500000, 0x00000000a4600000, 0x00000000a4600000|100%| O|  |TAMS 0x00000000a4600000, 0x00000000a4500000| Untracked 
|  54|0x00000000a4600000, 0x00000000a4700000, 0x00000000a4700000|100%| O|  |TAMS 0x00000000a4700000, 0x00000000a4600000| Untracked 
|  55|0x00000000a4700000, 0x00000000a4800000, 0x00000000a4800000|100%| O|  |TAMS 0x00000000a47da000, 0x00000000a4700000| Untracked 
|  56|0x00000000a4800000, 0x00000000a4800000, 0x00000000a4900000|  0%| F|  |TAMS 0x00000000a4800000, 0x00000000a4800000| Untracked 
|  57|0x00000000a4900000, 0x00000000a4900000, 0x00000000a4a00000|  0%| F|  |TAMS 0x00000000a4900000, 0x00000000a4900000| Untracked 
|  58|0x00000000a4a00000, 0x00000000a4a00000, 0x00000000a4b00000|  0%| F|  |TAMS 0x00000000a4a00000, 0x00000000a4a00000| Untracked 
|  59|0x00000000a4b00000, 0x00000000a4b00000, 0x00000000a4c00000|  0%| F|  |TAMS 0x00000000a4b00000, 0x00000000a4b00000| Untracked 
|  60|0x00000000a4c00000, 0x00000000a4c00000, 0x00000000a4d00000|  0%| F|  |TAMS 0x00000000a4c00000, 0x00000000a4c00000| Untracked 
|  61|0x00000000a4d00000, 0x00000000a4d00000, 0x00000000a4e00000|  0%| F|  |TAMS 0x00000000a4d00000, 0x00000000a4d00000| Untracked 
|  62|0x00000000a4e00000, 0x00000000a4e00000, 0x00000000a4f00000|  0%| F|  |TAMS 0x00000000a4e00000, 0x00000000a4e00000| Untracked 
|  63|0x00000000a4f00000, 0x00000000a4f00000, 0x00000000a5000000|  0%| F|  |TAMS 0x00000000a4f00000, 0x00000000a4f00000| Untracked 
|  64|0x00000000a5000000, 0x00000000a5000000, 0x00000000a5100000|  0%| F|  |TAMS 0x00000000a5000000, 0x00000000a5000000| Untracked 
|  65|0x00000000a5100000, 0x00000000a5100000, 0x00000000a5200000|  0%| F|  |TAMS 0x00000000a5100000, 0x00000000a5100000| Untracked 
|  66|0x00000000a5200000, 0x00000000a5200000, 0x00000000a5300000|  0%| F|  |TAMS 0x00000000a5200000, 0x00000000a5200000| Untracked 
|  67|0x00000000a5300000, 0x00000000a5300000, 0x00000000a5400000|  0%| F|  |TAMS 0x00000000a5300000, 0x00000000a5300000| Untracked 
|  68|0x00000000a5400000, 0x00000000a5400000, 0x00000000a5500000|  0%| F|  |TAMS 0x00000000a5400000, 0x00000000a5400000| Untracked 
|  69|0x00000000a5500000, 0x00000000a5500000, 0x00000000a5600000|  0%| F|  |TAMS 0x00000000a5500000, 0x00000000a5500000| Untracked 
|  70|0x00000000a5600000, 0x00000000a5600000, 0x00000000a5700000|  0%| F|  |TAMS 0x00000000a5600000, 0x00000000a5600000| Untracked 
|  71|0x00000000a5700000, 0x00000000a5700000, 0x00000000a5800000|  0%| F|  |TAMS 0x00000000a5700000, 0x00000000a5700000| Untracked 
|  72|0x00000000a5800000, 0x00000000a5800000, 0x00000000a5900000|  0%| F|  |TAMS 0x00000000a5800000, 0x00000000a5800000| Untracked 
|  73|0x00000000a5900000, 0x00000000a5900000, 0x00000000a5a00000|  0%| F|  |TAMS 0x00000000a5900000, 0x00000000a5900000| Untracked 
|  74|0x00000000a5a00000, 0x00000000a5a00000, 0x00000000a5b00000|  0%| F|  |TAMS 0x00000000a5a00000, 0x00000000a5a00000| Untracked 
|  75|0x00000000a5b00000, 0x00000000a5b00000, 0x00000000a5c00000|  0%| F|  |TAMS 0x00000000a5b00000, 0x00000000a5b00000| Untracked 
|  76|0x00000000a5c00000, 0x00000000a5c00000, 0x00000000a5d00000|  0%| F|  |TAMS 0x00000000a5c00000, 0x00000000a5c00000| Untracked 
|  77|0x00000000a5d00000, 0x00000000a5d00000, 0x00000000a5e00000|  0%| F|  |TAMS 0x00000000a5d00000, 0x00000000a5d00000| Untracked 
|  78|0x00000000a5e00000, 0x00000000a5e00000, 0x00000000a5f00000|  0%| F|  |TAMS 0x00000000a5e00000, 0x00000000a5e00000| Untracked 
|  79|0x00000000a5f00000, 0x00000000a5f00000, 0x00000000a6000000|  0%| F|  |TAMS 0x00000000a5f00000, 0x00000000a5f00000| Untracked 
|  80|0x00000000a6000000, 0x00000000a6000000, 0x00000000a6100000|  0%| F|  |TAMS 0x00000000a6000000, 0x00000000a6000000| Untracked 
|  81|0x00000000a6100000, 0x00000000a6100000, 0x00000000a6200000|  0%| F|  |TAMS 0x00000000a6100000, 0x00000000a6100000| Untracked 
|  82|0x00000000a6200000, 0x00000000a6200000, 0x00000000a6300000|  0%| F|  |TAMS 0x00000000a6200000, 0x00000000a6200000| Untracked 
|  83|0x00000000a6300000, 0x00000000a6300000, 0x00000000a6400000|  0%| F|  |TAMS 0x00000000a6300000, 0x00000000a6300000| Untracked 
|  84|0x00000000a6400000, 0x00000000a6400000, 0x00000000a6500000|  0%| F|  |TAMS 0x00000000a6400000, 0x00000000a6400000| Untracked 
|  85|0x00000000a6500000, 0x00000000a6500000, 0x00000000a6600000|  0%| F|  |TAMS 0x00000000a6500000, 0x00000000a6500000| Untracked 
|  86|0x00000000a6600000, 0x00000000a6600000, 0x00000000a6700000|  0%| F|  |TAMS 0x00000000a6600000, 0x00000000a6600000| Untracked 
|  87|0x00000000a6700000, 0x00000000a6700000, 0x00000000a6800000|  0%| F|  |TAMS 0x00000000a6700000, 0x00000000a6700000| Untracked 
|  88|0x00000000a6800000, 0x00000000a6800000, 0x00000000a6900000|  0%| F|  |TAMS 0x00000000a6800000, 0x00000000a6800000| Untracked 
|  89|0x00000000a6900000, 0x00000000a6900000, 0x00000000a6a00000|  0%| F|  |TAMS 0x00000000a6900000, 0x00000000a6900000| Untracked 
|  90|0x00000000a6a00000, 0x00000000a6a00000, 0x00000000a6b00000|  0%| F|  |TAMS 0x00000000a6a00000, 0x00000000a6a00000| Untracked 
|  91|0x00000000a6b00000, 0x00000000a6b00000, 0x00000000a6c00000|  0%| F|  |TAMS 0x00000000a6b00000, 0x00000000a6b00000| Untracked 
|  92|0x00000000a6c00000, 0x00000000a6c00000, 0x00000000a6d00000|  0%| F|  |TAMS 0x00000000a6c00000, 0x00000000a6c00000| Untracked 
|  93|0x00000000a6d00000, 0x00000000a6d00000, 0x00000000a6e00000|  0%| F|  |TAMS 0x00000000a6d00000, 0x00000000a6d00000| Untracked 
|  94|0x00000000a6e00000, 0x00000000a6e20e70, 0x00000000a6f00000| 12%| S|CS|TAMS 0x00000000a6e00000, 0x00000000a6e00000| Complete 
|  95|0x00000000a6f00000, 0x00000000a7000000, 0x00000000a7000000|100%| S|CS|TAMS 0x00000000a6f00000, 0x00000000a6f00000| Complete 
|  96|0x00000000a7000000, 0x00000000a7100000, 0x00000000a7100000|100%| S|CS|TAMS 0x00000000a7000000, 0x00000000a7000000| Complete 
|  97|0x00000000a7100000, 0x00000000a7200000, 0x00000000a7200000|100%| S|CS|TAMS 0x00000000a7100000, 0x00000000a7100000| Complete 
|  98|0x00000000a7200000, 0x00000000a7300000, 0x00000000a7300000|100%| S|CS|TAMS 0x00000000a7200000, 0x00000000a7200000| Complete 
|  99|0x00000000a7300000, 0x00000000a7300000, 0x00000000a7400000|  0%| F|  |TAMS 0x00000000a7300000, 0x00000000a7300000| Untracked 
| 100|0x00000000a7400000, 0x00000000a7400000, 0x00000000a7500000|  0%| F|  |TAMS 0x00000000a7400000, 0x00000000a7400000| Untracked 
| 101|0x00000000a7500000, 0x00000000a7500000, 0x00000000a7600000|  0%| F|  |TAMS 0x00000000a7500000, 0x00000000a7500000| Untracked 
| 102|0x00000000a7600000, 0x00000000a7600000, 0x00000000a7700000|  0%| F|  |TAMS 0x00000000a7600000, 0x00000000a7600000| Untracked 
| 103|0x00000000a7700000, 0x00000000a7700000, 0x00000000a7800000|  0%| F|  |TAMS 0x00000000a7700000, 0x00000000a7700000| Untracked 
| 104|0x00000000a7800000, 0x00000000a7800000, 0x00000000a7900000|  0%| F|  |TAMS 0x00000000a7800000, 0x00000000a7800000| Untracked 
| 105|0x00000000a7900000, 0x00000000a7900000, 0x00000000a7a00000|  0%| F|  |TAMS 0x00000000a7900000, 0x00000000a7900000| Untracked 
| 106|0x00000000a7a00000, 0x00000000a7a00000, 0x00000000a7b00000|  0%| F|  |TAMS 0x00000000a7a00000, 0x00000000a7a00000| Untracked 
| 107|0x00000000a7b00000, 0x00000000a7b00000, 0x00000000a7c00000|  0%| F|  |TAMS 0x00000000a7b00000, 0x00000000a7b00000| Untracked 
| 108|0x00000000a7c00000, 0x00000000a7c00000, 0x00000000a7d00000|  0%| F|  |TAMS 0x00000000a7c00000, 0x00000000a7c00000| Untracked 
| 109|0x00000000a7d00000, 0x00000000a7d00000, 0x00000000a7e00000|  0%| F|  |TAMS 0x00000000a7d00000, 0x00000000a7d00000| Untracked 
| 110|0x00000000a7e00000, 0x00000000a7e00000, 0x00000000a7f00000|  0%| F|  |TAMS 0x00000000a7e00000, 0x00000000a7e00000| Untracked 
| 111|0x00000000a7f00000, 0x00000000a7f00000, 0x00000000a8000000|  0%| F|  |TAMS 0x00000000a7f00000, 0x00000000a7f00000| Untracked 
| 112|0x00000000a8000000, 0x00000000a8000000, 0x00000000a8100000|  0%| F|  |TAMS 0x00000000a8000000, 0x00000000a8000000| Untracked 
| 113|0x00000000a8100000, 0x00000000a8100000, 0x00000000a8200000|  0%| F|  |TAMS 0x00000000a8100000, 0x00000000a8100000| Untracked 
| 114|0x00000000a8200000, 0x00000000a8200000, 0x00000000a8300000|  0%| F|  |TAMS 0x00000000a8200000, 0x00000000a8200000| Untracked 
| 115|0x00000000a8300000, 0x00000000a8300000, 0x00000000a8400000|  0%| F|  |TAMS 0x00000000a8300000, 0x00000000a8300000| Untracked 
| 116|0x00000000a8400000, 0x00000000a8400000, 0x00000000a8500000|  0%| F|  |TAMS 0x00000000a8400000, 0x00000000a8400000| Untracked 
| 117|0x00000000a8500000, 0x00000000a8500000, 0x00000000a8600000|  0%| F|  |TAMS 0x00000000a8500000, 0x00000000a8500000| Untracked 
| 118|0x00000000a8600000, 0x00000000a8600000, 0x00000000a8700000|  0%| F|  |TAMS 0x00000000a8600000, 0x00000000a8600000| Untracked 
| 119|0x00000000a8700000, 0x00000000a8700000, 0x00000000a8800000|  0%| F|  |TAMS 0x00000000a8700000, 0x00000000a8700000| Untracked 
| 120|0x00000000a8800000, 0x00000000a8800000, 0x00000000a8900000|  0%| F|  |TAMS 0x00000000a8800000, 0x00000000a8800000| Untracked 
| 121|0x00000000a8900000, 0x00000000a8900000, 0x00000000a8a00000|  0%| F|  |TAMS 0x00000000a8900000, 0x00000000a8900000| Untracked 
| 122|0x00000000a8a00000, 0x00000000a8a00000, 0x00000000a8b00000|  0%| F|  |TAMS 0x00000000a8a00000, 0x00000000a8a00000| Untracked 
| 123|0x00000000a8b00000, 0x00000000a8b00000, 0x00000000a8c00000|  0%| F|  |TAMS 0x00000000a8b00000, 0x00000000a8b00000| Untracked 
| 124|0x00000000a8c00000, 0x00000000a8c00000, 0x00000000a8d00000|  0%| F|  |TAMS 0x00000000a8c00000, 0x00000000a8c00000| Untracked 
| 125|0x00000000a8d00000, 0x00000000a8d00000, 0x00000000a8e00000|  0%| F|  |TAMS 0x00000000a8d00000, 0x00000000a8d00000| Untracked 
| 126|0x00000000a8e00000, 0x00000000a8e00000, 0x00000000a8f00000|  0%| F|  |TAMS 0x00000000a8e00000, 0x00000000a8e00000| Untracked 
| 127|0x00000000a8f00000, 0x00000000a8f00000, 0x00000000a9000000|  0%| F|  |TAMS 0x00000000a8f00000, 0x00000000a8f00000| Untracked 
| 128|0x00000000a9000000, 0x00000000a9000000, 0x00000000a9100000|  0%| F|  |TAMS 0x00000000a9000000, 0x00000000a9000000| Untracked 
| 129|0x00000000a9100000, 0x00000000a9100000, 0x00000000a9200000|  0%| F|  |TAMS 0x00000000a9100000, 0x00000000a9100000| Untracked 
| 130|0x00000000a9200000, 0x00000000a9200000, 0x00000000a9300000|  0%| F|  |TAMS 0x00000000a9200000, 0x00000000a9200000| Untracked 
| 131|0x00000000a9300000, 0x00000000a9300000, 0x00000000a9400000|  0%| F|  |TAMS 0x00000000a9300000, 0x00000000a9300000| Untracked 
| 132|0x00000000a9400000, 0x00000000a9400000, 0x00000000a9500000|  0%| F|  |TAMS 0x00000000a9400000, 0x00000000a9400000| Untracked 
| 133|0x00000000a9500000, 0x00000000a9500000, 0x00000000a9600000|  0%| F|  |TAMS 0x00000000a9500000, 0x00000000a9500000| Untracked 
| 134|0x00000000a9600000, 0x00000000a9600000, 0x00000000a9700000|  0%| F|  |TAMS 0x00000000a9600000, 0x00000000a9600000| Untracked 
| 135|0x00000000a9700000, 0x00000000a9700000, 0x00000000a9800000|  0%| F|  |TAMS 0x00000000a9700000, 0x00000000a9700000| Untracked 
| 136|0x00000000a9800000, 0x00000000a9800000, 0x00000000a9900000|  0%| F|  |TAMS 0x00000000a9800000, 0x00000000a9800000| Untracked 
| 137|0x00000000a9900000, 0x00000000a9900000, 0x00000000a9a00000|  0%| F|  |TAMS 0x00000000a9900000, 0x00000000a9900000| Untracked 
| 138|0x00000000a9a00000, 0x00000000a9a00000, 0x00000000a9b00000|  0%| F|  |TAMS 0x00000000a9a00000, 0x00000000a9a00000| Untracked 
| 139|0x00000000a9b00000, 0x00000000a9b00000, 0x00000000a9c00000|  0%| F|  |TAMS 0x00000000a9b00000, 0x00000000a9b00000| Untracked 
| 140|0x00000000a9c00000, 0x00000000a9c00000, 0x00000000a9d00000|  0%| F|  |TAMS 0x00000000a9c00000, 0x00000000a9c00000| Untracked 
| 141|0x00000000a9d00000, 0x00000000a9d00000, 0x00000000a9e00000|  0%| F|  |TAMS 0x00000000a9d00000, 0x00000000a9d00000| Untracked 
| 142|0x00000000a9e00000, 0x00000000a9e00000, 0x00000000a9f00000|  0%| F|  |TAMS 0x00000000a9e00000, 0x00000000a9e00000| Untracked 
| 143|0x00000000a9f00000, 0x00000000a9f00000, 0x00000000aa000000|  0%| F|  |TAMS 0x00000000a9f00000, 0x00000000a9f00000| Untracked 
| 144|0x00000000aa000000, 0x00000000aa000000, 0x00000000aa100000|  0%| F|  |TAMS 0x00000000aa000000, 0x00000000aa000000| Untracked 
| 145|0x00000000aa100000, 0x00000000aa100000, 0x00000000aa200000|  0%| F|  |TAMS 0x00000000aa100000, 0x00000000aa100000| Untracked 
| 146|0x00000000aa200000, 0x00000000aa200000, 0x00000000aa300000|  0%| F|  |TAMS 0x00000000aa200000, 0x00000000aa200000| Untracked 
| 147|0x00000000aa300000, 0x00000000aa300000, 0x00000000aa400000|  0%| F|  |TAMS 0x00000000aa300000, 0x00000000aa300000| Untracked 
| 148|0x00000000aa400000, 0x00000000aa400000, 0x00000000aa500000|  0%| F|  |TAMS 0x00000000aa400000, 0x00000000aa400000| Untracked 
| 149|0x00000000aa500000, 0x00000000aa500000, 0x00000000aa600000|  0%| F|  |TAMS 0x00000000aa500000, 0x00000000aa500000| Untracked 
| 150|0x00000000aa600000, 0x00000000aa600000, 0x00000000aa700000|  0%| F|  |TAMS 0x00000000aa600000, 0x00000000aa600000| Untracked 
| 151|0x00000000aa700000, 0x00000000aa700000, 0x00000000aa800000|  0%| F|  |TAMS 0x00000000aa700000, 0x00000000aa700000| Untracked 
| 152|0x00000000aa800000, 0x00000000aa800000, 0x00000000aa900000|  0%| F|  |TAMS 0x00000000aa800000, 0x00000000aa800000| Untracked 
| 153|0x00000000aa900000, 0x00000000aa900000, 0x00000000aaa00000|  0%| F|  |TAMS 0x00000000aa900000, 0x00000000aa900000| Untracked 
| 154|0x00000000aaa00000, 0x00000000aaa00000, 0x00000000aab00000|  0%| F|  |TAMS 0x00000000aaa00000, 0x00000000aaa00000| Untracked 
| 155|0x00000000aab00000, 0x00000000aab00000, 0x00000000aac00000|  0%| F|  |TAMS 0x00000000aab00000, 0x00000000aab00000| Untracked 
| 156|0x00000000aac00000, 0x00000000aac00000, 0x00000000aad00000|  0%| F|  |TAMS 0x00000000aac00000, 0x00000000aac00000| Untracked 
| 157|0x00000000aad00000, 0x00000000aad00000, 0x00000000aae00000|  0%| F|  |TAMS 0x00000000aad00000, 0x00000000aad00000| Untracked 
| 158|0x00000000aae00000, 0x00000000aae00000, 0x00000000aaf00000|  0%| F|  |TAMS 0x00000000aae00000, 0x00000000aae00000| Untracked 
| 159|0x00000000aaf00000, 0x00000000aaf00000, 0x00000000ab000000|  0%| F|  |TAMS 0x00000000aaf00000, 0x00000000aaf00000| Untracked 
| 160|0x00000000ab000000, 0x00000000ab000000, 0x00000000ab100000|  0%| F|  |TAMS 0x00000000ab000000, 0x00000000ab000000| Untracked 
| 161|0x00000000ab100000, 0x00000000ab100000, 0x00000000ab200000|  0%| F|  |TAMS 0x00000000ab100000, 0x00000000ab100000| Untracked 
| 162|0x00000000ab200000, 0x00000000ab200800, 0x00000000ab300000|  0%| E|  |TAMS 0x00000000ab200000, 0x00000000ab200000| Complete 
| 163|0x00000000ab300000, 0x00000000ab400000, 0x00000000ab400000|100%| E|CS|TAMS 0x00000000ab300000, 0x00000000ab300000| Complete 
| 164|0x00000000ab400000, 0x00000000ab500000, 0x00000000ab500000|100%| E|CS|TAMS 0x00000000ab400000, 0x00000000ab400000| Complete 
| 165|0x00000000ab500000, 0x00000000ab600000, 0x00000000ab600000|100%| E|CS|TAMS 0x00000000ab500000, 0x00000000ab500000| Complete 
| 166|0x00000000ab600000, 0x00000000ab700000, 0x00000000ab700000|100%| E|CS|TAMS 0x00000000ab600000, 0x00000000ab600000| Complete 
| 167|0x00000000ab700000, 0x00000000ab800000, 0x00000000ab800000|100%| E|CS|TAMS 0x00000000ab700000, 0x00000000ab700000| Complete 

Card table byte_map: [0x000001e7590d0000,0x000001e7593d0000] _byte_map_base: 0x000001e758bc8000

Marking Bits (Prev, Next): (CMBitMap*) 0x000001e73f4261f0, (CMBitMap*) 0x000001e73f4261b8
 Prev Bits: [0x000001e75ae90000, 0x000001e75c650000)
 Next Bits: [0x000001e7596d0000, 0x000001e75ae90000)

Polling page: 0x000001e73f4d0000

Metaspace:

Usage:
  Non-class:     13.25 MB capacity,    13.13 MB (>99%) used,   102.27 KB ( <1%) free+waste,    19.13 KB ( <1%) overhead. 
      Class:      1.22 MB capacity,     1.13 MB ( 92%) used,    87.09 KB (  7%) free+waste,     7.00 KB ( <1%) overhead. 
       Both:     14.47 MB capacity,    14.26 MB ( 99%) used,   189.35 KB (  1%) free+waste,    26.13 KB ( <1%) overhead. 

Virtual space:
  Non-class space:       14.00 MB reserved,      13.50 MB ( 96%) committed 
      Class space:        1.00 GB reserved,       1.25 MB ( <1%) committed 
             Both:        1.01 GB reserved,      14.75 MB (  1%) committed 

Chunk freelists:
   Non-Class:  63.00 KB
       Class:  30.00 KB
        Both:  93.00 KB

MaxMetaspaceSize: 17179869184.00 GB
CompressedClassSpaceSize: 1.00 GB
Initial GC threshold: 20.80 MB
Current GC threshold: 24.59 MB
CDS: off

CodeHeap 'non-profiled nmethods': size=120000Kb used=1129Kb max_used=1129Kb free=118870Kb
 bounds [0x000001e750e40000, 0x000001e7510b0000, 0x000001e758370000]
CodeHeap 'profiled nmethods': size=120000Kb used=5768Kb max_used=5768Kb free=114231Kb
 bounds [0x000001e749910000, 0x000001e749ec0000, 0x000001e750e40000]
CodeHeap 'non-nmethods': size=5760Kb used=1161Kb max_used=1247Kb free=4598Kb
 bounds [0x000001e749370000, 0x000001e7495e0000, 0x000001e749910000]
 total_blobs=3021 nmethods=2597 adapters=337
 compilation: enabled
              stopped_count=0, restarted_count=0
 full_count=0

Compilation events (20 events):
Event: 6.258 Thread 0x000001e75f11b000 2660       4       java.util.regex.Pattern::newSlice (181 bytes)
Event: 6.259 Thread 0x000001e75f11f000 nmethod 2735 0x000001e749ea8590 code [0x000001e749ea87e0, 0x000001e749ea8f68]
Event: 6.277 Thread 0x000001e75f11f000 2739       2       java.util.zip.ZipEntry::setExtra0 (493 bytes)
Event: 6.281 Thread 0x000001e75f11f000 nmethod 2739 0x000001e749ea9390 code [0x000001e749ea9660, 0x000001e749eab448]
Event: 6.286 Thread 0x000001e75f11b000 nmethod 2660 0x000001e750f58290 code [0x000001e750f58480, 0x000001e750f58db8]
Event: 6.286 Thread 0x000001e75f11b000 2669       4       java.util.ArrayList::add (25 bytes)
Event: 6.291 Thread 0x000001e75f11b000 nmethod 2669 0x000001e750f59090 code [0x000001e750f59240, 0x000001e750f59818]
Event: 6.291 Thread 0x000001e75f11b000 2586 %     4       org.objectweb.asm.ClassReader::<init> @ 72 (257 bytes)
Event: 6.296 Thread 0x000001e75f11b000 nmethod 2586% 0x000001e750f59a90 code [0x000001e750f59c40, 0x000001e750f59fb8]
Event: 6.296 Thread 0x000001e75f11b000 2594       4       org.objectweb.asm.signature.SignatureReader::parseType (415 bytes)
Event: 6.324 Thread 0x000001e75f11f000 2742       2       org.objectweb.asm.commons.SignatureRemapper::visitFormalTypeParameter (9 bytes)
Event: 6.325 Thread 0x000001e75f11f000 nmethod 2742 0x000001e749eac290 code [0x000001e749eac440, 0x000001e749eac568]
Event: 6.325 Thread 0x000001e75f11f000 2743       2       org.objectweb.asm.signature.SignatureWriter::visitFormalTypeParameter (42 bytes)
Event: 6.325 Thread 0x000001e75f11f000 nmethod 2743 0x000001e749eac610 code [0x000001e749eac7e0, 0x000001e749eac988]
Event: 6.350 Thread 0x000001e75f11f000 2744 %     3       org.objectweb.asm.ClassReader::readParameterAnnotations @ 92 (140 bytes)
Event: 6.351 Thread 0x000001e75f11f000 nmethod 2744% 0x000001e749eacb10 code [0x000001e749eacd60, 0x000001e749ead6f8]
Event: 6.451 Thread 0x000001e75f11f000 2745       2       org.objectweb.asm.MethodVisitor::visitTableSwitchInsn (20 bytes)
Event: 6.451 Thread 0x000001e75f11f000 nmethod 2745 0x000001e749eadb90 code [0x000001e749eadd40, 0x000001e749eade68]
Event: 6.453 Thread 0x000001e75f11f000 2746       2       org.objectweb.asm.ByteVector::putLong (145 bytes)
Event: 6.454 Thread 0x000001e75f11f000 nmethod 2746 0x000001e749eadf10 code [0x000001e749eae0e0, 0x000001e749eae388]

GC Heap History (20 events):
Event: 5.780 GC heap before
{Heap before GC invocations=12 (full 0):
 garbage-first heap   total 118784K, used 95206K [0x00000000a1000000, 0x0000000100000000)
  region size 1024K, 48 young (49152K), 4 survivors (4096K)
 Metaspace       used 14576K, capacity 14849K, committed 15104K, reserved 1062912K
  class space    used 1161K, capacity 1241K, committed 1280K, reserved 1048576K
}
Event: 5.784 GC heap after
{Heap after GC invocations=13 (full 0):
 garbage-first heap   total 118784K, used 50604K [0x00000000a1000000, 0x0000000100000000)
  region size 1024K, 6 young (6144K), 6 survivors (6144K)
 Metaspace       used 14576K, capacity 14849K, committed 15104K, reserved 1062912K
  class space    used 1161K, capacity 1241K, committed 1280K, reserved 1048576K
}
Event: 5.850 GC heap before
{Heap before GC invocations=13 (full 0):
 garbage-first heap   total 118784K, used 93612K [0x00000000a1000000, 0x0000000100000000)
  region size 1024K, 46 young (47104K), 6 survivors (6144K)
 Metaspace       used 14579K, capacity 14850K, committed 15104K, reserved 1062912K
  class space    used 1161K, capacity 1241K, committed 1280K, reserved 1048576K
}
Event: 5.856 GC heap after
{Heap after GC invocations=14 (full 0):
 garbage-first heap   total 118784K, used 55539K [0x00000000a1000000, 0x0000000100000000)
  region size 1024K, 6 young (6144K), 6 survivors (6144K)
 Metaspace       used 14579K, capacity 14850K, committed 15104K, reserved 1062912K
  class space    used 1161K, capacity 1241K, committed 1280K, reserved 1048576K
}
Event: 5.926 GC heap before
{Heap before GC invocations=14 (full 0):
 garbage-first heap   total 118784K, used 74995K [0x00000000a1000000, 0x0000000100000000)
  region size 1024K, 24 young (24576K), 6 survivors (6144K)
 Metaspace       used 14580K, capacity 14850K, committed 15104K, reserved 1062912K
  class space    used 1161K, capacity 1241K, committed 1280K, reserved 1048576K
}
Event: 5.931 GC heap after
{Heap after GC invocations=15 (full 0):
 garbage-first heap   total 118784K, used 58972K [0x00000000a1000000, 0x0000000100000000)
  region size 1024K, 5 young (5120K), 5 survivors (5120K)
 Metaspace       used 14580K, capacity 14850K, committed 15104K, reserved 1062912K
  class space    used 1161K, capacity 1241K, committed 1280K, reserved 1048576K
}
Event: 6.021 GC heap before
{Heap before GC invocations=16 (full 0):
 garbage-first heap   total 118784K, used 86620K [0x00000000a1000000, 0x0000000100000000)
  region size 1024K, 38 young (38912K), 5 survivors (5120K)
 Metaspace       used 14542K, capacity 14787K, committed 15104K, reserved 1062912K
  class space    used 1148K, capacity 1218K, committed 1280K, reserved 1048576K
}
Event: 6.026 GC heap after
{Heap after GC invocations=17 (full 0):
 garbage-first heap   total 143360K, used 56615K [0x00000000a1000000, 0x0000000100000000)
  region size 1024K, 5 young (5120K), 5 survivors (5120K)
 Metaspace       used 14542K, capacity 14787K, committed 15104K, reserved 1062912K
  class space    used 1148K, capacity 1218K, committed 1280K, reserved 1048576K
}
Event: 6.030 GC heap before
{Heap before GC invocations=17 (full 0):
 garbage-first heap   total 143360K, used 59687K [0x00000000a1000000, 0x0000000100000000)
  region size 1024K, 7 young (7168K), 5 survivors (5120K)
 Metaspace       used 14542K, capacity 14787K, committed 15104K, reserved 1062912K
  class space    used 1148K, capacity 1218K, committed 1280K, reserved 1048576K
}
Event: 6.032 GC heap after
{Heap after GC invocations=18 (full 0):
 garbage-first heap   total 143360K, used 43705K [0x00000000a1000000, 0x0000000100000000)
  region size 1024K, 1 young (1024K), 1 survivors (1024K)
 Metaspace       used 14542K, capacity 14787K, committed 15104K, reserved 1062912K
  class space    used 1148K, capacity 1218K, committed 1280K, reserved 1048576K
}
Event: 6.041 GC heap before
{Heap before GC invocations=18 (full 0):
 garbage-first heap   total 143360K, used 48825K [0x00000000a1000000, 0x0000000100000000)
  region size 1024K, 7 young (7168K), 1 survivors (1024K)
 Metaspace       used 14542K, capacity 14787K, committed 15104K, reserved 1062912K
  class space    used 1148K, capacity 1218K, committed 1280K, reserved 1048576K
}
Event: 6.043 GC heap after
{Heap after GC invocations=19 (full 0):
 garbage-first heap   total 143360K, used 33416K [0x00000000a1000000, 0x0000000100000000)
  region size 1024K, 1 young (1024K), 1 survivors (1024K)
 Metaspace       used 14542K, capacity 14787K, committed 15104K, reserved 1062912K
  class space    used 1148K, capacity 1218K, committed 1280K, reserved 1048576K
}
Event: 6.130 GC heap before
{Heap before GC invocations=19 (full 0):
 garbage-first heap   total 143360K, used 96904K [0x00000000a1000000, 0x0000000100000000)
  region size 1024K, 59 young (60416K), 1 survivors (1024K)
 Metaspace       used 14543K, capacity 14787K, committed 15104K, reserved 1062912K
  class space    used 1148K, capacity 1218K, committed 1280K, reserved 1048576K
}
Event: 6.135 GC heap after
{Heap after GC invocations=20 (full 0):
 garbage-first heap   total 143360K, used 39351K [0x00000000a1000000, 0x0000000100000000)
  region size 1024K, 7 young (7168K), 7 survivors (7168K)
 Metaspace       used 14543K, capacity 14787K, committed 15104K, reserved 1062912K
  class space    used 1148K, capacity 1218K, committed 1280K, reserved 1048576K
}
Event: 6.200 GC heap before
{Heap before GC invocations=20 (full 0):
 garbage-first heap   total 143360K, used 96695K [0x00000000a1000000, 0x0000000100000000)
  region size 1024K, 64 young (65536K), 7 survivors (7168K)
 Metaspace       used 14544K, capacity 14787K, committed 15104K, reserved 1062912K
  class space    used 1148K, capacity 1218K, committed 1280K, reserved 1048576K
}
Event: 6.203 GC heap after
{Heap after GC invocations=21 (full 0):
 garbage-first heap   total 143360K, used 41213K [0x00000000a1000000, 0x0000000100000000)
  region size 1024K, 4 young (4096K), 4 survivors (4096K)
 Metaspace       used 14544K, capacity 14787K, committed 15104K, reserved 1062912K
  class space    used 1148K, capacity 1218K, committed 1280K, reserved 1048576K
}
Event: 6.262 GC heap before
{Heap before GC invocations=21 (full 0):
 garbage-first heap   total 143360K, used 99581K [0x00000000a1000000, 0x0000000100000000)
  region size 1024K, 62 young (63488K), 4 survivors (4096K)
 Metaspace       used 14547K, capacity 14787K, committed 15104K, reserved 1062912K
  class space    used 1148K, capacity 1218K, committed 1280K, reserved 1048576K
}
Event: 6.264 GC heap after
{Heap after GC invocations=22 (full 0):
 garbage-first heap   total 143360K, used 42337K [0x00000000a1000000, 0x0000000100000000)
  region size 1024K, 5 young (5120K), 5 survivors (5120K)
 Metaspace       used 14547K, capacity 14787K, committed 15104K, reserved 1062912K
  class space    used 1148K, capacity 1218K, committed 1280K, reserved 1048576K
}
Event: 6.356 GC heap before
{Heap before GC invocations=22 (full 0):
 garbage-first heap   total 143360K, used 102753K [0x00000000a1000000, 0x0000000100000000)
  region size 1024K, 64 young (65536K), 5 survivors (5120K)
 Metaspace       used 14548K, capacity 14787K, committed 15104K, reserved 1062912K
  class space    used 1148K, capacity 1218K, committed 1280K, reserved 1048576K
}
Event: 6.359 GC heap after
{Heap after GC invocations=23 (full 0):
 garbage-first heap   total 172032K, used 42656K [0x00000000a1000000, 0x0000000100000000)
  region size 1024K, 4 young (4096K), 4 survivors (4096K)
 Metaspace       used 14548K, capacity 14787K, committed 15104K, reserved 1062912K
  class space    used 1148K, capacity 1218K, committed 1280K, reserved 1048576K
}

Deoptimization events (20 events):
Event: 6.453 Thread 0x000001e75fbea000 DEOPT PACKING pc=0x000001e749c62be8 sp=0x0000006597efea10
Event: 6.453 Thread 0x000001e75fbea000 DEOPT UNPACKING pc=0x000001e7493ba95e sp=0x0000006597efdf18 mode 0
Event: 6.455 Thread 0x000001e75fbea000 DEOPT PACKING pc=0x000001e749d3900f sp=0x0000006597efe460
Event: 6.455 Thread 0x000001e75fbea000 DEOPT UNPACKING pc=0x000001e7493ba95e sp=0x0000006597efdba0 mode 0
Event: 6.460 Thread 0x000001e75fbea000 DEOPT PACKING pc=0x000001e749da439f sp=0x0000006597efec90
Event: 6.460 Thread 0x000001e75fbea000 DEOPT UNPACKING pc=0x000001e7493ba95e sp=0x0000006597efe120 mode 0
Event: 6.466 Thread 0x000001e75fbea000 DEOPT PACKING pc=0x000001e749d3900f sp=0x0000006597efe460
Event: 6.466 Thread 0x000001e75fbea000 DEOPT UNPACKING pc=0x000001e7493ba95e sp=0x0000006597efdba0 mode 0
Event: 6.470 Thread 0x000001e75fbea000 DEOPT PACKING pc=0x000001e749d3900f sp=0x0000006597efe460
Event: 6.470 Thread 0x000001e75fbea000 DEOPT UNPACKING pc=0x000001e7493ba95e sp=0x0000006597efdba0 mode 0
Event: 6.476 Thread 0x000001e75fbea000 DEOPT PACKING pc=0x000001e749da439f sp=0x0000006597efec90
Event: 6.476 Thread 0x000001e75fbea000 DEOPT UNPACKING pc=0x000001e7493ba95e sp=0x0000006597efe120 mode 0
Event: 6.479 Thread 0x000001e75fbea000 DEOPT PACKING pc=0x000001e749d3900f sp=0x0000006597efe460
Event: 6.479 Thread 0x000001e75fbea000 DEOPT UNPACKING pc=0x000001e7493ba95e sp=0x0000006597efdba0 mode 0
Event: 6.480 Thread 0x000001e75fbea000 DEOPT PACKING pc=0x000001e749c62be8 sp=0x0000006597efea10
Event: 6.480 Thread 0x000001e75fbea000 DEOPT UNPACKING pc=0x000001e7493ba95e sp=0x0000006597efdf18 mode 0
Event: 6.483 Thread 0x000001e75fbea000 DEOPT PACKING pc=0x000001e749d3900f sp=0x0000006597efe460
Event: 6.483 Thread 0x000001e75fbea000 DEOPT UNPACKING pc=0x000001e7493ba95e sp=0x0000006597efdba0 mode 0
Event: 6.489 Thread 0x000001e75fbea000 DEOPT PACKING pc=0x000001e749da439f sp=0x0000006597efec90
Event: 6.490 Thread 0x000001e75fbea000 DEOPT UNPACKING pc=0x000001e7493ba95e sp=0x0000006597efe120 mode 0

Classes redefined (0 events):
No events

Internal exceptions (9 events):
Event: 0.180 Thread 0x000001e73f3ed000 Exception <a 'java/lang/NoSuchMethodError'{0x00000000a6eea650}: 'int java.lang.invoke.DirectMethodHandle$Holder.invokeSpecialIFC(java.lang.Object, java.lang.Object, int)'> (0x00000000a6eea650) thrown at [./src/hotspot/share/interpreter/linkResolver.cpp, line 773]
Event: 0.631 Thread 0x000001e75fbe8800 Exception <a 'java/lang/NoSuchMethodError'{0x00000000a5bea3c8}: 'java.lang.Object java.lang.invoke.DirectMethodHandle$Holder.invokeStatic(java.lang.Object, java.lang.Object, java.lang.Object, java.lang.Object, java.lang.Object, java.lang.Object, java.lang.Object, java.lang.Object, java.lang.Object, java.lang.Object, java.lang.Object, java.lang.Object, java.lang.Object, java.lang.Object, java.lang.Object)'> (0x00000000a5bea3c8) thrown at [./src/hotspot/share/interpreter/linkResolver.cpp, line 773]
Event: 0.634 Thread 0x000001e75fbe8800 Exception <a 'java/lang/NoSuchMethodError'{0x00000000a5bf8378}: 'java.lang.Object java.lang.invoke.DirectMethodHandle$Holder.invokeStatic(java.lang.Object, java.lang.Object, java.lang.Object, java.lang.Object, java.lang.Object, java.lang.Object, java.lang.Object, java.lang.Object, java.lang.Object, java.lang.Object, java.lang.Object, java.lang.Object, java.lang.Object, java.lang.Object, java.lang.Object, java.lang.Object)'> (0x00000000a5bf8378) thrown at [./src/hotspot/share/interpreter/linkResolver.cpp, l
Event: 0.637 Thread 0x000001e75fbe8800 Exception <a 'java/lang/NoSuchMethodError'{0x00000000a5a079c0}: 'java.lang.Object java.lang.invoke.DirectMethodHandle$Holder.invokeSpecial(java.lang.Object, java.lang.Object, int, int, java.lang.Object, java.lang.Object, java.lang.Object)'> (0x00000000a5a079c0) thrown at [./src/hotspot/share/interpreter/linkResolver.cpp, line 773]
Event: 0.637 Thread 0x000001e75fbe8800 Exception <a 'java/lang/NoSuchMethodError'{0x00000000a5a0af50}: 'java.lang.Object java.lang.invoke.DelegatingMethodHandle$Holder.reinvoke_L(java.lang.Object, int, int, java.lang.Object, java.lang.Object, java.lang.Object)'> (0x00000000a5a0af50) thrown at [./src/hotspot/share/interpreter/linkResolver.cpp, line 773]
Event: 0.638 Thread 0x000001e75fbe8800 Exception <a 'java/lang/NoSuchMethodError'{0x00000000a5a0f3d0}: 'java.lang.Object java.lang.invoke.DirectMethodHandle$Holder.invokeStatic(java.lang.Object, java.lang.Object, java.lang.Object, java.lang.Object, int)'> (0x00000000a5a0f3d0) thrown at [./src/hotspot/share/interpreter/linkResolver.cpp, line 773]
Event: 3.341 Thread 0x000001e75fbec800 Exception <a 'sun/nio/fs/WindowsException'{0x00000000a7077298}> (0x00000000a7077298) thrown at [./src/hotspot/share/prims/jni.cpp, line 617]
Event: 3.342 Thread 0x000001e75fbec800 Exception <a 'sun/nio/fs/WindowsException'{0x00000000a7077c38}> (0x00000000a7077c38) thrown at [./src/hotspot/share/prims/jni.cpp, line 617]
Event: 3.379 Thread 0x000001e75fbec800 Exception <a 'java/lang/NoSuchMethodError'{0x00000000a70fcbf0}: 'java.lang.Object java.lang.invoke.DirectMethodHandle$Holder.invokeStatic(java.lang.Object, int, java.lang.Object)'> (0x00000000a70fcbf0) thrown at [./src/hotspot/share/interpreter/linkResolver.cpp, line 773]

Events (20 events):
Event: 5.963 Executing VM operation: CGC_Operation
Event: 5.968 Executing VM operation: CGC_Operation done
Event: 5.969 Executing VM operation: BulkRevokeBias
Event: 5.970 Executing VM operation: BulkRevokeBias done
Event: 5.978 Executing VM operation: CGC_Operation
Event: 5.978 Executing VM operation: CGC_Operation done
Event: 6.020 Executing VM operation: G1CollectForAllocation
Event: 6.026 Executing VM operation: G1CollectForAllocation done
Event: 6.030 Executing VM operation: G1CollectForAllocation
Event: 6.032 Executing VM operation: G1CollectForAllocation done
Event: 6.041 Executing VM operation: G1CollectForAllocation
Event: 6.043 Executing VM operation: G1CollectForAllocation done
Event: 6.130 Executing VM operation: G1CollectForAllocation
Event: 6.135 Executing VM operation: G1CollectForAllocation done
Event: 6.200 Executing VM operation: G1CollectForAllocation
Event: 6.203 Executing VM operation: G1CollectForAllocation done
Event: 6.261 Executing VM operation: G1CollectForAllocation
Event: 6.264 Executing VM operation: G1CollectForAllocation done
Event: 6.356 Executing VM operation: G1CollectForAllocation
Event: 6.359 Executing VM operation: G1CollectForAllocation done


Dynamic libraries:
0x00007ff705470000 - 0x00007ff70547d000 	C:\Program Files\Microsoft\jdk-11.0.16.101-hotspot\bin\java.exe
0x00007ffb08750000 - 0x00007ffb08948000 	C:\WINDOWS\SYSTEM32\ntdll.dll
0x00007ffb07800000 - 0x00007ffb078bf000 	C:\WINDOWS\System32\KERNEL32.DLL
0x00007ffb05f60000 - 0x00007ffb06256000 	C:\WINDOWS\System32\KERNELBASE.dll
0x00007ffb06530000 - 0x00007ffb06630000 	C:\WINDOWS\System32\ucrtbase.dll
0x00007ffafdb50000 - 0x00007ffafdb67000 	C:\Program Files\Microsoft\jdk-11.0.16.101-hotspot\bin\jli.dll
0x00007ffafdb30000 - 0x00007ffafdb45000 	C:\Program Files\Microsoft\jdk-11.0.16.101-hotspot\bin\VCRUNTIME140.dll
0x00007ffb07660000 - 0x00007ffb077fd000 	C:\WINDOWS\System32\USER32.dll
0x00007ffaf0250000 - 0x00007ffaf04ea000 	C:\WINDOWS\WinSxS\amd64_microsoft.windows.common-controls_6595b64144ccf1df_6.0.19041.1110_none_60b5254171f9507e\COMCTL32.dll
0x00007ffb06780000 - 0x00007ffb067a2000 	C:\WINDOWS\System32\win32u.dll
0x00007ffb07b30000 - 0x00007ffb07b5c000 	C:\WINDOWS\System32\GDI32.dll
0x00007ffb06b20000 - 0x00007ffb06bbe000 	C:\WINDOWS\System32\msvcrt.dll
0x00007ffb06260000 - 0x00007ffb06375000 	C:\WINDOWS\System32\gdi32full.dll
0x00007ffb05e30000 - 0x00007ffb05ecd000 	C:\WINDOWS\System32\msvcp_win.dll
0x00007ffb068c0000 - 0x00007ffb068f0000 	C:\WINDOWS\System32\IMM32.DLL
0x00007ffae19d0000 - 0x00007ffae1a6b000 	C:\Program Files\Microsoft\jdk-11.0.16.101-hotspot\bin\msvcp140.dll
0x00007ffabf5c0000 - 0x00007ffac014a000 	C:\Program Files\Microsoft\jdk-11.0.16.101-hotspot\bin\server\jvm.dll
0x00007ffb06fc0000 - 0x00007ffb0706f000 	C:\WINDOWS\System32\ADVAPI32.dll
0x00007ffb08390000 - 0x00007ffb0842c000 	C:\WINDOWS\System32\sechost.dll
0x00007ffb06950000 - 0x00007ffb06a76000 	C:\WINDOWS\System32\RPCRT4.dll
0x00007ffb07b20000 - 0x00007ffb07b28000 	C:\WINDOWS\System32\PSAPI.DLL
0x00007ffb01900000 - 0x00007ffb01909000 	C:\WINDOWS\SYSTEM32\WSOCK32.dll
0x00007ffafc180000 - 0x00007ffafc1a7000 	C:\WINDOWS\SYSTEM32\WINMM.dll
0x00007ffafc1b0000 - 0x00007ffafc1ba000 	C:\WINDOWS\SYSTEM32\VERSION.dll
0x00007ffb07180000 - 0x00007ffb071eb000 	C:\WINDOWS\System32\WS2_32.dll
0x00007ffb03ca0000 - 0x00007ffb03cb2000 	C:\WINDOWS\SYSTEM32\kernel.appcore.dll
0x00007ffafff90000 - 0x00007ffafffa0000 	C:\Program Files\Microsoft\jdk-11.0.16.101-hotspot\bin\verify.dll
0x00007ffaf7e50000 - 0x00007ffaf8034000 	C:\WINDOWS\SYSTEM32\DBGHELP.DLL
0x00007ffaea4b0000 - 0x00007ffaea4e4000 	C:\WINDOWS\SYSTEM32\dbgcore.DLL
0x00007ffb05ed0000 - 0x00007ffb05f52000 	C:\WINDOWS\System32\bcryptPrimitives.dll
0x00007ffaed5c0000 - 0x00007ffaed5e8000 	C:\Program Files\Microsoft\jdk-11.0.16.101-hotspot\bin\java.dll
0x00007ffaff660000 - 0x00007ffaff66a000 	C:\Program Files\Microsoft\jdk-11.0.16.101-hotspot\bin\jimage.dll
0x00007ffaed5a0000 - 0x00007ffaed5b8000 	C:\Program Files\Microsoft\jdk-11.0.16.101-hotspot\bin\zip.dll
0x00007ffb07b60000 - 0x00007ffb082a4000 	C:\WINDOWS\System32\SHELL32.dll
0x00007ffb03ea0000 - 0x00007ffb04633000 	C:\WINDOWS\SYSTEM32\windows.storage.dll
0x00007ffb06c60000 - 0x00007ffb06fb4000 	C:\WINDOWS\System32\combase.dll
0x00007ffb057a0000 - 0x00007ffb057ce000 	C:\WINDOWS\SYSTEM32\Wldp.dll
0x00007ffb07070000 - 0x00007ffb0711d000 	C:\WINDOWS\System32\SHCORE.dll
0x00007ffb068f0000 - 0x00007ffb06945000 	C:\WINDOWS\System32\shlwapi.dll
0x00007ffb05d70000 - 0x00007ffb05d8f000 	C:\WINDOWS\SYSTEM32\profapi.dll
0x00007ffaed0d0000 - 0x00007ffaed0e9000 	C:\Program Files\Microsoft\jdk-11.0.16.101-hotspot\bin\net.dll
0x00007ffafe440000 - 0x00007ffafe54a000 	C:\WINDOWS\SYSTEM32\WINHTTP.dll
0x00007ffb05580000 - 0x00007ffb055ea000 	C:\WINDOWS\system32\mswsock.dll
0x00007ffaec880000 - 0x00007ffaec893000 	C:\Program Files\Microsoft\jdk-11.0.16.101-hotspot\bin\nio.dll

dbghelp: loaded successfully - version: 4.0.5 - missing functions: none
symbol engine: initialized successfully - sym options: 0x614 - pdb path: .;C:\Program Files\Microsoft\jdk-11.0.16.101-hotspot\bin;C:\WINDOWS\SYSTEM32;C:\WINDOWS\WinSxS\amd64_microsoft.windows.common-controls_6595b64144ccf1df_6.0.19041.1110_none_60b5254171f9507e;C:\Program Files\Microsoft\jdk-11.0.16.101-hotspot\bin\server

VM Arguments:
java_command: com.xamarin.androidx.jetifierWrapper.Main -intermediate obj\Release\130\androidx\_AndroidXJetifyEmbeddedFiles.jetify -parallel
java_class_path (initial): C:\Users\dinco\.nuget\packages\xamarin.androidx.migration\1.0.8\buildTransitive\monoandroid90\Tools/JetifierWrapper/jetifierWrapper-1.0.jar
Launcher Type: SUN_STANDARD

[Global flags]
     intx CICompilerCount                          = 4                                         {product} {ergonomic}
     uint ConcGCThreads                            = 2                                         {product} {ergonomic}
     uint G1ConcRefinementThreads                  = 8                                         {product} {ergonomic}
   size_t G1HeapRegionSize                         = 1048576                                   {product} {ergonomic}
    uintx GCDrainStackTargetSize                   = 64                                        {product} {ergonomic}
   size_t InitialHeapSize                          = 100663296                                 {product} {ergonomic}
   size_t MarkStackSize                            = 4194304                                   {product} {ergonomic}
   size_t MaxHeapSize                              = 1593835520                                {product} {ergonomic}
   size_t MaxNewSize                               = 956301312                                 {product} {ergonomic}
   size_t MinHeapDeltaBytes                        = 1048576                                   {product} {ergonomic}
    uintx NonNMethodCodeHeapSize                   = 5836300                                {pd product} {ergonomic}
    uintx NonProfiledCodeHeapSize                  = 122910970                              {pd product} {ergonomic}
    uintx ProfiledCodeHeapSize                     = 122910970                              {pd product} {ergonomic}
    uintx ReservedCodeCacheSize                    = 251658240                              {pd product} {ergonomic}
     bool SegmentedCodeCache                       = true                                      {product} {ergonomic}
     bool UseCompressedClassPointers               = true                                 {lp64_product} {ergonomic}
     bool UseCompressedOops                        = true                                 {lp64_product} {ergonomic}
     bool UseG1GC                                  = true                                      {product} {ergonomic}
     bool UseLargePagesIndividualAllocation        = false                                  {pd product} {ergonomic}

Logging:
Log output configuration:
 #0: stdout all=warning uptime,level,tags
 #1: stderr all=off uptime,level,tags

Environment Variables:
PATH=D:\VMWare17Pro\bin\;C:\Program Files\Microsoft\jdk-11.0.16.101-hotspot\bin;C:\Program Files (x86)\Microsoft SDKs\Azure\CLI2\wbin;C:\Program Files\Common Files\Oracle\Java\javapath;C:\Program Files (x86)\Common Files\Oracle\Java\javapath;D:\01_Anul IV\Sem I\SI\JDK 11\bin;D:\Oracle\product\11.2.0\client_1;D:\Oracle\product\11.2.0\client_1\bin;C:\Windows\system32;C:\Windows;C:\Windows\System32\Wbem;C:\Windows\System32\WindowsPowerShell\v1.0\;C:\Windows\System32\OpenSSH\;C:\Program Files\NVIDIA Corporation\NVIDIA NvDLISR;C:\Program Files (x86)\NVIDIA Corporation\PhysX\Common;C:\WINDOWS\system32;C:\WINDOWS;C:\WINDOWS\System32\Wbem;C:\WINDOWS\System32\WindowsPowerShell\v1.0\;C:\WINDOWS\System32\OpenSSH\;C:\Program Files\Microsoft SQL Server\130\Tools\Binn\;D:\Git\cmd;D:\NodeJS\;C:\Program Files (x86)\Microsoft SQL Server\160\DTS\Binn\;C:\Program Files\Microsoft SQL Server\150\Tools\Binn\;C:\Program Files\Microsoft SQL Server\Client SDK\ODBC\170\Tools\Binn\;C:\Program Files\dotnet\;D:\Putty\;C:\Program Files\MySQL\MySQL Shell 8.0\bin\;D:\Tizen SDK\tools\ide\bin;C:\Users\dinco\AppData\Local\Programs\Python\Python310\Scripts\;C:\Users\dinco\AppData\Local\Programs\Python\Python310\;C:\Users\dinco\AppData\Local\Microsoft\WindowsApps;C:\Users\dinco\AppData\Local\GitHubDesktop\bin;D:\Microsoft VS Code\bin;C:\Users\dinco\.dotnet\tools;C:\Users\dinco\AppData\Roaming\npm;C:\Program Files\Azure Data Studio\bin;C:\Users\dinco\.dotnet\tools;D:\ModelSim\modelsim_ase\win32aloem
USERNAME=dinco
OS=Windows_NT
PROCESSOR_IDENTIFIER=AMD64 Family 23 Model 24 Stepping 1, AuthenticAMD
TMP=C:\Users\dinco\AppData\Local\Temp
TEMP=C:\Users\dinco\AppData\Local\Temp



---------------  S Y S T E M  ---------------

OS: Windows 10 , 64 bit Build 19041 (10.0.19041.3031)
OS uptime: 14 days 7:17 hours
Hyper-V role detected

CPU:total 8 (initial active 8) (8 cores per cpu, 2 threads per core) family 23 model 24 stepping 1 microcode 0x0, cmov, cx8, fxsr, mmx, sse, sse2, sse3, ssse3, sse4.1, sse4.2, popcnt, avx, avx2, aes, clmul, mmxext, 3dnowpref, lzcnt, sse4a, ht, tsc, tscinvbit, tscinv, bmi1, bmi2, adx, sha, fma

Memory: 4k page, system-wide physical 6076M (230M free)
TotalPageFile size 24508M (AvailPageFile size 6M)
current process WorkingSet (physical memory assigned to process): 282M, peak: 282M
current process commit charge ("private bytes"): 323M, peak: 326M

vm_info: OpenJDK 64-Bit Server VM (11.0.16.1+1-LTS) for windows-amd64 JRE (11.0.16.1+1-LTS), built on Aug 20 2022 20:09:04 by "" with MS VC++ 15.9 (VS2017)

END.
